#
# There is insufficient memory for the Java Runtime Environment to continue.
# Native memory allocation (malloc) failed to allocate 1246896 bytes for Chunk::new
# Possible reasons:
#   The system is out of physical RAM or swap space
#   The process is running with CompressedOops enabled, and the Java Heap may be blocking the growth of the native heap
# Possible solutions:
#   Reduce memory load on the system
#   Increase physical memory or swap space
#   Check if swap backing store is full
#   Decrease Java heap size (-Xmx/-Xms)
#   Decrease number of Java threads
#   Decrease Java thread stack sizes (-Xss)
#   Set larger code cache with -XX:ReservedCodeCacheSize=
#   JVM is running with Unscaled Compressed Oops mode in which the Java heap is
#     placed in the first 4GB address space. The Java Heap base address is the
#     maximum limit for the native heap growth. Please use -XX:HeapBaseMinAddress
#     to set the Java Heap base and to place the Java Heap above 4GB virtual address.
# This output file may be truncated or incomplete.
#
#  Out of Memory Error (arena.cpp:189), pid=6956, tid=13844
#
# JRE version: OpenJDK Runtime Environment Temurin-17.0.5+8 (17.0.5+8) (build 17.0.5+8)
# Java VM: OpenJDK 64-Bit Server VM Temurin-17.0.5+8 (17.0.5+8, mixed mode, tiered, compressed oops, compressed class ptrs, parallel gc, windows-amd64)
# No core dump will be written. Minidumps are not enabled by default on client versions of Windows
#

---------------  S U M M A R Y ------------

Command Line: --add-modules=ALL-SYSTEM --add-opens=java.base/java.util=ALL-UNNAMED --add-opens=java.base/java.lang=ALL-UNNAMED --add-opens=java.base/sun.nio.fs=ALL-UNNAMED -Declipse.application=org.eclipse.jdt.ls.core.id1 -Dosgi.bundles.defaultStartLevel=4 -Declipse.product=org.eclipse.jdt.ls.core.product -Djava.import.generatesMetadataFilesAtProjectRoot=false -Dfile.encoding=utf8 -XX:+UseParallelGC -XX:GCTimeRatio=4 -XX:AdaptiveSizePolicyWeight=90 -Dsun.zip.disableMemoryMapping=true -Xmx1G -Xms100m -Xlog:disable -javaagent:c:\Users\sethu\.vscode\extensions\redhat.java-1.14.0-win32-x64\lombok\lombok-1.18.24.jar -XX:+HeapDumpOnOutOfMemoryError -XX:HeapDumpPath=c:\Users\sethu\AppData\Roaming\Code\User\workspaceStorage\04825ca620fa067f5a8a09fabb58348a\redhat.java c:\Users\sethu\.vscode\extensions\redhat.java-1.14.0-win32-x64\server\plugins\org.eclipse.equinox.launcher_1.6.400.v20210924-0641.jar -configuration c:\Users\sethu\AppData\Roaming\Code\User\globalStorage\redhat.java\1.14.0\config_win -data c:\Users\sethu\AppData\Roaming\Code\User\workspaceStorage\04825ca620fa067f5a8a09fabb58348a\redhat.java\jdt_ws

Host: AMD Ryzen 7 4700U with Radeon Graphics         , 8 cores, 7G,  Windows 11 , 64 bit Build 22000 (10.0.22000.1335)
Time: Mon Jan 23 21:58:57 2023 India Standard Time elapsed time: 3.118114 seconds (0d 0h 0m 3s)

---------------  T H R E A D  ---------------

Current thread (0x0000025081a79ea0):  JavaThread "C2 CompilerThread0" daemon [_thread_in_native, id=13844, stack(0x0000007813100000,0x0000007813200000)]


Current CompileTask:
C2:   3118 3157   !   4       org.eclipse.osgi.internal.loader.classpath.ClasspathManager::findClassImpl (308 bytes)

Stack: [0x0000007813100000,0x0000007813200000]
Native frames: (J=compiled Java code, j=interpreted, Vv=VM code, C=native code)
V  [jvm.dll+0x676b3a]
V  [jvm.dll+0x831444]
V  [jvm.dll+0x832bee]
V  [jvm.dll+0x833253]
V  [jvm.dll+0x244ce5]
V  [jvm.dll+0xabbac]
V  [jvm.dll+0xac17c]
V  [jvm.dll+0x362d02]
V  [jvm.dll+0x32d591]
V  [jvm.dll+0x32ca3a]
V  [jvm.dll+0x217b51]
V  [jvm.dll+0x216f71]
V  [jvm.dll+0x1a343d]
V  [jvm.dll+0x22698a]
V  [jvm.dll+0x224ac5]
V  [jvm.dll+0x7e727b]
V  [jvm.dll+0x7e17ea]
V  [jvm.dll+0x6759e5]
C  [ucrtbase.dll+0x26c0c]
C  [KERNEL32.DLL+0x155a0]
C  [ntdll.dll+0x485b]


---------------  P R O C E S S  ---------------

Threads class SMR info:
_java_thread_list=0x00000250861965b0, length=26, elements={
0x00000250ea1c9270, 0x00000250ea283020, 0x00000250ea2846a0, 0x0000025081a6df00,
0x0000025081a6e3d0, 0x0000025081a6ec90, 0x0000025081a6f550, 0x0000025081a79ea0,
0x0000025081a7f9e0, 0x0000025081a80b00, 0x00000250ea22f0f0, 0x0000025081da3b60,
0x0000025082f5ba80, 0x0000025082f56670, 0x0000025082f56b40, 0x0000025084020530,
0x0000025083f033b0, 0x0000025083fd05b0, 0x0000025084305f40, 0x0000025083cde620,
0x0000025084990b90, 0x0000025083cde150, 0x0000025083cdeaf0, 0x0000025083cdd7b0,
0x0000025083cdf490, 0x0000025083cdefc0
}

Java Threads: ( => current thread )
  0x00000250ea1c9270 JavaThread "main" [_thread_blocked, id=15148, stack(0x0000007812800000,0x0000007812900000)]
  0x00000250ea283020 JavaThread "Reference Handler" daemon [_thread_blocked, id=10224, stack(0x0000007812b00000,0x0000007812c00000)]
  0x00000250ea2846a0 JavaThread "Finalizer" daemon [_thread_blocked, id=9332, stack(0x0000007812c00000,0x0000007812d00000)]
  0x0000025081a6df00 JavaThread "Signal Dispatcher" daemon [_thread_blocked, id=10404, stack(0x0000007812d00000,0x0000007812e00000)]
  0x0000025081a6e3d0 JavaThread "Attach Listener" daemon [_thread_blocked, id=2012, stack(0x0000007812e00000,0x0000007812f00000)]
  0x0000025081a6ec90 JavaThread "Service Thread" daemon [_thread_blocked, id=9480, stack(0x0000007812f00000,0x0000007813000000)]
  0x0000025081a6f550 JavaThread "Monitor Deflation Thread" daemon [_thread_blocked, id=9908, stack(0x0000007813000000,0x0000007813100000)]
=>0x0000025081a79ea0 JavaThread "C2 CompilerThread0" daemon [_thread_in_native, id=13844, stack(0x0000007813100000,0x0000007813200000)]
  0x0000025081a7f9e0 JavaThread "C1 CompilerThread0" daemon [_thread_blocked, id=8472, stack(0x0000007813200000,0x0000007813300000)]
  0x0000025081a80b00 JavaThread "Sweeper thread" daemon [_thread_blocked, id=8600, stack(0x0000007813300000,0x0000007813400000)]
  0x00000250ea22f0f0 JavaThread "Common-Cleaner" daemon [_thread_blocked, id=3632, stack(0x0000007813400000,0x0000007813500000)]
  0x0000025081da3b60 JavaThread "Notification Thread" daemon [_thread_blocked, id=3556, stack(0x0000007813500000,0x0000007813600000)]
  0x0000025082f5ba80 JavaThread "Active Thread: Equinox Container: 0d5342e2-db94-443b-9e29-4a04862f285c" [_thread_blocked, id=6396, stack(0x0000007813800000,0x0000007813900000)]
  0x0000025082f56670 JavaThread "Framework Event Dispatcher: Equinox Container: 0d5342e2-db94-443b-9e29-4a04862f285c" daemon [_thread_blocked, id=15280, stack(0x0000007813f00000,0x0000007814000000)]
  0x0000025082f56b40 JavaThread "Start Level: Equinox Container: 0d5342e2-db94-443b-9e29-4a04862f285c" daemon [_thread_blocked, id=10640, stack(0x0000007814000000,0x0000007814100000)]
  0x0000025084020530 JavaThread "SCR Component Actor" daemon [_thread_blocked, id=17136, stack(0x0000007814100000,0x0000007814200000)]
  0x0000025083f033b0 JavaThread "SCR Component Registry" daemon [_thread_blocked, id=2664, stack(0x0000007814300000,0x0000007814400000)]
  0x0000025083fd05b0 JavaThread "Worker-JM" [_thread_blocked, id=8068, stack(0x0000007814400000,0x0000007814500000)]
  0x0000025084305f40 JavaThread "Worker-0: Repository registry initialization" [_thread_blocked, id=9864, stack(0x0000007814500000,0x0000007814600000)]
  0x0000025083cde620 JavaThread "Worker-1: Updating Maven Dependencies" [_thread_in_vm, id=1348, stack(0x0000007814600000,0x0000007814700000)]
  0x0000025084990b90 JavaThread "C2 CompilerThread1" daemon [_thread_in_native, id=14128, stack(0x0000007813700000,0x0000007813800000)]
  0x0000025083cde150 JavaThread "Java indexing" daemon [_thread_blocked, id=7472, stack(0x0000007814700000,0x0000007814800000)]
  0x0000025083cdeaf0 JavaThread "JNA Cleaner" daemon [_thread_blocked, id=2368, stack(0x0000007814800000,0x0000007814900000)]
  0x0000025083cdd7b0 JavaThread "pool-2-thread-1" [_thread_blocked, id=632, stack(0x0000007814900000,0x0000007814a00000)]
  0x0000025083cdf490 JavaThread "Worker-2" [_thread_blocked, id=2000, stack(0x0000007814a00000,0x0000007814b00000)]
  0x0000025083cdefc0 JavaThread "pool-1-thread-1" [_thread_in_vm, id=8188, stack(0x0000007814b00000,0x0000007814c00000)]

Other Threads:
  0x0000025081a40c20 VMThread "VM Thread" [stack: 0x0000007812a00000,0x0000007812b00000] [id=7088]
  0x0000025081da4640 WatcherThread [stack: 0x0000007813600000,0x0000007813700000] [id=7728]
  0x00000250ea1e12a0 GCTaskThread "GC Thread#0" [stack: 0x0000007812900000,0x0000007812a00000] [id=15384]
  0x0000025082fd3ea0 GCTaskThread "GC Thread#1" [stack: 0x0000007813900000,0x0000007813a00000] [id=16480]
  0x0000025082fceb00 GCTaskThread "GC Thread#2" [stack: 0x0000007813a00000,0x0000007813b00000] [id=12756]
  0x0000025082cb2680 GCTaskThread "GC Thread#3" [stack: 0x0000007813b00000,0x0000007813c00000] [id=7720]
  0x0000025082cb2930 GCTaskThread "GC Thread#4" [stack: 0x0000007813c00000,0x0000007813d00000] [id=7404]
  0x0000025083003b60 GCTaskThread "GC Thread#5" [stack: 0x0000007813d00000,0x0000007813e00000] [id=6344]
  0x0000025083003e10 GCTaskThread "GC Thread#6" [stack: 0x0000007813e00000,0x0000007813f00000] [id=5640]
  0x00000250842e2370 GCTaskThread "GC Thread#7" [stack: 0x0000007814200000,0x0000007814300000] [id=8132]

Threads with active compile tasks:
C2 CompilerThread0     3130 3157   !   4       org.eclipse.osgi.internal.loader.classpath.ClasspathManager::findClassImpl (308 bytes)
C1 CompilerThread0     3130 3250       3       com.google.gson.internal.LinkedTreeMap::find (276 bytes)
C2 CompilerThread1     3130 3191       4       jdk.internal.org.objectweb.asm.Frame::execute (2318 bytes)

VM state: not at safepoint (normal execution)

VM Mutex/Monitor currently owned by a thread: None

Heap address: 0x00000000c0000000, size: 1024 MB, Compressed Oops mode: 32-bit

CDS archive(s) not mapped
Compressed class space mapped at: 0x0000000100000000-0x0000000140000000, reserved size: 1073741824
Narrow klass base: 0x0000000000000000, Narrow klass shift: 3, Narrow klass range: 0x140000000

GC Precious Log:
 CPUs: 8 total, 8 available
 Memory: 7600M
 Large Page Support: Disabled
 NUMA Support: Disabled
 Compressed Oops: Enabled (32-bit)
 Alignments: Space 512K, Generation 512K, Heap 2M
 Heap Min Capacity: 100M
 Heap Initial Capacity: 100M
 Heap Max Capacity: 1G
 Pre-touch: Disabled
 Parallel Workers: 8

Heap:
 PSYoungGen      total 25088K, used 11351K [0x00000000eab00000, 0x00000000ec800000, 0x0000000100000000)
  eden space 23552K, 48% used [0x00000000eab00000,0x00000000eb615d58,0x00000000ec200000)
  from space 1536K, 0% used [0x00000000ec200000,0x00000000ec200000,0x00000000ec380000)
  to   space 2560K, 0% used [0x00000000ec580000,0x00000000ec580000,0x00000000ec800000)
 ParOldGen       total 68608K, used 12573K [0x00000000c0000000, 0x00000000c4300000, 0x00000000eab00000)
  object space 68608K, 18% used [0x00000000c0000000,0x00000000c0c47450,0x00000000c4300000)
 Metaspace       used 36931K, committed 37696K, reserved 1089536K
  class space    used 3842K, committed 4160K, reserved 1048576K

Card table byte_map: [0x00000250fd820000,0x00000250fda30000] _byte_map_base: 0x00000250fd220000

Marking Bits: (ParMarkBitMap*) 0x00007ffaac5b0dd0
 Begin Bits: [0x00000250fdb90000, 0x00000250feb90000)
 End Bits:   [0x00000250feb90000, 0x00000250ffb90000)

Polling page: 0x00000250ea290000

Metaspace:

Usage:
  Non-class:     32.31 MB used.
      Class:      3.75 MB used.
       Both:     36.07 MB used.

Virtual space:
  Non-class space:       40.00 MB reserved,      32.75 MB ( 82%) committed,  5 nodes.
      Class space:        1.00 GB reserved,       4.06 MB ( <1%) committed,  1 nodes.
             Both:        1.04 GB reserved,      36.81 MB (  3%) committed. 

Chunk freelists:
   Non-Class:  2.66 MB
       Class:  3.75 MB
        Both:  6.41 MB

MaxMetaspaceSize: unlimited
CompressedClassSpaceSize: 1.00 GB
Initial GC threshold: 21.00 MB
Current GC threshold: 58.38 MB
CDS: off
MetaspaceReclaimPolicy: balanced
 - commit_granule_bytes: 65536.
 - commit_granule_words: 8192.
 - virtual_space_node_default_size: 1048576.
 - enlarge_chunks_in_place: 1.
 - new_chunks_are_fully_committed: 0.
 - uncommit_free_chunks: 1.
 - use_allocation_guard: 0.
 - handle_deallocations: 1.


Internal statistics:

num_allocs_failed_limit: 6.
num_arena_births: 308.
num_arena_deaths: 14.
num_vsnodes_births: 6.
num_vsnodes_deaths: 0.
num_space_committed: 589.
num_space_uncommitted: 0.
num_chunks_returned_to_freelist: 20.
num_chunks_taken_from_freelist: 1493.
num_chunk_merges: 10.
num_chunk_splits: 976.
num_chunks_enlarged: 626.
num_purges: 2.
num_inconsistent_stats: 0.

CodeHeap 'non-profiled nmethods': size=120000Kb used=1488Kb max_used=1488Kb free=118511Kb
 bounds [0x00000250f6110000, 0x00000250f6380000, 0x00000250fd640000]
CodeHeap 'profiled nmethods': size=120000Kb used=6560Kb max_used=6560Kb free=113439Kb
 bounds [0x00000250eebe0000, 0x00000250ef250000, 0x00000250f6110000]
CodeHeap 'non-nmethods': size=5760Kb used=1261Kb max_used=1289Kb free=4498Kb
 bounds [0x00000250ee640000, 0x00000250ee8b0000, 0x00000250eebe0000]
 total_blobs=3820 nmethods=3241 adapters=493
 compilation: enabled
              stopped_count=0, restarted_count=0
 full_count=0

Compilation events (20 events):
Event: 3.108 Thread 0x0000025081a7f9e0 3221       3       com.google.gson.internal.Excluder::excludeClassChecks (67 bytes)
Event: 3.109 Thread 0x0000025081a7f9e0 nmethod 3221 0x00000250ef225690 code [0x00000250ef2259e0, 0x00000250ef226e58]
Event: 3.110 Thread 0x0000025081a7f9e0 3222   !   3       com.google.gson.Gson::getAdapter (257 bytes)
Event: 3.112 Thread 0x0000025081a7f9e0 nmethod 3222 0x00000250ef227410 code [0x00000250ef227860, 0x00000250ef229b48]
Event: 3.112 Thread 0x0000025081a7f9e0 3224       3       com.google.gson.internal.$Gson$Types::canonicalize (139 bytes)
Event: 3.112 Thread 0x0000025081a7f9e0 nmethod 3224 0x00000250ef22aa10 code [0x00000250ef22ad20, 0x00000250ef22c108]
Event: 3.112 Thread 0x0000025081a7f9e0 3223       1       java.lang.reflect.Field::getGenericSignature (5 bytes)
Event: 3.112 Thread 0x0000025081a7f9e0 nmethod 3223 0x00000250f6283f90 code [0x00000250f6284120, 0x00000250f62841f8]
Event: 3.113 Thread 0x0000025081a7f9e0 3225       3       com.google.gson.internal.bind.ReflectiveTypeAdapterFactory::excludeField (10 bytes)
Event: 3.113 Thread 0x0000025081a7f9e0 nmethod 3225 0x00000250ef22c510 code [0x00000250ef22c6e0, 0x00000250ef22cac8]
Event: 3.113 Thread 0x0000025081a7f9e0 3226       3       com.google.gson.internal.bind.ReflectiveTypeAdapterFactory::excludeField (27 bytes)
Event: 3.114 Thread 0x0000025081a7f9e0 nmethod 3226 0x00000250ef22cc90 code [0x00000250ef22ce60, 0x00000250ef22d1c8]
Event: 3.114 Thread 0x0000025081a7f9e0 3228   !   3       java.lang.reflect.Field::declaredAnnotations (82 bytes)
Event: 3.114 Thread 0x0000025081a7f9e0 nmethod 3228 0x00000250ef22d390 code [0x00000250ef22d580, 0x00000250ef22da68]
Event: 3.114 Thread 0x0000025081a7f9e0 3229       3       com.google.gson.internal.bind.TypeAdapters$31::create (30 bytes)
Event: 3.114 Thread 0x0000025081a7f9e0 nmethod 3229 0x00000250ef22dd10 code [0x00000250ef22dec0, 0x00000250ef22e0b8]
Event: 3.115 Thread 0x0000025081a7f9e0 3227       3       java.lang.reflect.Field::getAnnotation (23 bytes)
Event: 3.115 Thread 0x0000025081a7f9e0 nmethod 3227 0x00000250ef22e190 code [0x00000250ef22e3a0, 0x00000250ef22ea28]
Event: 3.115 Thread 0x0000025081a7f9e0 3230       3       com.google.gson.internal.$Gson$Preconditions::checkNotNull (14 bytes)
Event: 3.115 Thread 0x0000025081a7f9e0 nmethod 3230 0x00000250ef22ec90 code [0x00000250ef22ee40, 0x00000250ef22f028]

GC Heap History (20 events):
Event: 1.051 GC heap before
{Heap before GC invocations=2 (full 0):
 PSYoungGen      total 29696K, used 29320K [0x00000000eab00000, 0x00000000ecc00000, 0x0000000100000000)
  eden space 25600K, 100% used [0x00000000eab00000,0x00000000ec400000,0x00000000ec400000)
  from space 4096K, 90% used [0x00000000ec400000,0x00000000ec7a2208,0x00000000ec800000)
  to   space 4096K, 0% used [0x00000000ec800000,0x00000000ec800000,0x00000000ecc00000)
 ParOldGen       total 68608K, used 16K [0x00000000c0000000, 0x00000000c4300000, 0x00000000eab00000)
  object space 68608K, 0% used [0x00000000c0000000,0x00000000c0004000,0x00000000c4300000)
 Metaspace       used 14795K, committed 15104K, reserved 1064960K
  class space    used 1495K, committed 1664K, reserved 1048576K
}
Event: 1.056 GC heap after
{Heap after GC invocations=2 (full 0):
 PSYoungGen      total 29696K, used 4077K [0x00000000eab00000, 0x00000000ecc00000, 0x0000000100000000)
  eden space 25600K, 0% used [0x00000000eab00000,0x00000000eab00000,0x00000000ec400000)
  from space 4096K, 99% used [0x00000000ec800000,0x00000000ecbfb708,0x00000000ecc00000)
  to   space 4096K, 0% used [0x00000000ec400000,0x00000000ec400000,0x00000000ec800000)
 ParOldGen       total 68608K, used 1958K [0x00000000c0000000, 0x00000000c4300000, 0x00000000eab00000)
  object space 68608K, 2% used [0x00000000c0000000,0x00000000c01e99e0,0x00000000c4300000)
 Metaspace       used 14795K, committed 15104K, reserved 1064960K
  class space    used 1495K, committed 1664K, reserved 1048576K
}
Event: 1.439 GC heap before
{Heap before GC invocations=3 (full 0):
 PSYoungGen      total 29696K, used 29677K [0x00000000eab00000, 0x00000000ecc00000, 0x0000000100000000)
  eden space 25600K, 100% used [0x00000000eab00000,0x00000000ec400000,0x00000000ec400000)
  from space 4096K, 99% used [0x00000000ec800000,0x00000000ecbfb708,0x00000000ecc00000)
  to   space 4096K, 0% used [0x00000000ec400000,0x00000000ec400000,0x00000000ec800000)
 ParOldGen       total 68608K, used 1958K [0x00000000c0000000, 0x00000000c4300000, 0x00000000eab00000)
  object space 68608K, 2% used [0x00000000c0000000,0x00000000c01e99e0,0x00000000c4300000)
 Metaspace       used 19748K, committed 20160K, reserved 1073152K
  class space    used 2002K, committed 2176K, reserved 1048576K
}
Event: 1.444 GC heap after
{Heap after GC invocations=3 (full 0):
 PSYoungGen      total 29696K, used 4088K [0x00000000eab00000, 0x00000000ecc00000, 0x0000000100000000)
  eden space 25600K, 0% used [0x00000000eab00000,0x00000000eab00000,0x00000000ec400000)
  from space 4096K, 99% used [0x00000000ec400000,0x00000000ec7fe0e8,0x00000000ec800000)
  to   space 4096K, 0% used [0x00000000ec800000,0x00000000ec800000,0x00000000ecc00000)
 ParOldGen       total 68608K, used 3982K [0x00000000c0000000, 0x00000000c4300000, 0x00000000eab00000)
  object space 68608K, 5% used [0x00000000c0000000,0x00000000c03e3838,0x00000000c4300000)
 Metaspace       used 19748K, committed 20160K, reserved 1073152K
  class space    used 2002K, committed 2176K, reserved 1048576K
}
Event: 1.632 GC heap before
{Heap before GC invocations=4 (full 0):
 PSYoungGen      total 29696K, used 12781K [0x00000000eab00000, 0x00000000ecc00000, 0x0000000100000000)
  eden space 25600K, 33% used [0x00000000eab00000,0x00000000eb37d660,0x00000000ec400000)
  from space 4096K, 99% used [0x00000000ec400000,0x00000000ec7fe0e8,0x00000000ec800000)
  to   space 4096K, 0% used [0x00000000ec800000,0x00000000ec800000,0x00000000ecc00000)
 ParOldGen       total 68608K, used 3982K [0x00000000c0000000, 0x00000000c4300000, 0x00000000eab00000)
  object space 68608K, 5% used [0x00000000c0000000,0x00000000c03e3838,0x00000000c4300000)
 Metaspace       used 21043K, committed 21504K, reserved 1073152K
  class space    used 2140K, committed 2368K, reserved 1048576K
}
Event: 1.642 GC heap after
{Heap after GC invocations=4 (full 0):
 PSYoungGen      total 29696K, used 4087K [0x00000000eab00000, 0x00000000ecc00000, 0x0000000100000000)
  eden space 25600K, 0% used [0x00000000eab00000,0x00000000eab00000,0x00000000ec400000)
  from space 4096K, 99% used [0x00000000ec800000,0x00000000ecbfdc50,0x00000000ecc00000)
  to   space 4096K, 0% used [0x00000000ec400000,0x00000000ec400000,0x00000000ec800000)
 ParOldGen       total 68608K, used 4738K [0x00000000c0000000, 0x00000000c4300000, 0x00000000eab00000)
  object space 68608K, 6% used [0x00000000c0000000,0x00000000c04a0b30,0x00000000c4300000)
 Metaspace       used 21043K, committed 21504K, reserved 1073152K
  class space    used 2140K, committed 2368K, reserved 1048576K
}
Event: 1.642 GC heap before
{Heap before GC invocations=5 (full 1):
 PSYoungGen      total 29696K, used 4087K [0x00000000eab00000, 0x00000000ecc00000, 0x0000000100000000)
  eden space 25600K, 0% used [0x00000000eab00000,0x00000000eab00000,0x00000000ec400000)
  from space 4096K, 99% used [0x00000000ec800000,0x00000000ecbfdc50,0x00000000ecc00000)
  to   space 4096K, 0% used [0x00000000ec400000,0x00000000ec400000,0x00000000ec800000)
 ParOldGen       total 68608K, used 4738K [0x00000000c0000000, 0x00000000c4300000, 0x00000000eab00000)
  object space 68608K, 6% used [0x00000000c0000000,0x00000000c04a0b30,0x00000000c4300000)
 Metaspace       used 21043K, committed 21504K, reserved 1073152K
  class space    used 2140K, committed 2368K, reserved 1048576K
}
Event: 1.663 GC heap after
{Heap after GC invocations=5 (full 1):
 PSYoungGen      total 29696K, used 0K [0x00000000eab00000, 0x00000000ecc00000, 0x0000000100000000)
  eden space 25600K, 0% used [0x00000000eab00000,0x00000000eab00000,0x00000000ec400000)
  from space 4096K, 0% used [0x00000000ec800000,0x00000000ec800000,0x00000000ecc00000)
  to   space 4096K, 0% used [0x00000000ec400000,0x00000000ec400000,0x00000000ec800000)
 ParOldGen       total 68608K, used 8648K [0x00000000c0000000, 0x00000000c4300000, 0x00000000eab00000)
  object space 68608K, 12% used [0x00000000c0000000,0x00000000c0872070,0x00000000c4300000)
 Metaspace       used 21030K, committed 21504K, reserved 1073152K
  class space    used 2137K, committed 2368K, reserved 1048576K
}
Event: 1.990 GC heap before
{Heap before GC invocations=6 (full 1):
 PSYoungGen      total 29696K, used 25600K [0x00000000eab00000, 0x00000000ecc00000, 0x0000000100000000)
  eden space 25600K, 100% used [0x00000000eab00000,0x00000000ec400000,0x00000000ec400000)
  from space 4096K, 0% used [0x00000000ec800000,0x00000000ec800000,0x00000000ecc00000)
  to   space 4096K, 0% used [0x00000000ec400000,0x00000000ec400000,0x00000000ec800000)
 ParOldGen       total 68608K, used 8648K [0x00000000c0000000, 0x00000000c4300000, 0x00000000eab00000)
  object space 68608K, 12% used [0x00000000c0000000,0x00000000c0872070,0x00000000c4300000)
 Metaspace       used 24388K, committed 24896K, reserved 1073152K
  class space    used 2530K, committed 2752K, reserved 1048576K
}
Event: 1.992 GC heap after
{Heap after GC invocations=6 (full 1):
 PSYoungGen      total 28160K, used 2977K [0x00000000eab00000, 0x00000000ecb80000, 0x0000000100000000)
  eden space 25088K, 0% used [0x00000000eab00000,0x00000000eab00000,0x00000000ec380000)
  from space 3072K, 96% used [0x00000000ec400000,0x00000000ec6e87d8,0x00000000ec700000)
  to   space 4096K, 0% used [0x00000000ec780000,0x00000000ec780000,0x00000000ecb80000)
 ParOldGen       total 68608K, used 8656K [0x00000000c0000000, 0x00000000c4300000, 0x00000000eab00000)
  object space 68608K, 12% used [0x00000000c0000000,0x00000000c0874070,0x00000000c4300000)
 Metaspace       used 24388K, committed 24896K, reserved 1073152K
  class space    used 2530K, committed 2752K, reserved 1048576K
}
Event: 2.117 GC heap before
{Heap before GC invocations=7 (full 1):
 PSYoungGen      total 28160K, used 28065K [0x00000000eab00000, 0x00000000ecb80000, 0x0000000100000000)
  eden space 25088K, 100% used [0x00000000eab00000,0x00000000ec380000,0x00000000ec380000)
  from space 3072K, 96% used [0x00000000ec400000,0x00000000ec6e87d8,0x00000000ec700000)
  to   space 4096K, 0% used [0x00000000ec780000,0x00000000ec780000,0x00000000ecb80000)
 ParOldGen       total 68608K, used 8656K [0x00000000c0000000, 0x00000000c4300000, 0x00000000eab00000)
  object space 68608K, 12% used [0x00000000c0000000,0x00000000c0874070,0x00000000c4300000)
 Metaspace       used 27637K, committed 28224K, reserved 1081344K
  class space    used 2777K, committed 3008K, reserved 1048576K
}
Event: 2.119 GC heap after
{Heap after GC invocations=7 (full 1):
 PSYoungGen      total 27648K, used 2732K [0x00000000eab00000, 0x00000000eca80000, 0x0000000100000000)
  eden space 24576K, 0% used [0x00000000eab00000,0x00000000eab00000,0x00000000ec300000)
  from space 3072K, 88% used [0x00000000ec780000,0x00000000eca2b028,0x00000000eca80000)
  to   space 3072K, 0% used [0x00000000ec480000,0x00000000ec480000,0x00000000ec780000)
 ParOldGen       total 68608K, used 8664K [0x00000000c0000000, 0x00000000c4300000, 0x00000000eab00000)
  object space 68608K, 12% used [0x00000000c0000000,0x00000000c0876070,0x00000000c4300000)
 Metaspace       used 27637K, committed 28224K, reserved 1081344K
  class space    used 2777K, committed 3008K, reserved 1048576K
}
Event: 2.611 GC heap before
{Heap before GC invocations=8 (full 1):
 PSYoungGen      total 27648K, used 27308K [0x00000000eab00000, 0x00000000eca80000, 0x0000000100000000)
  eden space 24576K, 100% used [0x00000000eab00000,0x00000000ec300000,0x00000000ec300000)
  from space 3072K, 88% used [0x00000000ec780000,0x00000000eca2b028,0x00000000eca80000)
  to   space 3072K, 0% used [0x00000000ec480000,0x00000000ec480000,0x00000000ec780000)
 ParOldGen       total 68608K, used 8664K [0x00000000c0000000, 0x00000000c4300000, 0x00000000eab00000)
  object space 68608K, 12% used [0x00000000c0000000,0x00000000c0876070,0x00000000c4300000)
 Metaspace       used 31121K, committed 31808K, reserved 1081344K
  class space    used 3088K, committed 3392K, reserved 1048576K
}
Event: 2.613 GC heap after
{Heap after GC invocations=8 (full 1):
 PSYoungGen      total 27136K, used 3034K [0x00000000eab00000, 0x00000000ec980000, 0x0000000100000000)
  eden space 24064K, 0% used [0x00000000eab00000,0x00000000eab00000,0x00000000ec280000)
  from space 3072K, 98% used [0x00000000ec480000,0x00000000ec776828,0x00000000ec780000)
  to   space 2048K, 0% used [0x00000000ec780000,0x00000000ec780000,0x00000000ec980000)
 ParOldGen       total 68608K, used 8672K [0x00000000c0000000, 0x00000000c4300000, 0x00000000eab00000)
  object space 68608K, 12% used [0x00000000c0000000,0x00000000c0878070,0x00000000c4300000)
 Metaspace       used 31121K, committed 31808K, reserved 1081344K
  class space    used 3088K, committed 3392K, reserved 1048576K
}
Event: 2.995 GC heap before
{Heap before GC invocations=9 (full 1):
 PSYoungGen      total 27136K, used 27098K [0x00000000eab00000, 0x00000000ec980000, 0x0000000100000000)
  eden space 24064K, 100% used [0x00000000eab00000,0x00000000ec280000,0x00000000ec280000)
  from space 3072K, 98% used [0x00000000ec480000,0x00000000ec776828,0x00000000ec780000)
  to   space 2048K, 0% used [0x00000000ec780000,0x00000000ec780000,0x00000000ec980000)
 ParOldGen       total 68608K, used 8672K [0x00000000c0000000, 0x00000000c4300000, 0x00000000eab00000)
  object space 68608K, 12% used [0x00000000c0000000,0x00000000c0878070,0x00000000c4300000)
 Metaspace       used 34968K, committed 35712K, reserved 1081344K
  class space    used 3569K, committed 3904K, reserved 1048576K
}
Event: 2.997 GC heap after
{Heap after GC invocations=9 (full 1):
 PSYoungGen      total 25600K, used 2044K [0x00000000eab00000, 0x00000000ecb00000, 0x0000000100000000)
  eden space 23552K, 0% used [0x00000000eab00000,0x00000000eab00000,0x00000000ec200000)
  from space 2048K, 99% used [0x00000000ec780000,0x00000000ec97f258,0x00000000ec980000)
  to   space 4608K, 0% used [0x00000000ec200000,0x00000000ec200000,0x00000000ec680000)
 ParOldGen       total 68608K, used 10731K [0x00000000c0000000, 0x00000000c4300000, 0x00000000eab00000)
  object space 68608K, 15% used [0x00000000c0000000,0x00000000c0a7af70,0x00000000c4300000)
 Metaspace       used 34968K, committed 35712K, reserved 1081344K
  class space    used 3569K, committed 3904K, reserved 1048576K
}
Event: 3.003 GC heap before
{Heap before GC invocations=10 (full 1):
 PSYoungGen      total 25600K, used 3533K [0x00000000eab00000, 0x00000000ecb00000, 0x0000000100000000)
  eden space 23552K, 6% used [0x00000000eab00000,0x00000000eac744d0,0x00000000ec200000)
  from space 2048K, 99% used [0x00000000ec780000,0x00000000ec97f258,0x00000000ec980000)
  to   space 4608K, 0% used [0x00000000ec200000,0x00000000ec200000,0x00000000ec680000)
 ParOldGen       total 68608K, used 10731K [0x00000000c0000000, 0x00000000c4300000, 0x00000000eab00000)
  object space 68608K, 15% used [0x00000000c0000000,0x00000000c0a7af70,0x00000000c4300000)
 Metaspace       used 35132K, committed 35840K, reserved 1081344K
  class space    used 3599K, committed 3904K, reserved 1048576K
}
Event: 3.004 GC heap after
{Heap after GC invocations=10 (full 1):
 PSYoungGen      total 25088K, used 1125K [0x00000000eab00000, 0x00000000ec800000, 0x0000000100000000)
  eden space 23552K, 0% used [0x00000000eab00000,0x00000000eab00000,0x00000000ec200000)
  from space 1536K, 73% used [0x00000000ec200000,0x00000000ec319478,0x00000000ec380000)
  to   space 2560K, 0% used [0x00000000ec580000,0x00000000ec580000,0x00000000ec800000)
 ParOldGen       total 68608K, used 11828K [0x00000000c0000000, 0x00000000c4300000, 0x00000000eab00000)
  object space 68608K, 17% used [0x00000000c0000000,0x00000000c0b8d2b8,0x00000000c4300000)
 Metaspace       used 35132K, committed 35840K, reserved 1081344K
  class space    used 3599K, committed 3904K, reserved 1048576K
}
Event: 3.004 GC heap before
{Heap before GC invocations=11 (full 2):
 PSYoungGen      total 25088K, used 1125K [0x00000000eab00000, 0x00000000ec800000, 0x0000000100000000)
  eden space 23552K, 0% used [0x00000000eab00000,0x00000000eab00000,0x00000000ec200000)
  from space 1536K, 73% used [0x00000000ec200000,0x00000000ec319478,0x00000000ec380000)
  to   space 2560K, 0% used [0x00000000ec580000,0x00000000ec580000,0x00000000ec800000)
 ParOldGen       total 68608K, used 11828K [0x00000000c0000000, 0x00000000c4300000, 0x00000000eab00000)
  object space 68608K, 17% used [0x00000000c0000000,0x00000000c0b8d2b8,0x00000000c4300000)
 Metaspace       used 35132K, committed 35840K, reserved 1081344K
  class space    used 3599K, committed 3904K, reserved 1048576K
}
Event: 3.032 GC heap after
{Heap after GC invocations=11 (full 2):
 PSYoungGen      total 25088K, used 0K [0x00000000eab00000, 0x00000000ec800000, 0x0000000100000000)
  eden space 23552K, 0% used [0x00000000eab00000,0x00000000eab00000,0x00000000ec200000)
  from space 1536K, 0% used [0x00000000ec200000,0x00000000ec200000,0x00000000ec380000)
  to   space 2560K, 0% used [0x00000000ec580000,0x00000000ec580000,0x00000000ec800000)
 ParOldGen       total 68608K, used 12573K [0x00000000c0000000, 0x00000000c4300000, 0x00000000eab00000)
  object space 68608K, 18% used [0x00000000c0000000,0x00000000c0c47450,0x00000000c4300000)
 Metaspace       used 35132K, committed 35840K, reserved 1081344K
  class space    used 3599K, committed 3904K, reserved 1048576K
}

Dll operation events (12 events):
Event: 0.006 Loaded shared library c:\Users\sethu\.vscode\extensions\redhat.java-1.14.0-win32-x64\jre\17.0.5-win32-x86_64\bin\java.dll
Event: 0.101 Loaded shared library c:\Users\sethu\.vscode\extensions\redhat.java-1.14.0-win32-x64\jre\17.0.5-win32-x86_64\bin\zip.dll
Event: 0.103 Loaded shared library C:\Users\sethu\.vscode\extensions\redhat.java-1.14.0-win32-x64\jre\17.0.5-win32-x86_64\bin\instrument.dll
Event: 0.113 Loaded shared library C:\Users\sethu\.vscode\extensions\redhat.java-1.14.0-win32-x64\jre\17.0.5-win32-x86_64\bin\net.dll
Event: 0.115 Loaded shared library C:\Users\sethu\.vscode\extensions\redhat.java-1.14.0-win32-x64\jre\17.0.5-win32-x86_64\bin\nio.dll
Event: 0.119 Loaded shared library C:\Users\sethu\.vscode\extensions\redhat.java-1.14.0-win32-x64\jre\17.0.5-win32-x86_64\bin\zip.dll
Event: 0.128 Loaded shared library C:\Users\sethu\.vscode\extensions\redhat.java-1.14.0-win32-x64\jre\17.0.5-win32-x86_64\bin\jimage.dll
Event: 0.165 Loaded shared library c:\Users\sethu\.vscode\extensions\redhat.java-1.14.0-win32-x64\jre\17.0.5-win32-x86_64\bin\verify.dll
Event: 0.980 Loaded shared library C:\Users\sethu\AppData\Roaming\Code\User\globalStorage\redhat.java\1.14.0\config_win\org.eclipse.equinox.launcher\org.eclipse.equinox.launcher.win32.win32.x86_64_1.2.700.v20221108-1024\eclipse_11801.dll
Event: 2.566 Loaded shared library C:\Users\sethu\.vscode\extensions\redhat.java-1.14.0-win32-x64\jre\17.0.5-win32-x86_64\bin\management.dll
Event: 2.570 Loaded shared library C:\Users\sethu\.vscode\extensions\redhat.java-1.14.0-win32-x64\jre\17.0.5-win32-x86_64\bin\management_ext.dll
Event: 2.745 Loaded shared library C:\Users\sethu\AppData\Local\Temp\jna-109328623\jna12901646613769259806.dll

Deoptimization events (20 events):
Event: 2.955 Thread 0x0000025083cde620 Uncommon trap: trap_request=0xffffffde fr.pc=0x00000250f621eab0 relative=0x0000000000000090
Event: 2.955 Thread 0x0000025083cde620 Uncommon trap: reason=class_check action=maybe_recompile pc=0x00000250f621eab0 method=java.lang.Character.codePointAt(Ljava/lang/CharSequence;I)I @ 2 c2
Event: 2.955 Thread 0x0000025083cde620 DEOPT PACKING pc=0x00000250f621eab0 sp=0x00000078146fe880
Event: 2.955 Thread 0x0000025083cde620 DEOPT UNPACKING pc=0x00000250ee6920a3 sp=0x00000078146fe808 mode 2
Event: 2.955 Thread 0x0000025083cde620 Uncommon trap: trap_request=0xffffffde fr.pc=0x00000250f621eab0 relative=0x0000000000000090
Event: 2.955 Thread 0x0000025083cde620 Uncommon trap: reason=class_check action=maybe_recompile pc=0x00000250f621eab0 method=java.lang.Character.codePointAt(Ljava/lang/CharSequence;I)I @ 2 c2
Event: 2.955 Thread 0x0000025083cde620 DEOPT PACKING pc=0x00000250f621eab0 sp=0x00000078146fe880
Event: 2.955 Thread 0x0000025083cde620 DEOPT UNPACKING pc=0x00000250ee6920a3 sp=0x00000078146fe808 mode 2
Event: 2.955 Thread 0x0000025083cde620 Uncommon trap: trap_request=0xffffffde fr.pc=0x00000250f621eab0 relative=0x0000000000000090
Event: 2.955 Thread 0x0000025083cde620 Uncommon trap: reason=class_check action=maybe_recompile pc=0x00000250f621eab0 method=java.lang.Character.codePointAt(Ljava/lang/CharSequence;I)I @ 2 c2
Event: 2.955 Thread 0x0000025083cde620 DEOPT PACKING pc=0x00000250f621eab0 sp=0x00000078146fe880
Event: 2.955 Thread 0x0000025083cde620 DEOPT UNPACKING pc=0x00000250ee6920a3 sp=0x00000078146fe808 mode 2
Event: 2.964 Thread 0x0000025083cde620 Uncommon trap: trap_request=0xffffffde fr.pc=0x00000250f61ee068 relative=0x00000000000001a8
Event: 2.964 Thread 0x0000025083cde620 Uncommon trap: reason=class_check action=maybe_recompile pc=0x00000250f61ee068 method=java.io.BufferedInputStream.read1([BII)I @ 39 c2
Event: 2.964 Thread 0x0000025083cde620 DEOPT PACKING pc=0x00000250f61ee068 sp=0x00000078146fe540
Event: 2.964 Thread 0x0000025083cde620 DEOPT UNPACKING pc=0x00000250ee6920a3 sp=0x00000078146fe4e8 mode 2
Event: 3.056 Thread 0x00000250ea1c9270 Uncommon trap: trap_request=0xffffff45 fr.pc=0x00000250f61e5fb4 relative=0x0000000000000114
Event: 3.056 Thread 0x00000250ea1c9270 Uncommon trap: reason=unstable_if action=reinterpret pc=0x00000250f61e5fb4 method=jdk.internal.org.objectweb.asm.SymbolTable.put(Ljdk/internal/org/objectweb/asm/SymbolTable$Entry;)Ljdk/internal/org/objectweb/asm/SymbolTable$Entry; @ 13 c2
Event: 3.056 Thread 0x00000250ea1c9270 DEOPT PACKING pc=0x00000250f61e5fb4 sp=0x00000078128fda30
Event: 3.056 Thread 0x00000250ea1c9270 DEOPT UNPACKING pc=0x00000250ee6920a3 sp=0x00000078128fd990 mode 2

Classes unloaded (7 events):
Event: 1.647 Thread 0x0000025081a40c20 Unloading class 0x000000010021e400 'java/lang/invoke/LambdaForm$MH+0x000000010021e400'
Event: 1.647 Thread 0x0000025081a40c20 Unloading class 0x000000010021e000 'java/lang/invoke/LambdaForm$MH+0x000000010021e000'
Event: 1.647 Thread 0x0000025081a40c20 Unloading class 0x000000010021dc00 'java/lang/invoke/LambdaForm$MH+0x000000010021dc00'
Event: 1.647 Thread 0x0000025081a40c20 Unloading class 0x000000010021d400 'java/lang/invoke/LambdaForm$MH+0x000000010021d400'
Event: 1.647 Thread 0x0000025081a40c20 Unloading class 0x000000010021d000 'java/lang/invoke/LambdaForm$BMH+0x000000010021d000'
Event: 1.647 Thread 0x0000025081a40c20 Unloading class 0x000000010021cc00 'java/lang/invoke/LambdaForm$DMH+0x000000010021cc00'
Event: 1.647 Thread 0x0000025081a40c20 Unloading class 0x000000010021a000 'java/lang/invoke/LambdaForm$DMH+0x000000010021a000'

Classes redefined (0 events):
No events

Internal exceptions (20 events):
Event: 1.952 Thread 0x0000025084305f40 Exception <a 'java/io/FileNotFoundException'{0x00000000ebe67f78}> (0x00000000ebe67f78) 
thrown [s\src\hotspot\share\prims\jni.cpp, line 516]
Event: 2.435 Thread 0x0000025082f56b40 Exception <a 'java/lang/ClassNotFoundException'{0x00000000eba46008}: com/sun/org/apache/xerces/internal/impl/msg/spi/DOMMessagesProvider> (0x00000000eba46008) 
thrown [s\src\hotspot\share\classfile\systemDictionary.cpp, line 256]
Event: 2.437 Thread 0x0000025082f56b40 Exception <a 'java/lang/ClassNotFoundException'{0x00000000eba61e48}: com/sun/org/apache/xerces/internal/impl/msg/spi/XMLSerializerMessagesProvider> (0x00000000eba61e48) 
thrown [s\src\hotspot\share\classfile\systemDictionary.cpp, line 256]
Event: 2.437 Thread 0x0000025082f56b40 Exception <a 'java/lang/ClassNotFoundException'{0x00000000eba6f0d0}: com/sun/org/apache/xerces/internal/impl/msg/spi/XMLMessagesProvider> (0x00000000eba6f0d0) 
thrown [s\src\hotspot\share\classfile\systemDictionary.cpp, line 256]
Event: 2.466 Thread 0x0000025082f56b40 Exception <a 'sun/nio/fs/WindowsException'{0x00000000ebc1b628}> (0x00000000ebc1b628) 
thrown [s\src\hotspot\share\prims\jni.cpp, line 516]
Event: 2.501 Thread 0x0000025082f56b40 Exception <a 'java/lang/NoSuchMethodError'{0x00000000ebe0da50}: 'java.lang.Object java.lang.invoke.DirectMethodHandle$Holder.invokeStaticInit(java.lang.Object, int, int, int, int)'> (0x00000000ebe0da50) 
thrown [s\src\hotspot\share\interpreter\linkResolver.cpp, line 759]
Event: 2.544 Thread 0x0000025082f56b40 Exception <a 'java/lang/NoSuchMethodError'{0x00000000ebf21aa8}: 'java.lang.Object java.lang.invoke.DirectMethodHandle$Holder.invokeStaticInit(java.lang.Object, java.lang.Object, int, int, int, int)'> (0x00000000ebf21aa8) 
thrown [s\src\hotspot\share\interpreter\linkResolver.cpp, line 759]
Event: 2.616 Thread 0x0000025082f56b40 Exception <a 'java/lang/ClassNotFoundException'{0x00000000eab3a258}: com/sun/org/apache/xml/internal/serializer/spi/XMLEntitiesProvider> (0x00000000eab3a258) 
thrown [s\src\hotspot\share\classfile\systemDictionary.cpp, line 256]
Event: 2.683 Thread 0x0000025082f56b40 Exception <a 'java/io/FileNotFoundException'{0x00000000eaec4970}> (0x00000000eaec4970) 
thrown [s\src\hotspot\share\prims\jni.cpp, line 516]
Event: 2.758 Thread 0x0000025082f56b40 Implicit null exception at 0x00000250f6149172 to 0x00000250f6149690
Event: 2.765 Thread 0x0000025082f56b40 Exception <a 'java/lang/UnsatisfiedLinkError'{0x00000000eb1689b8}: The specified procedure could not be found.
> (0x00000000eb1689b8) 
thrown [s\src\hotspot\share\prims\jni.cpp, line 535]
Event: 2.770 Thread 0x0000025082f56b40 Exception <a 'java/io/FileNotFoundException'{0x00000000eb18b908}> (0x00000000eb18b908) 
thrown [s\src\hotspot\share\prims\jni.cpp, line 516]
Event: 2.779 Thread 0x0000025082f56b40 Exception <a 'java/io/FileNotFoundException'{0x00000000eb1ff090}> (0x00000000eb1ff090) 
thrown [s\src\hotspot\share\prims\jni.cpp, line 516]
Event: 2.788 Thread 0x0000025082f56b40 Exception <a 'java/lang/UnsatisfiedLinkError'{0x00000000eb289d78}: The specified procedure could not be found.
> (0x00000000eb289d78) 
thrown [s\src\hotspot\share\prims\jni.cpp, line 535]
Event: 2.868 Thread 0x00000250ea1c9270 Exception <a 'java/lang/NoSuchMethodError'{0x00000000eb69fc60}: 'java.lang.Object java.lang.invoke.DirectMethodHandle$Holder.invokeStatic(java.lang.Object, java.lang.Object, long, java.lang.Object)'> (0x00000000eb69fc60) 
thrown [s\src\hotspot\share\interpreter\linkResolver.cpp, line 759]
Event: 2.868 Thread 0x00000250ea1c9270 Exception <a 'java/lang/NoSuchMethodError'{0x00000000eb6a36f8}: 'java.lang.Object java.lang.invoke.DirectMethodHandle$Holder.invokeStaticInit(java.lang.Object, java.lang.Object, long, java.lang.Object)'> (0x00000000eb6a36f8) 
thrown [s\src\hotspot\share\interpreter\linkResolver.cpp, line 759]
Event: 2.869 Thread 0x00000250ea1c9270 Exception <a 'java/lang/NoSuchMethodError'{0x00000000eb6a9f50}: 'java.lang.Object java.lang.invoke.DirectMethodHandle$Holder.newInvokeSpecial(java.lang.Object, java.lang.Object, long)'> (0x00000000eb6a9f50) 
thrown [s\src\hotspot\share\interpreter\linkResolver.cpp, line 759]
Event: 2.869 Thread 0x00000250ea1c9270 Exception <a 'java/lang/NoSuchMethodError'{0x00000000eb6ad990}: 'java.lang.Object java.lang.invoke.Invokers$Holder.linkToTargetMethod(java.lang.Object, long, java.lang.Object)'> (0x00000000eb6ad990) 
thrown [s\src\hotspot\share\interpreter\linkResolver.cpp, line 759]
Event: 2.901 Thread 0x00000250ea1c9270 Exception <a 'java/lang/NoSuchMethodError'{0x00000000eb843770}: 'void java.lang.invoke.DirectMethodHandle$Holder.invokeStatic(java.lang.Object, java.lang.Object, java.lang.Object, java.lang.Object)'> (0x00000000eb843770) 
thrown [s\src\hotspot\share\interpreter\linkResolver.cpp, line 759]
Event: 3.048 Thread 0x00000250ea1c9270 Exception <a 'java/lang/NoSuchMethodError'{0x00000000ead4eef0}: 'void java.lang.invoke.DirectMethodHandle$Holder.invokeSpecial(java.lang.Object, java.lang.Object, java.lang.Object, java.lang.Object, java.lang.Object, java.lang.Object)'> (0x00000000ead4eef0) 
thrown [s\src\hotspot\share\interpreter\linkResolver.cpp, line 759]

VM Operations (20 events):
Event: 2.490 Executing VM operation: HandshakeAllThreads
Event: 2.490 Executing VM operation: HandshakeAllThreads done
Event: 2.539 Executing VM operation: HandshakeAllThreads
Event: 2.539 Executing VM operation: HandshakeAllThreads done
Event: 2.611 Executing VM operation: ParallelGCFailedAllocation
Event: 2.613 Executing VM operation: ParallelGCFailedAllocation done
Event: 2.642 Executing VM operation: HandshakeAllThreads
Event: 2.642 Executing VM operation: HandshakeAllThreads done
Event: 2.755 Executing VM operation: HandshakeAllThreads
Event: 2.755 Executing VM operation: HandshakeAllThreads done
Event: 2.947 Executing VM operation: HandshakeAllThreads
Event: 2.947 Executing VM operation: HandshakeAllThreads done
Event: 2.951 Executing VM operation: HandshakeAllThreads
Event: 2.951 Executing VM operation: HandshakeAllThreads done
Event: 2.975 Executing VM operation: HandshakeAllThreads
Event: 2.975 Executing VM operation: HandshakeAllThreads done
Event: 2.994 Executing VM operation: ParallelGCFailedAllocation
Event: 2.997 Executing VM operation: ParallelGCFailedAllocation done
Event: 3.003 Executing VM operation: CollectForMetadataAllocation
Event: 3.032 Executing VM operation: CollectForMetadataAllocation done

Events (20 events):
Event: 2.944 loading class sun/reflect/generics/tree/ArrayTypeSignature
Event: 2.944 loading class sun/reflect/generics/tree/ArrayTypeSignature done
Event: 2.976 loading class java/math/BigDecimal
Event: 2.978 loading class java/math/BigDecimal done
Event: 3.002 loading class java/io/FilterReader
Event: 3.002 loading class java/io/FilterReader done
Event: 3.032 Thread 0x0000025083cdf490 Thread added: 0x0000025083cdf490
Event: 3.033 loading class java/util/concurrent/atomic/AtomicIntegerArray
Event: 3.034 loading class java/util/concurrent/atomic/AtomicIntegerArray done
Event: 3.035 loading class java/util/Currency
Event: 3.035 loading class java/util/Currency done
Event: 3.038 loading class java/util/concurrent/atomic/AtomicLongArray
Event: 3.038 loading class java/util/concurrent/atomic/AtomicLongArray done
Event: 3.062 loading class sun/util/locale/provider/DateFormatProviderImpl
Event: 3.062 loading class sun/util/locale/provider/DateFormatProviderImpl done
Event: 3.070 Thread 0x0000025083cdefc0 Thread added: 0x0000025083cdefc0
Event: 3.086 loading class sun/reflect/generics/repository/FieldRepository
Event: 3.086 loading class sun/reflect/generics/repository/FieldRepository done
Event: 3.089 loading class jdk/internal/reflect/UnsafeQualifiedIntegerFieldAccessorImpl
Event: 3.090 loading class jdk/internal/reflect/UnsafeQualifiedIntegerFieldAccessorImpl done


Dynamic libraries:
0x00007ff72bff0000 - 0x00007ff72bffe000 	c:\Users\sethu\.vscode\extensions\redhat.java-1.14.0-win32-x64\jre\17.0.5-win32-x86_64\bin\java.exe
0x00007ffae30a0000 - 0x00007ffae32a9000 	C:\WINDOWS\SYSTEM32\ntdll.dll
0x00007ffae1cd0000 - 0x00007ffae1d8e000 	C:\WINDOWS\System32\KERNEL32.DLL
0x00007ffae08b0000 - 0x00007ffae0c2b000 	C:\WINDOWS\System32\KERNELBASE.dll
0x00007ffae0da0000 - 0x00007ffae0eb1000 	C:\WINDOWS\System32\ucrtbase.dll
0x00007ffadb9a0000 - 0x00007ffadb9b7000 	c:\Users\sethu\.vscode\extensions\redhat.java-1.14.0-win32-x64\jre\17.0.5-win32-x86_64\bin\jli.dll
0x00007ffada1b0000 - 0x00007ffada1c9000 	c:\Users\sethu\.vscode\extensions\redhat.java-1.14.0-win32-x64\jre\17.0.5-win32-x86_64\bin\VCRUNTIME140.dll
0x00007ffae0f70000 - 0x00007ffae111d000 	C:\WINDOWS\System32\USER32.dll
0x00007ffae0ec0000 - 0x00007ffae0ee6000 	C:\WINDOWS\System32\win32u.dll
0x00007ffae2a70000 - 0x00007ffae2a99000 	C:\WINDOWS\System32\GDI32.dll
0x00007ffae0600000 - 0x00007ffae0718000 	C:\WINDOWS\System32\gdi32full.dll
0x00007ffae0810000 - 0x00007ffae08ad000 	C:\WINDOWS\System32\msvcp_win.dll
0x00007ffacce80000 - 0x00007ffacd125000 	C:\WINDOWS\WinSxS\amd64_microsoft.windows.common-controls_6595b64144ccf1df_6.0.22000.120_none_9d947278b86cc467\COMCTL32.dll
0x00007ffae2300000 - 0x00007ffae23a3000 	C:\WINDOWS\System32\msvcrt.dll
0x00007ffae2fe0000 - 0x00007ffae3012000 	C:\WINDOWS\System32\IMM32.DLL
0x00007ffadb990000 - 0x00007ffadb99c000 	c:\Users\sethu\.vscode\extensions\redhat.java-1.14.0-win32-x64\jre\17.0.5-win32-x86_64\bin\vcruntime140_1.dll
0x00007ffaac680000 - 0x00007ffaac711000 	c:\Users\sethu\.vscode\extensions\redhat.java-1.14.0-win32-x64\jre\17.0.5-win32-x86_64\bin\msvcp140.dll
0x00007ffaaba30000 - 0x00007ffaac674000 	c:\Users\sethu\.vscode\extensions\redhat.java-1.14.0-win32-x64\jre\17.0.5-win32-x86_64\bin\server\jvm.dll
0x00007ffae20d0000 - 0x00007ffae217e000 	C:\WINDOWS\System32\ADVAPI32.dll
0x00007ffae11a0000 - 0x00007ffae123e000 	C:\WINDOWS\System32\sechost.dll
0x00007ffae1fb0000 - 0x00007ffae20d0000 	C:\WINDOWS\System32\RPCRT4.dll
0x00007ffac5c60000 - 0x00007ffac5c69000 	C:\WINDOWS\SYSTEM32\WSOCK32.dll
0x00007ffad9fe0000 - 0x00007ffada013000 	C:\WINDOWS\SYSTEM32\WINMM.dll
0x00007ffae1f40000 - 0x00007ffae1faf000 	C:\WINDOWS\System32\WS2_32.dll
0x00007ffad7460000 - 0x00007ffad746a000 	C:\WINDOWS\SYSTEM32\VERSION.dll
0x00007ffadf6b0000 - 0x00007ffadf6c8000 	C:\WINDOWS\SYSTEM32\kernel.appcore.dll
0x00007ffada880000 - 0x00007ffada88a000 	c:\Users\sethu\.vscode\extensions\redhat.java-1.14.0-win32-x64\jre\17.0.5-win32-x86_64\bin\jimage.dll
0x00007ffaddea0000 - 0x00007ffade0c1000 	C:\WINDOWS\SYSTEM32\DBGHELP.DLL
0x00007ffacc300000 - 0x00007ffacc331000 	C:\WINDOWS\SYSTEM32\dbgcore.DLL
0x00007ffae0720000 - 0x00007ffae079f000 	C:\WINDOWS\System32\bcryptPrimitives.dll
0x00007ffada1a0000 - 0x00007ffada1ae000 	c:\Users\sethu\.vscode\extensions\redhat.java-1.14.0-win32-x64\jre\17.0.5-win32-x86_64\bin\instrument.dll
0x00007ffada130000 - 0x00007ffada155000 	c:\Users\sethu\.vscode\extensions\redhat.java-1.14.0-win32-x64\jre\17.0.5-win32-x86_64\bin\java.dll
0x00007ffada180000 - 0x00007ffada198000 	c:\Users\sethu\.vscode\extensions\redhat.java-1.14.0-win32-x64\jre\17.0.5-win32-x86_64\bin\zip.dll
0x00007ffae1240000 - 0x00007ffae19f7000 	C:\WINDOWS\System32\SHELL32.dll
0x00007ffade610000 - 0x00007ffadee75000 	C:\WINDOWS\SYSTEM32\windows.storage.dll
0x00007ffae2ac0000 - 0x00007ffae2e38000 	C:\WINDOWS\System32\combase.dll
0x00007ffade4a0000 - 0x00007ffade606000 	C:\WINDOWS\SYSTEM32\wintypes.dll
0x00007ffae1d90000 - 0x00007ffae1e7a000 	C:\WINDOWS\System32\SHCORE.dll
0x00007ffae1b80000 - 0x00007ffae1bdd000 	C:\WINDOWS\System32\shlwapi.dll
0x00007ffae0470000 - 0x00007ffae0491000 	C:\WINDOWS\SYSTEM32\profapi.dll
0x00007ffad87f0000 - 0x00007ffad8809000 	C:\Users\sethu\.vscode\extensions\redhat.java-1.14.0-win32-x64\jre\17.0.5-win32-x86_64\bin\net.dll
0x00007ffadaa80000 - 0x00007ffadab94000 	C:\WINDOWS\SYSTEM32\WINHTTP.dll
0x00007ffadfb50000 - 0x00007ffadfbb7000 	C:\WINDOWS\system32\mswsock.dll
0x00007ffad87d0000 - 0x00007ffad87e5000 	C:\Users\sethu\.vscode\extensions\redhat.java-1.14.0-win32-x64\jre\17.0.5-win32-x86_64\bin\nio.dll
0x00007ffad2030000 - 0x00007ffad2040000 	c:\Users\sethu\.vscode\extensions\redhat.java-1.14.0-win32-x64\jre\17.0.5-win32-x86_64\bin\verify.dll
0x00007ffacff30000 - 0x00007ffacff6e000 	C:\Users\sethu\AppData\Roaming\Code\User\globalStorage\redhat.java\1.14.0\config_win\org.eclipse.equinox.launcher\org.eclipse.equinox.launcher.win32.win32.x86_64_1.2.700.v20221108-1024\eclipse_11801.dll
0x00007ffae2e40000 - 0x00007ffae2fda000 	C:\WINDOWS\System32\ole32.dll
0x00007ffadfda0000 - 0x00007ffadfdb8000 	C:\WINDOWS\SYSTEM32\CRYPTSP.dll
0x00007ffadf610000 - 0x00007ffadf645000 	C:\WINDOWS\system32\rsaenh.dll
0x00007ffadfc40000 - 0x00007ffadfc69000 	C:\WINDOWS\SYSTEM32\USERENV.dll
0x00007ffadff20000 - 0x00007ffadff47000 	C:\WINDOWS\SYSTEM32\bcrypt.dll
0x00007ffadfd90000 - 0x00007ffadfd9c000 	C:\WINDOWS\SYSTEM32\CRYPTBASE.dll
0x00007ffadf130000 - 0x00007ffadf15d000 	C:\WINDOWS\SYSTEM32\IPHLPAPI.DLL
0x00007ffae1cc0000 - 0x00007ffae1cc9000 	C:\WINDOWS\System32\NSI.dll
0x00007ffad9f70000 - 0x00007ffad9f89000 	C:\WINDOWS\SYSTEM32\dhcpcsvc6.DLL
0x00007ffada0d0000 - 0x00007ffada0ee000 	C:\WINDOWS\SYSTEM32\dhcpcsvc.DLL
0x00007ffadf160000 - 0x00007ffadf248000 	C:\WINDOWS\SYSTEM32\DNSAPI.dll
0x00007ffad2020000 - 0x00007ffad2029000 	C:\Users\sethu\.vscode\extensions\redhat.java-1.14.0-win32-x64\jre\17.0.5-win32-x86_64\bin\management.dll
0x00007ffad2010000 - 0x00007ffad201b000 	C:\Users\sethu\.vscode\extensions\redhat.java-1.14.0-win32-x64\jre\17.0.5-win32-x86_64\bin\management_ext.dll
0x00007ffae23b0000 - 0x00007ffae23b8000 	C:\WINDOWS\System32\PSAPI.DLL
0x00007ffad1a20000 - 0x00007ffad1a60000 	C:\Users\sethu\AppData\Local\Temp\jna-109328623\jna12901646613769259806.dll

dbghelp: loaded successfully - version: 4.0.5 - missing functions: none
symbol engine: initialized successfully - sym options: 0x614 - pdb path: .;c:\Users\sethu\.vscode\extensions\redhat.java-1.14.0-win32-x64\jre\17.0.5-win32-x86_64\bin;C:\WINDOWS\SYSTEM32;C:\WINDOWS\WinSxS\amd64_microsoft.windows.common-controls_6595b64144ccf1df_6.0.22000.120_none_9d947278b86cc467;c:\Users\sethu\.vscode\extensions\redhat.java-1.14.0-win32-x64\jre\17.0.5-win32-x86_64\bin\server;C:\Users\sethu\AppData\Roaming\Code\User\globalStorage\redhat.java\1.14.0\config_win\org.eclipse.equinox.launcher\org.eclipse.equinox.launcher.win32.win32.x86_64_1.2.700.v20221108-1024;C:\Users\sethu\AppData\Local\Temp\jna-109328623

VM Arguments:
jvm_args: --add-modules=ALL-SYSTEM --add-opens=java.base/java.util=ALL-UNNAMED --add-opens=java.base/java.lang=ALL-UNNAMED --add-opens=java.base/sun.nio.fs=ALL-UNNAMED -Declipse.application=org.eclipse.jdt.ls.core.id1 -Dosgi.bundles.defaultStartLevel=4 -Declipse.product=org.eclipse.jdt.ls.core.product -Djava.import.generatesMetadataFilesAtProjectRoot=false -Dfile.encoding=utf8 -XX:+UseParallelGC -XX:GCTimeRatio=4 -XX:AdaptiveSizePolicyWeight=90 -Dsun.zip.disableMemoryMapping=true -Xmx1G -Xms100m -Xlog:disable -javaagent:c:\Users\sethu\.vscode\extensions\redhat.java-1.14.0-win32-x64\lombok\lombok-1.18.24.jar -XX:+HeapDumpOnOutOfMemoryError -XX:HeapDumpPath=c:\Users\sethu\AppData\Roaming\Code\User\workspaceStorage\04825ca620fa067f5a8a09fabb58348a\redhat.java 
java_command: c:\Users\sethu\.vscode\extensions\redhat.java-1.14.0-win32-x64\server\plugins\org.eclipse.equinox.launcher_1.6.400.v20210924-0641.jar -configuration c:\Users\sethu\AppData\Roaming\Code\User\globalStorage\redhat.java\1.14.0\config_win -data c:\Users\sethu\AppData\Roaming\Code\User\workspaceStorage\04825ca620fa067f5a8a09fabb58348a\redhat.java\jdt_ws
java_class_path (initial): c:\Users\sethu\.vscode\extensions\redhat.java-1.14.0-win32-x64\server\plugins\org.eclipse.equinox.launcher_1.6.400.v20210924-0641.jar
Launcher Type: SUN_STANDARD

[Global flags]
    uintx AdaptiveSizePolicyWeight                 = 90                                        {product} {command line}
     intx CICompilerCount                          = 4                                         {product} {ergonomic}
    uintx GCTimeRatio                              = 4                                         {product} {command line}
     bool HeapDumpOnOutOfMemoryError               = true                                   {manageable} {command line}
    ccstr HeapDumpPath                             = c:\Users\sethu\AppData\Roaming\Code\User\workspaceStorage\04825ca620fa067f5a8a09fabb58348a\redhat.java         {manageable} {command line}
   size_t InitialHeapSize                          = 104857600                                 {product} {command line}
   size_t MaxHeapSize                              = 1073741824                                {product} {command line}
   size_t MaxNewSize                               = 357564416                                 {product} {ergonomic}
   size_t MinHeapDeltaBytes                        = 524288                                    {product} {ergonomic}
   size_t MinHeapSize                              = 104857600                                 {product} {command line}
   size_t NewSize                                  = 34603008                                  {product} {ergonomic}
    uintx NonNMethodCodeHeapSize                   = 5839372                                {pd product} {ergonomic}
    uintx NonProfiledCodeHeapSize                  = 122909434                              {pd product} {ergonomic}
   size_t OldSize                                  = 70254592                                  {product} {ergonomic}
    uintx ProfiledCodeHeapSize                     = 122909434                              {pd product} {ergonomic}
    uintx ReservedCodeCacheSize                    = 251658240                              {pd product} {ergonomic}
     bool SegmentedCodeCache                       = true                                      {product} {ergonomic}
   size_t SoftMaxHeapSize                          = 1073741824                             {manageable} {ergonomic}
     bool UseCompressedClassPointers               = true                           {product lp64_product} {ergonomic}
     bool UseCompressedOops                        = true                           {product lp64_product} {ergonomic}
     bool UseLargePagesIndividualAllocation        = false                                  {pd product} {ergonomic}
     bool UseParallelGC                            = true                                      {product} {command line}

Logging:
Log output configuration:
 #0: stdout all=off uptime,level,tags
 #1: stderr all=off uptime,level,tags

Environment Variables:
JAVA_HOME=C:\Program Files\Java\jdk1.8.0_281
CLASSPATH=C:\Users\sethu\OneDrive\Desktop\servlet\apache-tomcat-10.0.21\lib\servlet-api.jar
PATH=C:\app\sethu\product\21c\dbhomeXE\bin;C:\Program Files\AdoptOpenJDK\jdk-14.0.2.12-hotspot\bin;C:\WINDOWS\system32;C:\WINDOWS;C:\WINDOWS\System32\Wbem;C:\WINDOWS\System32\WindowsPowerShell\v1.0\;C:\WINDOWS\System32\OpenSSH\;C:\Program Files\Git\cmd;C:\MinGW\bin;C:\Program Files\Docker\Docker\resources\bin;C:\ProgramData\DockerDesktop\version-bin;C:\Program Files\Java\jdk1.8.0_281\bin;C:\Program Files\nodejs\;C:\Program Files\Go\bin;C:\Program Files (x86)\dotnet\;C:\Ruby31-x64\bin;C:\Users\sethu\AppData\Local\Programs\Python\Python311\Scripts\;C:\Users\sethu\AppData\Local\Programs\Python\Python311\;C:\Users\sethu\AppData\Local\Microsoft\WindowsApps;C:\Users\sethu\AppData\Local\Programs\Microsoft VS Code\bin;C:\Program Files\JetBrains\PyCharm Community Edition 2022.1.2\bin;;C:\Program Files\heroku\bin;C:\Users\sethu\OneDrive\Desktop\Web-Dev\heroku\bin;C:\Users\sethu\AppData\Roaming\npm;C:\Users\sethu\go\bin;C:\Program Files\JetBrains\GoLand 2022.1.3\bin;;C:\Program Files\JetBrains\RubyMine 2022.1.3\bin;;C:\Program Files\JetBrains\IntelliJ IDEA 2022.1.3\bin;;C:\Program Files (x86)\Nmap;C:\sqlite3;
USERNAME=sethu
OS=Windows_NT
PROCESSOR_IDENTIFIER=AMD64 Family 23 Model 96 Stepping 1, AuthenticAMD
TMP=C:\Users\sethu\AppData\Local\Temp
TEMP=C:\Users\sethu\AppData\Local\Temp



---------------  S Y S T E M  ---------------

OS:
 Windows 11 , 64 bit Build 22000 (10.0.22000.1335)
OS uptime: 0 days 0:06 hours
Hyper-V role detected

CPU: total 8 (initial active 8) (8 cores per cpu, 1 threads per core) family 23 model 96 stepping 1 microcode 0x0, cx8, cmov, fxsr, mmx, 3dnowpref, sse, sse2, sse3, ssse3, sse4a, sse4.1, sse4.2, popcnt, lzcnt, tsc, tscinvbit, avx, avx2, aes, clmul, bmi1, bmi2, adx, sha, fma, vzeroupper, clflush, clflushopt, hv

Memory: 4k page, system-wide physical 7600M (1488M free)
TotalPageFile size 7600M (AvailPageFile size 5M)
current process WorkingSet (physical memory assigned to process): 165M, peak: 165M
current process commit charge ("private bytes"): 264M, peak: 265M

vm_info: OpenJDK 64-Bit Server VM (17.0.5+8) for windows-amd64 JRE (17.0.5+8), built on Oct 19 2022 04:48:13 by "temurin" with MS VC++ 16.7 (VS2019)

END.
