#
# There is insufficient memory for the Java Runtime Environment to continue.
# Native memory allocation (malloc) failed to allocate 171296 bytes for Chunk::new
# Possible reasons:
#   The system is out of physical RAM or swap space
#   The process is running with CompressedOops enabled, and the Java Heap may be blocking the growth of the native heap
# Possible solutions:
#   Reduce memory load on the system
#   Increase physical memory or swap space
#   Check if swap backing store is full
#   Decrease Java heap size (-Xmx/-Xms)
#   Decrease number of Java threads
#   Decrease Java thread stack sizes (-Xss)
#   Set larger code cache with -XX:ReservedCodeCacheSize=
#   JVM is running with Unscaled Compressed Oops mode in which the Java heap is
#     placed in the first 4GB address space. The Java Heap base address is the
#     maximum limit for the native heap growth. Please use -XX:HeapBaseMinAddress
#     to set the Java Heap base and to place the Java Heap above 4GB virtual address.
# This output file may be truncated or incomplete.
#
#  Out of Memory Error (arena.cpp:189), pid=12448, tid=5444
#
# JRE version: OpenJDK Runtime Environment Temurin-17.0.5+8 (17.0.5+8) (build 17.0.5+8)
# Java VM: OpenJDK 64-Bit Server VM Temurin-17.0.5+8 (17.0.5+8, mixed mode, tiered, compressed oops, compressed class ptrs, parallel gc, windows-amd64)
# No core dump will be written. Minidumps are not enabled by default on client versions of Windows
#

---------------  S U M M A R Y ------------

Command Line: --add-modules=ALL-SYSTEM --add-opens=java.base/java.util=ALL-UNNAMED --add-opens=java.base/java.lang=ALL-UNNAMED --add-opens=java.base/sun.nio.fs=ALL-UNNAMED -Declipse.application=org.eclipse.jdt.ls.core.id1 -Dosgi.bundles.defaultStartLevel=4 -Declipse.product=org.eclipse.jdt.ls.core.product -Djava.import.generatesMetadataFilesAtProjectRoot=false -Dfile.encoding=utf8 -XX:+UseParallelGC -XX:GCTimeRatio=4 -XX:AdaptiveSizePolicyWeight=90 -Dsun.zip.disableMemoryMapping=true -Xmx1G -Xms100m -Xlog:disable -javaagent:c:\Users\sethu\.vscode\extensions\redhat.java-1.14.0-win32-x64\lombok\lombok-1.18.24.jar -XX:+HeapDumpOnOutOfMemoryError -XX:HeapDumpPath=c:\Users\sethu\AppData\Roaming\Code\User\workspaceStorage\04825ca620fa067f5a8a09fabb58348a\redhat.java c:\Users\sethu\.vscode\extensions\redhat.java-1.14.0-win32-x64\server\plugins\org.eclipse.equinox.launcher_1.6.400.v20210924-0641.jar -configuration c:\Users\sethu\AppData\Roaming\Code\User\globalStorage\redhat.java\1.14.0\config_win -data c:\Users\sethu\AppData\Roaming\Code\User\workspaceStorage\04825ca620fa067f5a8a09fabb58348a\redhat.java\jdt_ws

Host: AMD Ryzen 7 4700U with Radeon Graphics         , 8 cores, 7G,  Windows 11 , 64 bit Build 22000 (10.0.22000.1335)
Time: Mon Jan 23 21:58:54 2023 India Standard Time elapsed time: 1.938861 seconds (0d 0h 0m 1s)

---------------  T H R E A D  ---------------

Current thread (0x0000016b012f06d0):  JavaThread "C2 CompilerThread0" daemon [_thread_in_native, id=5444, stack(0x0000005c31f00000,0x0000005c32000000)]


Current CompileTask:
C2:   1938 2280       4       java.io.FilterInputStream::read (11 bytes)

Stack: [0x0000005c31f00000,0x0000005c32000000]
Native frames: (J=compiled Java code, j=interpreted, Vv=VM code, C=native code)
V  [jvm.dll+0x676b3a]
V  [jvm.dll+0x831444]
V  [jvm.dll+0x832bee]
V  [jvm.dll+0x833253]
V  [jvm.dll+0x244ce5]
V  [jvm.dll+0xabbac]
V  [jvm.dll+0xac17c]
V  [jvm.dll+0x2abd2f]
V  [jvm.dll+0x57d517]
V  [jvm.dll+0x21fd72]
V  [jvm.dll+0x219652]
V  [jvm.dll+0x216e6b]
V  [jvm.dll+0x1a343d]
V  [jvm.dll+0x22698a]
V  [jvm.dll+0x224ac5]
V  [jvm.dll+0x7e727b]
V  [jvm.dll+0x7e17ea]
V  [jvm.dll+0x6759e5]
C  [ucrtbase.dll+0x26c0c]
C  [KERNEL32.DLL+0x155a0]
C  [ntdll.dll+0x485b]


---------------  P R O C E S S  ---------------

Threads class SMR info:
_java_thread_list=0x0000016b015d95f0, length=19, elements={
0x0000016b69aa4400, 0x0000016b7f885030, 0x0000016b7f8865b0, 0x0000016b012e76b0,
0x0000016b012e8070, 0x0000016b012e8930, 0x0000016b012e91f0, 0x0000016b012f06d0,
0x0000016b012fe700, 0x0000016b01307790, 0x0000016b01394160, 0x0000016b0158f6b0,
0x0000016b022a25a0, 0x0000016b02a4e450, 0x0000016b034b8050, 0x0000016b035a3840,
0x0000016b036544a0, 0x0000016b03511ec0, 0x0000016b036ec0a0
}

Java Threads: ( => current thread )
  0x0000016b69aa4400 JavaThread "main" [_thread_blocked, id=10284, stack(0x0000005c31600000,0x0000005c31700000)]
  0x0000016b7f885030 JavaThread "Reference Handler" daemon [_thread_blocked, id=8996, stack(0x0000005c31900000,0x0000005c31a00000)]
  0x0000016b7f8865b0 JavaThread "Finalizer" daemon [_thread_blocked, id=14128, stack(0x0000005c31a00000,0x0000005c31b00000)]
  0x0000016b012e76b0 JavaThread "Signal Dispatcher" daemon [_thread_blocked, id=7472, stack(0x0000005c31b00000,0x0000005c31c00000)]
  0x0000016b012e8070 JavaThread "Attach Listener" daemon [_thread_blocked, id=11280, stack(0x0000005c31c00000,0x0000005c31d00000)]
  0x0000016b012e8930 JavaThread "Service Thread" daemon [_thread_blocked, id=14432, stack(0x0000005c31d00000,0x0000005c31e00000)]
  0x0000016b012e91f0 JavaThread "Monitor Deflation Thread" daemon [_thread_blocked, id=5060, stack(0x0000005c31e00000,0x0000005c31f00000)]
=>0x0000016b012f06d0 JavaThread "C2 CompilerThread0" daemon [_thread_in_native, id=5444, stack(0x0000005c31f00000,0x0000005c32000000)]
  0x0000016b012fe700 JavaThread "C1 CompilerThread0" daemon [_thread_in_native, id=4632, stack(0x0000005c32000000,0x0000005c32100000)]
  0x0000016b01307790 JavaThread "Sweeper thread" daemon [_thread_blocked, id=7352, stack(0x0000005c32100000,0x0000005c32200000)]
  0x0000016b01394160 JavaThread "Common-Cleaner" daemon [_thread_blocked, id=8664, stack(0x0000005c32200000,0x0000005c32300000)]
  0x0000016b0158f6b0 JavaThread "Notification Thread" daemon [_thread_blocked, id=15208, stack(0x0000005c32300000,0x0000005c32400000)]
  0x0000016b022a25a0 JavaThread "C2 CompilerThread1" daemon [_thread_blocked, id=12804, stack(0x0000005c32500000,0x0000005c32600000)]
  0x0000016b02a4e450 JavaThread "Active Thread: Equinox Container: 47c0a8fb-0be4-4eee-85e6-31235cc24edd" [_thread_blocked, id=6508, stack(0x0000005c32c00000,0x0000005c32d00000)]
  0x0000016b034b8050 JavaThread "Framework Event Dispatcher: Equinox Container: 47c0a8fb-0be4-4eee-85e6-31235cc24edd" daemon [_thread_blocked, id=13884, stack(0x0000005c32d00000,0x0000005c32e00000)]
  0x0000016b035a3840 JavaThread "Start Level: Equinox Container: 47c0a8fb-0be4-4eee-85e6-31235cc24edd" daemon [_thread_in_native, id=7508, stack(0x0000005c32e00000,0x0000005c32f00000)]
  0x0000016b036544a0 JavaThread "SCR Component Actor" daemon [_thread_blocked, id=4032, stack(0x0000005c32f00000,0x0000005c33000000)]
  0x0000016b03511ec0 JavaThread "SCR Component Registry" daemon [_thread_blocked, id=2000, stack(0x0000005c33100000,0x0000005c33200000)]
  0x0000016b036ec0a0 JavaThread "Worker-JM" [_thread_blocked, id=8188, stack(0x0000005c33200000,0x0000005c33300000)]

Other Threads:
  0x0000016b012c0c20 VMThread "VM Thread" [stack: 0x0000005c31800000,0x0000005c31900000] [id=3060]
  0x0000016b0158e1d0 WatcherThread [stack: 0x0000005c32400000,0x0000005c32500000] [id=2368]
  0x0000016b69abc430 GCTaskThread "GC Thread#0" [stack: 0x0000005c31700000,0x0000005c31800000] [id=3912]
  0x0000016b02809780 GCTaskThread "GC Thread#1" [stack: 0x0000005c32600000,0x0000005c32700000] [id=12720]
  0x0000016b02841a70 GCTaskThread "GC Thread#2" [stack: 0x0000005c32700000,0x0000005c32800000] [id=15980]
  0x0000016b03438050 GCTaskThread "GC Thread#3" [stack: 0x0000005c32800000,0x0000005c32900000] [id=632]
  0x0000016b03438300 GCTaskThread "GC Thread#4" [stack: 0x0000005c32900000,0x0000005c32a00000] [id=13612]
  0x0000016b034385b0 GCTaskThread "GC Thread#5" [stack: 0x0000005c32a00000,0x0000005c32b00000] [id=3284]
  0x0000016b03438860 GCTaskThread "GC Thread#6" [stack: 0x0000005c32b00000,0x0000005c32c00000] [id=8360]
  0x0000016b02840130 GCTaskThread "GC Thread#7" [stack: 0x0000005c33000000,0x0000005c33100000] [id=16904]

Threads with active compile tasks:
C2 CompilerThread0     1948 2280       4       java.io.FilterInputStream::read (11 bytes)
C1 CompilerThread0     1948 2303       3       java.io.DataInputStream::readUTF (501 bytes)

VM state: not at safepoint (normal execution)

VM Mutex/Monitor currently owned by a thread:  ([mutex/lock_event])
[0x0000016b69a9f6c0] CodeCache_lock - owner thread: 0x0000016b012fe700
[0x0000016b69aa0ac0] Compile_lock - owner thread: 0x0000016b012fe700
[0x0000016b69aa05b0] MethodCompileQueue_lock - owner thread: 0x0000016b012fe700

Heap address: 0x00000000c0000000, size: 1024 MB, Compressed Oops mode: 32-bit

CDS archive(s) not mapped
Compressed class space mapped at: 0x0000000100000000-0x0000000140000000, reserved size: 1073741824
Narrow klass base: 0x0000000000000000, Narrow klass shift: 3, Narrow klass range: 0x140000000

GC Precious Log:
 CPUs: 8 total, 8 available
 Memory: 7600M
 Large Page Support: Disabled
 NUMA Support: Disabled
 Compressed Oops: Enabled (32-bit)
 Alignments: Space 512K, Generation 512K, Heap 2M
 Heap Min Capacity: 100M
 Heap Initial Capacity: 100M
 Heap Max Capacity: 1G
 Pre-touch: Disabled
 Parallel Workers: 8

Heap:
 PSYoungGen      total 29696K, used 7734K [0x00000000eab00000, 0x00000000ecc00000, 0x0000000100000000)
  eden space 25600K, 14% used [0x00000000eab00000,0x00000000eae8eb18,0x00000000ec400000)
  from space 4096K, 99% used [0x00000000ec400000,0x00000000ec7ff040,0x00000000ec800000)
  to   space 4096K, 0% used [0x00000000ec800000,0x00000000ec800000,0x00000000ecc00000)
 ParOldGen       total 68608K, used 3907K [0x00000000c0000000, 0x00000000c4300000, 0x00000000eab00000)
  object space 68608K, 5% used [0x00000000c0000000,0x00000000c03d0d10,0x00000000c4300000)
 Metaspace       used 20260K, committed 20672K, reserved 1073152K
  class space    used 2051K, committed 2240K, reserved 1048576K

Card table byte_map: [0x0000016b7d100000,0x0000016b7d310000] _byte_map_base: 0x0000016b7cb00000

Marking Bits: (ParMarkBitMap*) 0x00007ffaac5b0dd0
 Begin Bits: [0x0000016b7d470000, 0x0000016b7e470000)
 End Bits:   [0x0000016b7e470000, 0x0000016b7f470000)

Polling page: 0x0000016b69b70000

Metaspace:

Usage:
  Non-class:     17.78 MB used.
      Class:      2.00 MB used.
       Both:     19.79 MB used.

Virtual space:
  Non-class space:       24.00 MB reserved,      18.00 MB ( 75%) committed,  3 nodes.
      Class space:        1.00 GB reserved,       2.19 MB ( <1%) committed,  1 nodes.
             Both:        1.02 GB reserved,      20.19 MB (  2%) committed. 

Chunk freelists:
   Non-Class:  1.78 MB
       Class:  1.79 MB
        Both:  3.57 MB

MaxMetaspaceSize: unlimited
CompressedClassSpaceSize: 1.00 GB
Initial GC threshold: 21.00 MB
Current GC threshold: 21.00 MB
CDS: off
MetaspaceReclaimPolicy: balanced
 - commit_granule_bytes: 65536.
 - commit_granule_words: 8192.
 - virtual_space_node_default_size: 1048576.
 - enlarge_chunks_in_place: 1.
 - new_chunks_are_fully_committed: 0.
 - uncommit_free_chunks: 1.
 - use_allocation_guard: 0.
 - handle_deallocations: 1.


Internal statistics:

num_allocs_failed_limit: 0.
num_arena_births: 170.
num_arena_deaths: 0.
num_vsnodes_births: 4.
num_vsnodes_deaths: 0.
num_space_committed: 323.
num_space_uncommitted: 0.
num_chunks_returned_to_freelist: 0.
num_chunks_taken_from_freelist: 607.
num_chunk_merges: 0.
num_chunk_splits: 400.
num_chunks_enlarged: 287.
num_purges: 0.
num_inconsistent_stats: 0.

CodeHeap 'non-profiled nmethods': size=120000Kb used=892Kb max_used=892Kb free=119107Kb
 bounds [0x0000016b759f0000, 0x0000016b75c60000, 0x0000016b7cf20000]
CodeHeap 'profiled nmethods': size=120000Kb used=4561Kb max_used=4561Kb free=115438Kb
 bounds [0x0000016b6e4c0000, 0x0000016b6e940000, 0x0000016b759f0000]
CodeHeap 'non-nmethods': size=5760Kb used=1188Kb max_used=1220Kb free=4571Kb
 bounds [0x0000016b6df20000, 0x0000016b6e190000, 0x0000016b6e4c0000]
 total_blobs=2786 nmethods=2301 adapters=399
 compilation: enabled
              stopped_count=0, restarted_count=0
 full_count=0

Compilation events (20 events):
Event: 1.933 Thread 0x0000016b012fe700 nmethod 2282 0x0000016b6e928d90 code [0x0000016b6e928f40, 0x0000016b6e929168]
Event: 1.933 Thread 0x0000016b012fe700 2283       3       java.util.HashMap$EntryIterator::<init> (11 bytes)
Event: 1.934 Thread 0x0000016b012fe700 nmethod 2283 0x0000016b6e929290 code [0x0000016b6e929420, 0x0000016b6e929568]
Event: 1.934 Thread 0x0000016b012fe700 2284       1       org.eclipse.core.internal.dtree.AbstractDataTreeNode::isDelta (2 bytes)
Event: 1.934 Thread 0x0000016b012fe700 nmethod 2284 0x0000016b75acc790 code [0x0000016b75acc920, 0x0000016b75acc9f8]
Event: 1.934 Thread 0x0000016b012fe700 2285       1       org.eclipse.core.internal.resources.MarkerInfo::getId (5 bytes)
Event: 1.934 Thread 0x0000016b012fe700 nmethod 2285 0x0000016b75acca90 code [0x0000016b75accc20, 0x0000016b75acccf8]
Event: 1.934 Thread 0x0000016b012fe700 2287       3       org.eclipse.core.runtime.Path::segment (18 bytes)
Event: 1.935 Thread 0x0000016b012fe700 nmethod 2287 0x0000016b6e929610 code [0x0000016b6e9297c0, 0x0000016b6e929958]
Event: 1.935 Thread 0x0000016b012fe700 2289       3       org.eclipse.core.internal.dtree.AbstractDataTreeNode::indexOfChild (75 bytes)
Event: 1.935 Thread 0x0000016b012fe700 nmethod 2289 0x0000016b6e929a10 code [0x0000016b6e929be0, 0x0000016b6e929f48]
Event: 1.935 Thread 0x0000016b012fe700 2288       3       org.eclipse.core.internal.dtree.AbstractDataTreeNode::childAtOrNull (21 bytes)
Event: 1.935 Thread 0x0000016b012fe700 nmethod 2288 0x0000016b6e92a110 code [0x0000016b6e92a2c0, 0x0000016b6e92a528]
Event: 1.935 Thread 0x0000016b012fe700 2290       3       java.util.concurrent.atomic.AtomicReference::<init> (10 bytes)
Event: 1.935 Thread 0x0000016b012fe700 nmethod 2290 0x0000016b6e92a690 code [0x0000016b6e92a820, 0x0000016b6e92a9b8]
Event: 1.935 Thread 0x0000016b012fe700 2291       3       org.eclipse.core.internal.resources.MarkerReader_3::readAttributes (145 bytes)
Event: 1.936 Thread 0x0000016b012fe700 nmethod 2291 0x0000016b6e92aa90 code [0x0000016b6e92ada0, 0x0000016b6e92bdd8]
Event: 1.936 Thread 0x0000016b012fe700 2292       3       org.eclipse.core.internal.resources.MarkerAttributeMap::putAll (111 bytes)
Event: 1.936 Thread 0x0000016b012fe700 nmethod 2292 0x0000016b6e92c390 code [0x0000016b6e92c620, 0x0000016b6e92d388]
Event: 1.937 Thread 0x0000016b012fe700 2293       3       org.eclipse.core.internal.resources.MarkerReader_3::readMarkerInfo (125 bytes)

GC Heap History (6 events):
Event: 0.911 GC heap before
{Heap before GC invocations=1 (full 0):
 PSYoungGen      total 29696K, used 25600K [0x00000000eab00000, 0x00000000ecc00000, 0x0000000100000000)
  eden space 25600K, 100% used [0x00000000eab00000,0x00000000ec400000,0x00000000ec400000)
  from space 4096K, 0% used [0x00000000ec800000,0x00000000ec800000,0x00000000ecc00000)
  to   space 4096K, 0% used [0x00000000ec400000,0x00000000ec400000,0x00000000ec800000)
 ParOldGen       total 68608K, used 0K [0x00000000c0000000, 0x00000000c4300000, 0x00000000eab00000)
  object space 68608K, 0% used [0x00000000c0000000,0x00000000c0000000,0x00000000c4300000)
 Metaspace       used 10961K, committed 11136K, reserved 1064960K
  class space    used 1087K, committed 1152K, reserved 1048576K
}
Event: 0.916 GC heap after
{Heap after GC invocations=1 (full 0):
 PSYoungGen      total 29696K, used 3704K [0x00000000eab00000, 0x00000000ecc00000, 0x0000000100000000)
  eden space 25600K, 0% used [0x00000000eab00000,0x00000000eab00000,0x00000000ec400000)
  from space 4096K, 90% used [0x00000000ec400000,0x00000000ec79e218,0x00000000ec800000)
  to   space 4096K, 0% used [0x00000000ec800000,0x00000000ec800000,0x00000000ecc00000)
 ParOldGen       total 68608K, used 16K [0x00000000c0000000, 0x00000000c4300000, 0x00000000eab00000)
  object space 68608K, 0% used [0x00000000c0000000,0x00000000c0004000,0x00000000c4300000)
 Metaspace       used 10961K, committed 11136K, reserved 1064960K
  class space    used 1087K, committed 1152K, reserved 1048576K
}
Event: 1.454 GC heap before
{Heap before GC invocations=2 (full 0):
 PSYoungGen      total 29696K, used 29304K [0x00000000eab00000, 0x00000000ecc00000, 0x0000000100000000)
  eden space 25600K, 100% used [0x00000000eab00000,0x00000000ec400000,0x00000000ec400000)
  from space 4096K, 90% used [0x00000000ec400000,0x00000000ec79e218,0x00000000ec800000)
  to   space 4096K, 0% used [0x00000000ec800000,0x00000000ec800000,0x00000000ecc00000)
 ParOldGen       total 68608K, used 16K [0x00000000c0000000, 0x00000000c4300000, 0x00000000eab00000)
  object space 68608K, 0% used [0x00000000c0000000,0x00000000c0004000,0x00000000c4300000)
 Metaspace       used 14812K, committed 15104K, reserved 1064960K
  class space    used 1495K, committed 1664K, reserved 1048576K
}
Event: 1.460 GC heap after
{Heap after GC invocations=2 (full 0):
 PSYoungGen      total 29696K, used 4093K [0x00000000eab00000, 0x00000000ecc00000, 0x0000000100000000)
  eden space 25600K, 0% used [0x00000000eab00000,0x00000000eab00000,0x00000000ec400000)
  from space 4096K, 99% used [0x00000000ec800000,0x00000000ecbff718,0x00000000ecc00000)
  to   space 4096K, 0% used [0x00000000ec400000,0x00000000ec400000,0x00000000ec800000)
 ParOldGen       total 68608K, used 1949K [0x00000000c0000000, 0x00000000c4300000, 0x00000000eab00000)
  object space 68608K, 2% used [0x00000000c0000000,0x00000000c01e76f8,0x00000000c4300000)
 Metaspace       used 14812K, committed 15104K, reserved 1064960K
  class space    used 1495K, committed 1664K, reserved 1048576K
}
Event: 1.875 GC heap before
{Heap before GC invocations=3 (full 0):
 PSYoungGen      total 29696K, used 29693K [0x00000000eab00000, 0x00000000ecc00000, 0x0000000100000000)
  eden space 25600K, 100% used [0x00000000eab00000,0x00000000ec400000,0x00000000ec400000)
  from space 4096K, 99% used [0x00000000ec800000,0x00000000ecbff718,0x00000000ecc00000)
  to   space 4096K, 0% used [0x00000000ec400000,0x00000000ec400000,0x00000000ec800000)
 ParOldGen       total 68608K, used 1949K [0x00000000c0000000, 0x00000000c4300000, 0x00000000eab00000)
  object space 68608K, 2% used [0x00000000c0000000,0x00000000c01e76f8,0x00000000c4300000)
 Metaspace       used 19805K, committed 20224K, reserved 1073152K
  class space    used 2008K, committed 2176K, reserved 1048576K
}
Event: 1.878 GC heap after
{Heap after GC invocations=3 (full 0):
 PSYoungGen      total 29696K, used 4092K [0x00000000eab00000, 0x00000000ecc00000, 0x0000000100000000)
  eden space 25600K, 0% used [0x00000000eab00000,0x00000000eab00000,0x00000000ec400000)
  from space 4096K, 99% used [0x00000000ec400000,0x00000000ec7ff040,0x00000000ec800000)
  to   space 4096K, 0% used [0x00000000ec800000,0x00000000ec800000,0x00000000ecc00000)
 ParOldGen       total 68608K, used 3907K [0x00000000c0000000, 0x00000000c4300000, 0x00000000eab00000)
  object space 68608K, 5% used [0x00000000c0000000,0x00000000c03d0d10,0x00000000c4300000)
 Metaspace       used 19805K, committed 20224K, reserved 1073152K
  class space    used 2008K, committed 2176K, reserved 1048576K
}

Dll operation events (9 events):
Event: 0.015 Loaded shared library c:\Users\sethu\.vscode\extensions\redhat.java-1.14.0-win32-x64\jre\17.0.5-win32-x86_64\bin\java.dll
Event: 0.163 Loaded shared library c:\Users\sethu\.vscode\extensions\redhat.java-1.14.0-win32-x64\jre\17.0.5-win32-x86_64\bin\zip.dll
Event: 0.166 Loaded shared library C:\Users\sethu\.vscode\extensions\redhat.java-1.14.0-win32-x64\jre\17.0.5-win32-x86_64\bin\instrument.dll
Event: 0.178 Loaded shared library C:\Users\sethu\.vscode\extensions\redhat.java-1.14.0-win32-x64\jre\17.0.5-win32-x86_64\bin\net.dll
Event: 0.180 Loaded shared library C:\Users\sethu\.vscode\extensions\redhat.java-1.14.0-win32-x64\jre\17.0.5-win32-x86_64\bin\nio.dll
Event: 0.187 Loaded shared library C:\Users\sethu\.vscode\extensions\redhat.java-1.14.0-win32-x64\jre\17.0.5-win32-x86_64\bin\zip.dll
Event: 0.202 Loaded shared library C:\Users\sethu\.vscode\extensions\redhat.java-1.14.0-win32-x64\jre\17.0.5-win32-x86_64\bin\jimage.dll
Event: 0.254 Loaded shared library c:\Users\sethu\.vscode\extensions\redhat.java-1.14.0-win32-x64\jre\17.0.5-win32-x86_64\bin\verify.dll
Event: 1.372 Loaded shared library C:\Users\sethu\AppData\Roaming\Code\User\globalStorage\redhat.java\1.14.0\config_win\org.eclipse.equinox.launcher\org.eclipse.equinox.launcher.win32.win32.x86_64_1.2.700.v20221108-1024\eclipse_11801.dll

Deoptimization events (20 events):
Event: 1.720 Thread 0x0000016b035a3840 Uncommon trap: trap_request=0xffffff45 fr.pc=0x0000016b75a2ded4 relative=0x0000000000000334
Event: 1.720 Thread 0x0000016b035a3840 Uncommon trap: reason=unstable_if action=reinterpret pc=0x0000016b75a2ded4 method=java.lang.AbstractStringBuilder.isLatin1()Z @ 10 c2
Event: 1.720 Thread 0x0000016b035a3840 DEOPT PACKING pc=0x0000016b75a2ded4 sp=0x0000005c32ef43a0
Event: 1.720 Thread 0x0000016b035a3840 DEOPT UNPACKING pc=0x0000016b6df720a3 sp=0x0000005c32ef4320 mode 2
Event: 1.726 Thread 0x0000016b035a3840 Uncommon trap: trap_request=0xffffff45 fr.pc=0x0000016b75a15f48 relative=0x0000000000000048
Event: 1.726 Thread 0x0000016b035a3840 Uncommon trap: reason=unstable_if action=reinterpret pc=0x0000016b75a15f48 method=java.lang.CharacterData.of(I)Ljava/lang/CharacterData; @ 4 c2
Event: 1.726 Thread 0x0000016b035a3840 DEOPT PACKING pc=0x0000016b75a15f48 sp=0x0000005c32ef3b50
Event: 1.726 Thread 0x0000016b035a3840 DEOPT UNPACKING pc=0x0000016b6df720a3 sp=0x0000005c32ef3ae8 mode 2
Event: 1.798 Thread 0x0000016b035a3840 Uncommon trap: trap_request=0xffffff45 fr.pc=0x0000016b75a28bd0 relative=0x0000000000000d90
Event: 1.798 Thread 0x0000016b035a3840 Uncommon trap: reason=unstable_if action=reinterpret pc=0x0000016b75a28bd0 method=lombok.patcher.PatchScript.classMatches(Ljava/lang/String;Ljava/util/Collection;)Z @ 25 c2
Event: 1.798 Thread 0x0000016b035a3840 DEOPT PACKING pc=0x0000016b75a28bd0 sp=0x0000005c32ef26a0
Event: 1.798 Thread 0x0000016b035a3840 DEOPT UNPACKING pc=0x0000016b6df720a3 sp=0x0000005c32ef2660 mode 2
Event: 1.855 Thread 0x0000016b035a3840 Uncommon trap: trap_request=0xffffff45 fr.pc=0x0000016b75ac0d50 relative=0x0000000000000f10
Event: 1.855 Thread 0x0000016b035a3840 Uncommon trap: reason=unstable_if action=reinterpret pc=0x0000016b75ac0d50 method=java.util.Properties.loadConvert([CIILjava/lang/StringBuilder;)Ljava/lang/String; @ 491 c2
Event: 1.855 Thread 0x0000016b035a3840 DEOPT PACKING pc=0x0000016b75ac0d50 sp=0x0000005c32ef3490
Event: 1.855 Thread 0x0000016b035a3840 DEOPT UNPACKING pc=0x0000016b6df720a3 sp=0x0000005c32ef3480 mode 2
Event: 1.869 Thread 0x0000016b035a3840 Uncommon trap: trap_request=0xffffff45 fr.pc=0x0000016b75a6ccb4 relative=0x0000000000000094
Event: 1.869 Thread 0x0000016b035a3840 Uncommon trap: reason=unstable_if action=reinterpret pc=0x0000016b75a6ccb4 method=org.eclipse.osgi.container.ModuleRevisionBuilder.unmodifiableMap(Ljava/util/Map;)Ljava/util/Map; @ 27 c2
Event: 1.869 Thread 0x0000016b035a3840 DEOPT PACKING pc=0x0000016b75a6ccb4 sp=0x0000005c32ef5230
Event: 1.869 Thread 0x0000016b035a3840 DEOPT UNPACKING pc=0x0000016b6df720a3 sp=0x0000005c32ef51b0 mode 2

Classes unloaded (0 events):
No events

Classes redefined (0 events):
No events

Internal exceptions (20 events):
Event: 0.923 Thread 0x0000016b69aa4400 Exception <a 'java/lang/NoSuchMethodError'{0x00000000eab347a8}: 'int java.lang.invoke.DirectMethodHandle$Holder.invokeStaticInit(java.lang.Object, java.lang.Object)'> (0x00000000eab347a8) 
thrown [s\src\hotspot\share\interpreter\linkResolver.cpp, line 759]
Event: 0.963 Thread 0x0000016b69aa4400 Exception <a 'java/lang/NoSuchMethodError'{0x00000000eacb7518}: 'void java.lang.invoke.DirectMethodHandle$Holder.invokeSpecial(java.lang.Object, java.lang.Object, java.lang.Object)'> (0x00000000eacb7518) 
thrown [s\src\hotspot\share\interpreter\linkResolver.cpp, line 759]
Event: 1.223 Thread 0x0000016b69aa4400 Exception <a 'java/lang/NoSuchMethodError'{0x00000000eb924480}: 'java.lang.Object java.lang.invoke.DirectMethodHandle$Holder.newInvokeSpecial(java.lang.Object, int, java.lang.Object)'> (0x00000000eb924480) 
thrown [s\src\hotspot\share\interpreter\linkResolver.cpp, line 759]
Event: 1.364 Thread 0x0000016b69aa4400 Exception <a 'java/lang/UnsatisfiedLinkError'{0x00000000ebedf5a0}: 'void org.eclipse.equinox.launcher.JNIBridge._update_splash()'> (0x00000000ebedf5a0) 
thrown [s\src\hotspot\share\prims\nativeLookup.cpp, line 543]
Event: 1.407 Thread 0x0000016b035a3840 Exception <a 'java/lang/NoSuchMethodError'{0x00000000ec1828c0}: 'java.lang.Object java.lang.invoke.DirectMethodHandle$Holder.invokeStaticInit(java.lang.Object)'> (0x00000000ec1828c0) 
thrown [s\src\hotspot\share\interpreter\linkResolver.cpp, line 759]
Event: 1.590 Thread 0x0000016b035a3840 Exception <a 'java/io/FileNotFoundException'{0x00000000eb462988}> (0x00000000eb462988) 
thrown [s\src\hotspot\share\prims\jni.cpp, line 516]
Event: 1.598 Thread 0x0000016b035a3840 Exception <a 'java/lang/NullPointerException'{0x00000000eb4b8608}> (0x00000000eb4b8608) 
thrown [s\src\hotspot\share\interpreter\linkResolver.cpp, line 1350]
Event: 1.598 Thread 0x0000016b035a3840 Exception <a 'java/lang/NullPointerException'{0x00000000eb4b8e30}> (0x00000000eb4b8e30) 
thrown [s\src\hotspot\share\interpreter\linkResolver.cpp, line 1350]
Event: 1.668 Thread 0x0000016b035a3840 Exception <a 'java/lang/NoSuchMethodError'{0x00000000eb7ed138}: 'java.lang.Object java.lang.invoke.Invokers$Holder.invokeExact_MT(java.lang.Object, java.lang.Object, java.lang.Object, java.lang.Object, java.lang.Object, java.lang.Object)'> (0x00000000eb7ed138) 
thrown [s\src\hotspot\share\interpreter\linkResolver.cpp, line 759]
Event: 1.749 Thread 0x0000016b035a3840 Exception <a 'java/lang/NoSuchMethodError'{0x00000000ebcb8230}: 'void java.lang.invoke.DirectMethodHandle$Holder.invokeInterface(java.lang.Object, java.lang.Object, java.lang.Object)'> (0x00000000ebcb8230) 
thrown [s\src\hotspot\share\interpreter\linkResolver.cpp, line 759]
Event: 1.813 Thread 0x0000016b035a3840 Exception <a 'java/lang/NoSuchMethodError'{0x00000000ec089518}: 'java.lang.Object java.lang.invoke.DirectMethodHandle$Holder.invokeStatic(java.lang.Object, java.lang.Object, int)'> (0x00000000ec089518) 
thrown [s\src\hotspot\share\interpreter\linkResolver.cpp, line 759]
Event: 1.813 Thread 0x0000016b035a3840 Exception <a 'java/lang/NoSuchMethodError'{0x00000000ec08e5b8}: 'void java.lang.invoke.DirectMethodHandle$Holder.invokeStatic(java.lang.Object, java.lang.Object, int, java.lang.Object)'> (0x00000000ec08e5b8) 
thrown [s\src\hotspot\share\interpreter\linkResolver.cpp, line 759]
Event: 1.814 Thread 0x0000016b035a3840 Exception <a 'java/lang/NoSuchMethodError'{0x00000000ec095f90}: 'void java.lang.invoke.DelegatingMethodHandle$Holder.delegate(java.lang.Object, java.lang.Object, int, java.lang.Object)'> (0x00000000ec095f90) 
thrown [s\src\hotspot\share\interpreter\linkResolver.cpp, line 759]
Event: 1.814 Thread 0x0000016b035a3840 Exception <a 'java/lang/NoSuchMethodError'{0x00000000ec09a620}: 'int java.lang.invoke.DirectMethodHandle$Holder.invokeSpecial(java.lang.Object, java.lang.Object, java.lang.Object)'> (0x00000000ec09a620) 
thrown [s\src\hotspot\share\interpreter\linkResolver.cpp, line 759]
Event: 1.816 Thread 0x0000016b035a3840 Exception <a 'java/lang/NoSuchMethodError'{0x00000000ec0abc30}: 'int java.lang.invoke.DirectMethodHandle$Holder.invokeStatic(java.lang.Object, java.lang.Object, int)'> (0x00000000ec0abc30) 
thrown [s\src\hotspot\share\interpreter\linkResolver.cpp, line 759]
Event: 1.816 Thread 0x0000016b035a3840 Exception <a 'java/lang/NoSuchMethodError'{0x00000000ec0aff00}: 'int java.lang.invoke.DirectMethodHandle$Holder.invokeSpecial(java.lang.Object, java.lang.Object, java.lang.Object, int)'> (0x00000000ec0aff00) 
thrown [s\src\hotspot\share\interpreter\linkResolver.cpp, line 759]
Event: 1.818 Thread 0x0000016b035a3840 Exception <a 'java/lang/NoSuchMethodError'{0x00000000ec0cbbe8}: 'java.lang.Object java.lang.invoke.DirectMethodHandle$Holder.invokeStatic(java.lang.Object, java.lang.Object, java.lang.Object, java.lang.Object, int)'> (0x00000000ec0cbbe8) 
thrown [s\src\hotspot\share\interpreter\linkResolver.cpp, line 759]
Event: 1.820 Thread 0x0000016b035a3840 Exception <a 'java/lang/NoSuchMethodError'{0x00000000ec0d7fb0}: 'java.lang.Object java.lang.invoke.DelegatingMethodHandle$Holder.reinvoke_L(java.lang.Object, java.lang.Object, java.lang.Object, java.lang.Object, int, int)'> (0x00000000ec0d7fb0) 
thrown [s\src\hotspot\share\interpreter\linkResolver.cpp, line 759]
Event: 1.823 Thread 0x0000016b035a3840 Exception <a 'java/lang/NoSuchMethodError'{0x00000000ec0effb8}: 'java.lang.Object java.lang.invoke.Invokers$Holder.invokeExact_MT(java.lang.Object, java.lang.Object, java.lang.Object, java.lang.Object)'> (0x00000000ec0effb8) 
thrown [s\src\hotspot\share\interpreter\linkResolver.cpp, line 759]
Event: 1.917 Thread 0x0000016b035a3840 Exception <a 'java/lang/NoSuchMethodError'{0x00000000ead11a90}: 'java.lang.Object java.lang.invoke.DirectMethodHandle$Holder.newInvokeSpecial(java.lang.Object, java.lang.Object, java.lang.Object, java.lang.Object, java.lang.Object)'> (0x00000000ead11a90) 
thrown [s\src\hotspot\share\interpreter\linkResolver.cpp, line 759]

VM Operations (20 events):
Event: 1.201 Executing VM operation: HandshakeAllThreads
Event: 1.201 Executing VM operation: HandshakeAllThreads done
Event: 1.202 Executing VM operation: HandshakeAllThreads
Event: 1.202 Executing VM operation: HandshakeAllThreads done
Event: 1.206 Executing VM operation: HandshakeAllThreads
Event: 1.206 Executing VM operation: HandshakeAllThreads done
Event: 1.422 Executing VM operation: HandshakeAllThreads
Event: 1.422 Executing VM operation: HandshakeAllThreads done
Event: 1.454 Executing VM operation: ParallelGCFailedAllocation
Event: 1.460 Executing VM operation: ParallelGCFailedAllocation done
Event: 1.714 Executing VM operation: HandshakeAllThreads
Event: 1.714 Executing VM operation: HandshakeAllThreads done
Event: 1.727 Executing VM operation: HandshakeAllThreads
Event: 1.727 Executing VM operation: HandshakeAllThreads done
Event: 1.729 Executing VM operation: HandshakeAllThreads
Event: 1.729 Executing VM operation: HandshakeAllThreads done
Event: 1.812 Executing VM operation: HandshakeAllThreads
Event: 1.812 Executing VM operation: HandshakeAllThreads done
Event: 1.874 Executing VM operation: ParallelGCFailedAllocation
Event: 1.878 Executing VM operation: ParallelGCFailedAllocation done

Events (20 events):
Event: 1.854 loading class java/lang/IllegalCallerException
Event: 1.854 loading class java/lang/IllegalCallerException done
Event: 1.855 loading class java/lang/StackWalker$Option
Event: 1.855 loading class java/lang/StackWalker$Option done
Event: 1.870 loading class java/util/stream/SortedOps
Event: 1.870 loading class java/util/stream/SortedOps done
Event: 1.870 loading class java/util/stream/SortedOps$OfRef
Event: 1.870 loading class java/util/stream/ReferencePipeline$StatefulOp
Event: 1.871 loading class java/util/stream/ReferencePipeline$StatefulOp done
Event: 1.871 loading class java/util/stream/SortedOps$OfRef done
Event: 1.871 loading class java/util/stream/SortedOps$RefSortingSink
Event: 1.871 loading class java/util/stream/SortedOps$AbstractRefSortingSink
Event: 1.871 loading class java/util/stream/SortedOps$AbstractRefSortingSink done
Event: 1.871 loading class java/util/stream/SortedOps$RefSortingSink done
Event: 1.890 loading class java/util/concurrent/ForkJoinWorkerThread
Event: 1.892 loading class java/util/concurrent/ForkJoinWorkerThread done
Event: 1.896 loading class java/util/concurrent/ExecutionException
Event: 1.896 loading class java/util/concurrent/ExecutionException done
Event: 1.918 loading class java/io/FilenameFilter
Event: 1.918 loading class java/io/FilenameFilter done


Dynamic libraries:
0x00007ff72bff0000 - 0x00007ff72bffe000 	c:\Users\sethu\.vscode\extensions\redhat.java-1.14.0-win32-x64\jre\17.0.5-win32-x86_64\bin\java.exe
0x00007ffae30a0000 - 0x00007ffae32a9000 	C:\WINDOWS\SYSTEM32\ntdll.dll
0x00007ffae1cd0000 - 0x00007ffae1d8e000 	C:\WINDOWS\System32\KERNEL32.DLL
0x00007ffae08b0000 - 0x00007ffae0c2b000 	C:\WINDOWS\System32\KERNELBASE.dll
0x00007ffae0da0000 - 0x00007ffae0eb1000 	C:\WINDOWS\System32\ucrtbase.dll
0x00007ffadb9a0000 - 0x00007ffadb9b7000 	c:\Users\sethu\.vscode\extensions\redhat.java-1.14.0-win32-x64\jre\17.0.5-win32-x86_64\bin\jli.dll
0x00007ffae0f70000 - 0x00007ffae111d000 	C:\WINDOWS\System32\USER32.dll
0x00007ffae0ec0000 - 0x00007ffae0ee6000 	C:\WINDOWS\System32\win32u.dll
0x00007ffae2a70000 - 0x00007ffae2a99000 	C:\WINDOWS\System32\GDI32.dll
0x00007ffae0600000 - 0x00007ffae0718000 	C:\WINDOWS\System32\gdi32full.dll
0x00007ffae0810000 - 0x00007ffae08ad000 	C:\WINDOWS\System32\msvcp_win.dll
0x00007ffacce80000 - 0x00007ffacd125000 	C:\WINDOWS\WinSxS\amd64_microsoft.windows.common-controls_6595b64144ccf1df_6.0.22000.120_none_9d947278b86cc467\COMCTL32.dll
0x00007ffae2300000 - 0x00007ffae23a3000 	C:\WINDOWS\System32\msvcrt.dll
0x00007ffada1b0000 - 0x00007ffada1c9000 	c:\Users\sethu\.vscode\extensions\redhat.java-1.14.0-win32-x64\jre\17.0.5-win32-x86_64\bin\VCRUNTIME140.dll
0x00007ffae2fe0000 - 0x00007ffae3012000 	C:\WINDOWS\System32\IMM32.DLL
0x00007ffadb990000 - 0x00007ffadb99c000 	c:\Users\sethu\.vscode\extensions\redhat.java-1.14.0-win32-x64\jre\17.0.5-win32-x86_64\bin\vcruntime140_1.dll
0x00007ffaac680000 - 0x00007ffaac711000 	c:\Users\sethu\.vscode\extensions\redhat.java-1.14.0-win32-x64\jre\17.0.5-win32-x86_64\bin\msvcp140.dll
0x00007ffaaba30000 - 0x00007ffaac674000 	c:\Users\sethu\.vscode\extensions\redhat.java-1.14.0-win32-x64\jre\17.0.5-win32-x86_64\bin\server\jvm.dll
0x00007ffae20d0000 - 0x00007ffae217e000 	C:\WINDOWS\System32\ADVAPI32.dll
0x00007ffae11a0000 - 0x00007ffae123e000 	C:\WINDOWS\System32\sechost.dll
0x00007ffae1fb0000 - 0x00007ffae20d0000 	C:\WINDOWS\System32\RPCRT4.dll
0x00007ffad9fe0000 - 0x00007ffada013000 	C:\WINDOWS\SYSTEM32\WINMM.dll
0x00007ffac5c60000 - 0x00007ffac5c69000 	C:\WINDOWS\SYSTEM32\WSOCK32.dll
0x00007ffad7460000 - 0x00007ffad746a000 	C:\WINDOWS\SYSTEM32\VERSION.dll
0x00007ffae1f40000 - 0x00007ffae1faf000 	C:\WINDOWS\System32\WS2_32.dll
0x00007ffadf6b0000 - 0x00007ffadf6c8000 	C:\WINDOWS\SYSTEM32\kernel.appcore.dll
0x00007ffada880000 - 0x00007ffada88a000 	c:\Users\sethu\.vscode\extensions\redhat.java-1.14.0-win32-x64\jre\17.0.5-win32-x86_64\bin\jimage.dll
0x00007ffaddea0000 - 0x00007ffade0c1000 	C:\WINDOWS\SYSTEM32\DBGHELP.DLL
0x00007ffacc300000 - 0x00007ffacc331000 	C:\WINDOWS\SYSTEM32\dbgcore.DLL
0x00007ffae0720000 - 0x00007ffae079f000 	C:\WINDOWS\System32\bcryptPrimitives.dll
0x00007ffada1a0000 - 0x00007ffada1ae000 	c:\Users\sethu\.vscode\extensions\redhat.java-1.14.0-win32-x64\jre\17.0.5-win32-x86_64\bin\instrument.dll
0x00007ffada130000 - 0x00007ffada155000 	c:\Users\sethu\.vscode\extensions\redhat.java-1.14.0-win32-x64\jre\17.0.5-win32-x86_64\bin\java.dll
0x00007ffada180000 - 0x00007ffada198000 	c:\Users\sethu\.vscode\extensions\redhat.java-1.14.0-win32-x64\jre\17.0.5-win32-x86_64\bin\zip.dll
0x00007ffae1240000 - 0x00007ffae19f7000 	C:\WINDOWS\System32\SHELL32.dll
0x00007ffade610000 - 0x00007ffadee75000 	C:\WINDOWS\SYSTEM32\windows.storage.dll
0x00007ffae2ac0000 - 0x00007ffae2e38000 	C:\WINDOWS\System32\combase.dll
0x00007ffade4a0000 - 0x00007ffade606000 	C:\WINDOWS\SYSTEM32\wintypes.dll
0x00007ffae1d90000 - 0x00007ffae1e7a000 	C:\WINDOWS\System32\SHCORE.dll
0x00007ffae1b80000 - 0x00007ffae1bdd000 	C:\WINDOWS\System32\shlwapi.dll
0x00007ffae0470000 - 0x00007ffae0491000 	C:\WINDOWS\SYSTEM32\profapi.dll
0x00007ffad87f0000 - 0x00007ffad8809000 	C:\Users\sethu\.vscode\extensions\redhat.java-1.14.0-win32-x64\jre\17.0.5-win32-x86_64\bin\net.dll
0x00007ffadaa80000 - 0x00007ffadab94000 	C:\WINDOWS\SYSTEM32\WINHTTP.dll
0x00007ffadfb50000 - 0x00007ffadfbb7000 	C:\WINDOWS\system32\mswsock.dll
0x00007ffad87d0000 - 0x00007ffad87e5000 	C:\Users\sethu\.vscode\extensions\redhat.java-1.14.0-win32-x64\jre\17.0.5-win32-x86_64\bin\nio.dll
0x00007ffad2030000 - 0x00007ffad2040000 	c:\Users\sethu\.vscode\extensions\redhat.java-1.14.0-win32-x64\jre\17.0.5-win32-x86_64\bin\verify.dll
0x00007ffacff30000 - 0x00007ffacff6e000 	C:\Users\sethu\AppData\Roaming\Code\User\globalStorage\redhat.java\1.14.0\config_win\org.eclipse.equinox.launcher\org.eclipse.equinox.launcher.win32.win32.x86_64_1.2.700.v20221108-1024\eclipse_11801.dll
0x00007ffae2e40000 - 0x00007ffae2fda000 	C:\WINDOWS\System32\ole32.dll

dbghelp: loaded successfully - version: 4.0.5 - missing functions: none
symbol engine: initialized successfully - sym options: 0x614 - pdb path: .;c:\Users\sethu\.vscode\extensions\redhat.java-1.14.0-win32-x64\jre\17.0.5-win32-x86_64\bin;C:\WINDOWS\SYSTEM32;C:\WINDOWS\WinSxS\amd64_microsoft.windows.common-controls_6595b64144ccf1df_6.0.22000.120_none_9d947278b86cc467;c:\Users\sethu\.vscode\extensions\redhat.java-1.14.0-win32-x64\jre\17.0.5-win32-x86_64\bin\server;C:\Users\sethu\AppData\Roaming\Code\User\globalStorage\redhat.java\1.14.0\config_win\org.eclipse.equinox.launcher\org.eclipse.equinox.launcher.win32.win32.x86_64_1.2.700.v20221108-1024

VM Arguments:
jvm_args: --add-modules=ALL-SYSTEM --add-opens=java.base/java.util=ALL-UNNAMED --add-opens=java.base/java.lang=ALL-UNNAMED --add-opens=java.base/sun.nio.fs=ALL-UNNAMED -Declipse.application=org.eclipse.jdt.ls.core.id1 -Dosgi.bundles.defaultStartLevel=4 -Declipse.product=org.eclipse.jdt.ls.core.product -Djava.import.generatesMetadataFilesAtProjectRoot=false -Dfile.encoding=utf8 -XX:+UseParallelGC -XX:GCTimeRatio=4 -XX:AdaptiveSizePolicyWeight=90 -Dsun.zip.disableMemoryMapping=true -Xmx1G -Xms100m -Xlog:disable -javaagent:c:\Users\sethu\.vscode\extensions\redhat.java-1.14.0-win32-x64\lombok\lombok-1.18.24.jar -XX:+HeapDumpOnOutOfMemoryError -XX:HeapDumpPath=c:\Users\sethu\AppData\Roaming\Code\User\workspaceStorage\04825ca620fa067f5a8a09fabb58348a\redhat.java 
java_command: c:\Users\sethu\.vscode\extensions\redhat.java-1.14.0-win32-x64\server\plugins\org.eclipse.equinox.launcher_1.6.400.v20210924-0641.jar -configuration c:\Users\sethu\AppData\Roaming\Code\User\globalStorage\redhat.java\1.14.0\config_win -data c:\Users\sethu\AppData\Roaming\Code\User\workspaceStorage\04825ca620fa067f5a8a09fabb58348a\redhat.java\jdt_ws
java_class_path (initial): c:\Users\sethu\.vscode\extensions\redhat.java-1.14.0-win32-x64\server\plugins\org.eclipse.equinox.launcher_1.6.400.v20210924-0641.jar
Launcher Type: SUN_STANDARD

[Global flags]
    uintx AdaptiveSizePolicyWeight                 = 90                                        {product} {command line}
     intx CICompilerCount                          = 4                                         {product} {ergonomic}
    uintx GCTimeRatio                              = 4                                         {product} {command line}
     bool HeapDumpOnOutOfMemoryError               = true                                   {manageable} {command line}
    ccstr HeapDumpPath                             = c:\Users\sethu\AppData\Roaming\Code\User\workspaceStorage\04825ca620fa067f5a8a09fabb58348a\redhat.java         {manageable} {command line}
   size_t InitialHeapSize                          = 104857600                                 {product} {command line}
   size_t MaxHeapSize                              = 1073741824                                {product} {command line}
   size_t MaxNewSize                               = 357564416                                 {product} {ergonomic}
   size_t MinHeapDeltaBytes                        = 524288                                    {product} {ergonomic}
   size_t MinHeapSize                              = 104857600                                 {product} {command line}
   size_t NewSize                                  = 34603008                                  {product} {ergonomic}
    uintx NonNMethodCodeHeapSize                   = 5839372                                {pd product} {ergonomic}
    uintx NonProfiledCodeHeapSize                  = 122909434                              {pd product} {ergonomic}
   size_t OldSize                                  = 70254592                                  {product} {ergonomic}
    uintx ProfiledCodeHeapSize                     = 122909434                              {pd product} {ergonomic}
    uintx ReservedCodeCacheSize                    = 251658240                              {pd product} {ergonomic}
     bool SegmentedCodeCache                       = true                                      {product} {ergonomic}
   size_t SoftMaxHeapSize                          = 1073741824                             {manageable} {ergonomic}
     bool UseCompressedClassPointers               = true                           {product lp64_product} {ergonomic}
     bool UseCompressedOops                        = true                           {product lp64_product} {ergonomic}
     bool UseLargePagesIndividualAllocation        = false                                  {pd product} {ergonomic}
     bool UseParallelGC                            = true                                      {product} {command line}

Logging:
Log output configuration:
 #0: stdout all=off uptime,level,tags
 #1: stderr all=off uptime,level,tags

Environment Variables:
JAVA_HOME=C:\Program Files\Java\jdk1.8.0_281
CLASSPATH=C:\Users\sethu\OneDrive\Desktop\servlet\apache-tomcat-10.0.21\lib\servlet-api.jar
PATH=C:\app\sethu\product\21c\dbhomeXE\bin;C:\Program Files\AdoptOpenJDK\jdk-14.0.2.12-hotspot\bin;C:\WINDOWS\system32;C:\WINDOWS;C:\WINDOWS\System32\Wbem;C:\WINDOWS\System32\WindowsPowerShell\v1.0\;C:\WINDOWS\System32\OpenSSH\;C:\Program Files\Git\cmd;C:\MinGW\bin;C:\Program Files\Docker\Docker\resources\bin;C:\ProgramData\DockerDesktop\version-bin;C:\Program Files\Java\jdk1.8.0_281\bin;C:\Program Files\nodejs\;C:\Program Files\Go\bin;C:\Program Files (x86)\dotnet\;C:\Ruby31-x64\bin;C:\Users\sethu\AppData\Local\Programs\Python\Python311\Scripts\;C:\Users\sethu\AppData\Local\Programs\Python\Python311\;C:\Users\sethu\AppData\Local\Microsoft\WindowsApps;C:\Users\sethu\AppData\Local\Programs\Microsoft VS Code\bin;C:\Program Files\JetBrains\PyCharm Community Edition 2022.1.2\bin;;C:\Program Files\heroku\bin;C:\Users\sethu\OneDrive\Desktop\Web-Dev\heroku\bin;C:\Users\sethu\AppData\Roaming\npm;C:\Users\sethu\go\bin;C:\Program Files\JetBrains\GoLand 2022.1.3\bin;;C:\Program Files\JetBrains\RubyMine 2022.1.3\bin;;C:\Program Files\JetBrains\IntelliJ IDEA 2022.1.3\bin;;C:\Program Files (x86)\Nmap;C:\sqlite3;
USERNAME=sethu
OS=Windows_NT
PROCESSOR_IDENTIFIER=AMD64 Family 23 Model 96 Stepping 1, AuthenticAMD
TMP=C:\Users\sethu\AppData\Local\Temp
TEMP=C:\Users\sethu\AppData\Local\Temp



---------------  S Y S T E M  ---------------

OS:
 Windows 11 , 64 bit Build 22000 (10.0.22000.1335)
OS uptime: 0 days 0:06 hours
Hyper-V role detected

CPU: total 8 (initial active 8) (8 cores per cpu, 1 threads per core) family 23 model 96 stepping 1 microcode 0x0, cx8, cmov, fxsr, mmx, 3dnowpref, sse, sse2, sse3, ssse3, sse4a, sse4.1, sse4.2, popcnt, lzcnt, tsc, tscinvbit, avx, avx2, aes, clmul, bmi1, bmi2, adx, sha, fma, vzeroupper, clflush, clflushopt, hv

Memory: 4k page, system-wide physical 7600M (1489M free)
TotalPageFile size 7600M (AvailPageFile size 4M)
current process WorkingSet (physical memory assigned to process): 104M, peak: 104M
current process commit charge ("private bytes"): 215M, peak: 216M

vm_info: OpenJDK 64-Bit Server VM (17.0.5+8) for windows-amd64 JRE (17.0.5+8), built on Oct 19 2022 04:48:13 by "temurin" with MS VC++ 16.7 (VS2019)

END.
