#
# There is insufficient memory for the Java Runtime Environment to continue.
# Native memory allocation (malloc) failed to allocate 524288 bytes for AllocateHeap
# Possible reasons:
#   The system is out of physical RAM or swap space
#   The process is running with CompressedOops enabled, and the Java Heap may be blocking the growth of the native heap
# Possible solutions:
#   Reduce memory load on the system
#   Increase physical memory or swap space
#   Check if swap backing store is full
#   Decrease Java heap size (-Xmx/-Xms)
#   Decrease number of Java threads
#   Decrease Java thread stack sizes (-Xss)
#   Set larger code cache with -XX:ReservedCodeCacheSize=
#   JVM is running with Unscaled Compressed Oops mode in which the Java heap is
#     placed in the first 4GB address space. The Java Heap base address is the
#     maximum limit for the native heap growth. Please use -XX:HeapBaseMinAddress
#     to set the Java Heap base and to place the Java Heap above 4GB virtual address.
# This output file may be truncated or incomplete.
#
#  Out of Memory Error (allocation.cpp:44), pid=10624, tid=16736
#
# JRE version:  (17.0.5+8) (build )
# Java VM: OpenJDK 64-Bit Server VM (17.0.5+8, mixed mode, tiered, compressed oops, compressed class ptrs, parallel gc, windows-amd64)
# No core dump will be written. Minidumps are not enabled by default on client versions of Windows
#

---------------  S U M M A R Y ------------

Command Line: --add-modules=ALL-SYSTEM --add-opens=java.base/java.util=ALL-UNNAMED --add-opens=java.base/java.lang=ALL-UNNAMED --add-opens=java.base/sun.nio.fs=ALL-UNNAMED -Declipse.application=org.eclipse.jdt.ls.core.id1 -Dosgi.bundles.defaultStartLevel=4 -Declipse.product=org.eclipse.jdt.ls.core.product -Djava.import.generatesMetadataFilesAtProjectRoot=false -Dfile.encoding=utf8 -XX:+UseParallelGC -XX:GCTimeRatio=4 -XX:AdaptiveSizePolicyWeight=90 -Dsun.zip.disableMemoryMapping=true -Xmx1G -Xms100m -Xlog:disable -javaagent:c:\Users\sethu\.vscode\extensions\redhat.java-1.14.0-win32-x64\lombok\lombok-1.18.24.jar c:\Users\sethu\.vscode\extensions\redhat.java-1.14.0-win32-x64\server\plugins\org.eclipse.equinox.launcher_1.6.400.v20210924-0641.jar -configuration c:\Users\sethu\AppData\Roaming\Code\User\globalStorage\redhat.java\1.14.0\config_ss_win -data c:\Users\sethu\AppData\Roaming\Code\User\workspaceStorage\04825ca620fa067f5a8a09fabb58348a\redhat.java\ss_ws

Host: AMD Ryzen 7 4700U with Radeon Graphics         , 8 cores, 7G,  Windows 11 , 64 bit Build 22000 (10.0.22000.1335)
Time: Mon Jan 23 21:59:09 2023 India Standard Time elapsed time: 0.013267 seconds (0d 0h 0m 0s)

---------------  T H R E A D  ---------------

Current thread (0x00000273ba4044c0):  JavaThread "Unknown thread" [_thread_in_vm, id=16736, stack(0x000000a0e3400000,0x000000a0e3500000)]

Stack: [0x000000a0e3400000,0x000000a0e3500000]
Native frames: (J=compiled Java code, j=interpreted, Vv=VM code, C=native code)
V  [jvm.dll+0x676b3a]
V  [jvm.dll+0x831444]
V  [jvm.dll+0x832bee]
V  [jvm.dll+0x833253]
V  [jvm.dll+0x244ce5]
V  [jvm.dll+0xa631f]
V  [jvm.dll+0x760bd2]
V  [jvm.dll+0x760b56]
V  [jvm.dll+0x760e11]
V  [jvm.dll+0x803256]
V  [jvm.dll+0x368bb1]
V  [jvm.dll+0x7e265c]
V  [jvm.dll+0x3eb17f]
V  [jvm.dll+0x3eccc1]
C  [jli.dll+0x5267]
C  [ucrtbase.dll+0x26c0c]
C  [KERNEL32.DLL+0x155a0]
C  [ntdll.dll+0x485b]


---------------  P R O C E S S  ---------------

Threads class SMR info:
_java_thread_list=0x00007ffaac542f18, length=0, elements={
}

Java Threads: ( => current thread )

Other Threads:
  0x00000273ba41a770 GCTaskThread "GC Thread#0" [stack: 0x000000a0e3500000,0x000000a0e3600000] [id=16772]

=>0x00000273ba4044c0 (exited) JavaThread "Unknown thread" [_thread_in_vm, id=16736, stack(0x000000a0e3400000,0x000000a0e3500000)]

Threads with active compile tasks:

VM state: not at safepoint (not fully initialized)

VM Mutex/Monitor currently owned by a thread: None

Heap address: 0x00000000c0000000, size: 1024 MB, Compressed Oops mode: 32-bit

CDS archive(s) not mapped
Compressed class space mapped at: 0x0000000100000000-0x0000000140000000, reserved size: 1073741824
Narrow klass base: 0x0000000000000000, Narrow klass shift: 3, Narrow klass range: 0x140000000

GC Precious Log:
 CPUs: 8 total, 8 available
 Memory: 7600M
 Large Page Support: Disabled
 NUMA Support: Disabled
 Compressed Oops: Enabled (32-bit)
 Alignments: Space 512K, Generation 512K, Heap 2M
 Heap Min Capacity: 100M
 Heap Initial Capacity: 100M
 Heap Max Capacity: 1G
 Pre-touch: Disabled
 Parallel Workers: 8

Heap:
 PSYoungGen      total 29696K, used 0K [0x00000000eab00000, 0x00000000ecc00000, 0x0000000100000000)
  eden space 25600K, 0% used [0x00000000eab00000,0x00000000eab00000,0x00000000ec400000)
  from space 4096K, 0% used [0x00000000ec800000,0x00000000ec800000,0x00000000ecc00000)
  to   space 4096K, 0% used [0x00000000ec400000,0x00000000ec400000,0x00000000ec800000)
 ParOldGen       total 68608K, used 0K [0x00000000c0000000, 0x00000000c4300000, 0x00000000eab00000)
  object space 68608K, 0% used [0x00000000c0000000,0x00000000c0000000,0x00000000c4300000)
 Metaspace       used 0K, committed 0K, reserved 1048576K
  class space    used 0K, committed 0K, reserved 1048576K

Card table byte_map: [0x00000273cdaa0000,0x00000273cdcb0000] _byte_map_base: 0x00000273cd4a0000

Marking Bits: (ParMarkBitMap*) 0x00007ffaac5b0dd0
 Begin Bits: [0x00000273cde10000, 0x00000273cee10000)
 End Bits:   [0x00000273cee10000, 0x00000273cfe10000)

GC Heap History (0 events):
No events

Dll operation events (1 events):
Event: 0.009 Loaded shared library c:\Users\sethu\.vscode\extensions\redhat.java-1.14.0-win32-x64\jre\17.0.5-win32-x86_64\bin\java.dll

Deoptimization events (0 events):
No events

Classes unloaded (0 events):
No events

Classes redefined (0 events):
No events

Internal exceptions (0 events):
No events

VM Operations (0 events):
No events

Events (0 events):
No events


Dynamic libraries:
0x00007ff72bff0000 - 0x00007ff72bffe000 	c:\Users\sethu\.vscode\extensions\redhat.java-1.14.0-win32-x64\jre\17.0.5-win32-x86_64\bin\java.exe
0x00007ffae30a0000 - 0x00007ffae32a9000 	C:\WINDOWS\SYSTEM32\ntdll.dll
0x00007ffae1cd0000 - 0x00007ffae1d8e000 	C:\WINDOWS\System32\KERNEL32.DLL
0x00007ffae08b0000 - 0x00007ffae0c2b000 	C:\WINDOWS\System32\KERNELBASE.dll
0x00007ffae0da0000 - 0x00007ffae0eb1000 	C:\WINDOWS\System32\ucrtbase.dll
0x00007ffadb9a0000 - 0x00007ffadb9b7000 	c:\Users\sethu\.vscode\extensions\redhat.java-1.14.0-win32-x64\jre\17.0.5-win32-x86_64\bin\jli.dll
0x00007ffada1b0000 - 0x00007ffada1c9000 	c:\Users\sethu\.vscode\extensions\redhat.java-1.14.0-win32-x64\jre\17.0.5-win32-x86_64\bin\VCRUNTIME140.dll
0x00007ffae0f70000 - 0x00007ffae111d000 	C:\WINDOWS\System32\USER32.dll
0x00007ffacce80000 - 0x00007ffacd125000 	C:\WINDOWS\WinSxS\amd64_microsoft.windows.common-controls_6595b64144ccf1df_6.0.22000.120_none_9d947278b86cc467\COMCTL32.dll
0x00007ffae0ec0000 - 0x00007ffae0ee6000 	C:\WINDOWS\System32\win32u.dll
0x00007ffae2300000 - 0x00007ffae23a3000 	C:\WINDOWS\System32\msvcrt.dll
0x00007ffae2a70000 - 0x00007ffae2a99000 	C:\WINDOWS\System32\GDI32.dll
0x00007ffae0600000 - 0x00007ffae0718000 	C:\WINDOWS\System32\gdi32full.dll
0x00007ffae0810000 - 0x00007ffae08ad000 	C:\WINDOWS\System32\msvcp_win.dll
0x00007ffae2fe0000 - 0x00007ffae3012000 	C:\WINDOWS\System32\IMM32.DLL
0x00007ffadb990000 - 0x00007ffadb99c000 	c:\Users\sethu\.vscode\extensions\redhat.java-1.14.0-win32-x64\jre\17.0.5-win32-x86_64\bin\vcruntime140_1.dll
0x00007ffaac680000 - 0x00007ffaac711000 	c:\Users\sethu\.vscode\extensions\redhat.java-1.14.0-win32-x64\jre\17.0.5-win32-x86_64\bin\msvcp140.dll
0x00007ffaaba30000 - 0x00007ffaac674000 	c:\Users\sethu\.vscode\extensions\redhat.java-1.14.0-win32-x64\jre\17.0.5-win32-x86_64\bin\server\jvm.dll
0x00007ffae20d0000 - 0x00007ffae217e000 	C:\WINDOWS\System32\ADVAPI32.dll
0x00007ffae11a0000 - 0x00007ffae123e000 	C:\WINDOWS\System32\sechost.dll
0x00007ffae1fb0000 - 0x00007ffae20d0000 	C:\WINDOWS\System32\RPCRT4.dll
0x00007ffad9fe0000 - 0x00007ffada013000 	C:\WINDOWS\SYSTEM32\WINMM.dll
0x00007ffac5c60000 - 0x00007ffac5c69000 	C:\WINDOWS\SYSTEM32\WSOCK32.dll
0x00007ffad7460000 - 0x00007ffad746a000 	C:\WINDOWS\SYSTEM32\VERSION.dll
0x00007ffae1f40000 - 0x00007ffae1faf000 	C:\WINDOWS\System32\WS2_32.dll
0x00007ffadf6b0000 - 0x00007ffadf6c8000 	C:\WINDOWS\SYSTEM32\kernel.appcore.dll
0x00007ffada880000 - 0x00007ffada88a000 	c:\Users\sethu\.vscode\extensions\redhat.java-1.14.0-win32-x64\jre\17.0.5-win32-x86_64\bin\jimage.dll
0x00007ffaddea0000 - 0x00007ffade0c1000 	C:\WINDOWS\SYSTEM32\DBGHELP.DLL
0x00007ffacc300000 - 0x00007ffacc331000 	C:\WINDOWS\SYSTEM32\dbgcore.DLL
0x00007ffae0720000 - 0x00007ffae079f000 	C:\WINDOWS\System32\bcryptPrimitives.dll
0x00007ffada1a0000 - 0x00007ffada1ae000 	c:\Users\sethu\.vscode\extensions\redhat.java-1.14.0-win32-x64\jre\17.0.5-win32-x86_64\bin\instrument.dll
0x00007ffada130000 - 0x00007ffada155000 	c:\Users\sethu\.vscode\extensions\redhat.java-1.14.0-win32-x64\jre\17.0.5-win32-x86_64\bin\java.dll

dbghelp: loaded successfully - version: 4.0.5 - missing functions: none
symbol engine: initialized successfully - sym options: 0x614 - pdb path: .;c:\Users\sethu\.vscode\extensions\redhat.java-1.14.0-win32-x64\jre\17.0.5-win32-x86_64\bin;C:\WINDOWS\SYSTEM32;C:\WINDOWS\WinSxS\amd64_microsoft.windows.common-controls_6595b64144ccf1df_6.0.22000.120_none_9d947278b86cc467;c:\Users\sethu\.vscode\extensions\redhat.java-1.14.0-win32-x64\jre\17.0.5-win32-x86_64\bin\server

VM Arguments:
jvm_args: --add-modules=ALL-SYSTEM --add-opens=java.base/java.util=ALL-UNNAMED --add-opens=java.base/java.lang=ALL-UNNAMED --add-opens=java.base/sun.nio.fs=ALL-UNNAMED -Declipse.application=org.eclipse.jdt.ls.core.id1 -Dosgi.bundles.defaultStartLevel=4 -Declipse.product=org.eclipse.jdt.ls.core.product -Djava.import.generatesMetadataFilesAtProjectRoot=false -Dfile.encoding=utf8 -XX:+UseParallelGC -XX:GCTimeRatio=4 -XX:AdaptiveSizePolicyWeight=90 -Dsun.zip.disableMemoryMapping=true -Xmx1G -Xms100m -Xlog:disable -javaagent:c:\Users\sethu\.vscode\extensions\redhat.java-1.14.0-win32-x64\lombok\lombok-1.18.24.jar 
java_command: c:\Users\sethu\.vscode\extensions\redhat.java-1.14.0-win32-x64\server\plugins\org.eclipse.equinox.launcher_1.6.400.v20210924-0641.jar -configuration c:\Users\sethu\AppData\Roaming\Code\User\globalStorage\redhat.java\1.14.0\config_ss_win -data c:\Users\sethu\AppData\Roaming\Code\User\workspaceStorage\04825ca620fa067f5a8a09fabb58348a\redhat.java\ss_ws
java_class_path (initial): c:\Users\sethu\.vscode\extensions\redhat.java-1.14.0-win32-x64\server\plugins\org.eclipse.equinox.launcher_1.6.400.v20210924-0641.jar
Launcher Type: SUN_STANDARD

[Global flags]
    uintx AdaptiveSizePolicyWeight                 = 90                                        {product} {command line}
     intx CICompilerCount                          = 4                                         {product} {ergonomic}
    uintx GCTimeRatio                              = 4                                         {product} {command line}
   size_t InitialHeapSize                          = 104857600                                 {product} {command line}
   size_t MaxHeapSize                              = 1073741824                                {product} {command line}
   size_t MaxNewSize                               = 357564416                                 {product} {ergonomic}
   size_t MinHeapDeltaBytes                        = 524288                                    {product} {ergonomic}
   size_t MinHeapSize                              = 104857600                                 {product} {command line}
   size_t NewSize                                  = 34603008                                  {product} {ergonomic}
    uintx NonNMethodCodeHeapSize                   = 5839372                                {pd product} {ergonomic}
    uintx NonProfiledCodeHeapSize                  = 122909434                              {pd product} {ergonomic}
   size_t OldSize                                  = 70254592                                  {product} {ergonomic}
    uintx ProfiledCodeHeapSize                     = 122909434                              {pd product} {ergonomic}
    uintx ReservedCodeCacheSize                    = 251658240                              {pd product} {ergonomic}
     bool SegmentedCodeCache                       = true                                      {product} {ergonomic}
   size_t SoftMaxHeapSize                          = 1073741824                             {manageable} {ergonomic}
     bool UseCompressedClassPointers               = true                           {product lp64_product} {ergonomic}
     bool UseCompressedOops                        = true                           {product lp64_product} {ergonomic}
     bool UseLargePagesIndividualAllocation        = false                                  {pd product} {ergonomic}
     bool UseParallelGC                            = true                                      {product} {command line}

Logging:
Log output configuration:
 #0: stdout all=off uptime,level,tags
 #1: stderr all=off uptime,level,tags

Environment Variables:
JAVA_HOME=C:\Program Files\Java\jdk1.8.0_281
CLASSPATH=C:\Users\sethu\OneDrive\Desktop\servlet\apache-tomcat-10.0.21\lib\servlet-api.jar
PATH=C:\app\sethu\product\21c\dbhomeXE\bin;C:\Program Files\AdoptOpenJDK\jdk-14.0.2.12-hotspot\bin;C:\WINDOWS\system32;C:\WINDOWS;C:\WINDOWS\System32\Wbem;C:\WINDOWS\System32\WindowsPowerShell\v1.0\;C:\WINDOWS\System32\OpenSSH\;C:\Program Files\Git\cmd;C:\MinGW\bin;C:\Program Files\Docker\Docker\resources\bin;C:\ProgramData\DockerDesktop\version-bin;C:\Program Files\Java\jdk1.8.0_281\bin;C:\Program Files\nodejs\;C:\Program Files\Go\bin;C:\Program Files (x86)\dotnet\;C:\Ruby31-x64\bin;C:\Users\sethu\AppData\Local\Programs\Python\Python311\Scripts\;C:\Users\sethu\AppData\Local\Programs\Python\Python311\;C:\Users\sethu\AppData\Local\Microsoft\WindowsApps;C:\Users\sethu\AppData\Local\Programs\Microsoft VS Code\bin;C:\Program Files\JetBrains\PyCharm Community Edition 2022.1.2\bin;;C:\Program Files\heroku\bin;C:\Users\sethu\OneDrive\Desktop\Web-Dev\heroku\bin;C:\Users\sethu\AppData\Roaming\npm;C:\Users\sethu\go\bin;C:\Program Files\JetBrains\GoLand 2022.1.3\bin;;C:\Program Files\JetBrains\RubyMine 2022.1.3\bin;;C:\Program Files\JetBrains\IntelliJ IDEA 2022.1.3\bin;;C:\Program Files (x86)\Nmap;C:\sqlite3;
USERNAME=sethu
OS=Windows_NT
PROCESSOR_IDENTIFIER=AMD64 Family 23 Model 96 Stepping 1, AuthenticAMD
TMP=C:\Users\sethu\AppData\Local\Temp
TEMP=C:\Users\sethu\AppData\Local\Temp



---------------  S Y S T E M  ---------------

OS:
 Windows 11 , 64 bit Build 22000 (10.0.22000.1335)
OS uptime: 0 days 0:06 hours
Hyper-V role detected

CPU: total 8 (initial active 8) (8 cores per cpu, 1 threads per core) family 23 model 96 stepping 1 microcode 0x0, cx8, cmov, fxsr, mmx, 3dnowpref, sse, sse2, sse3, ssse3, sse4a, sse4.1, sse4.2, popcnt, lzcnt, tsc, tscinvbit, avx, avx2, aes, clmul, bmi1, bmi2, adx, sha, fma, vzeroupper, clflush, clflushopt, hv

Memory: 4k page, system-wide physical 7600M (1442M free)
TotalPageFile size 7600M (AvailPageFile size 8M)
current process WorkingSet (physical memory assigned to process): 10M, peak: 10M
current process commit charge ("private bytes"): 146M, peak: 146M

vm_info: OpenJDK 64-Bit Server VM (17.0.5+8) for windows-amd64 JRE (17.0.5+8), built on Oct 19 2022 04:48:13 by "temurin" with MS VC++ 16.7 (VS2019)

END.
