#
# There is insufficient memory for the Java Runtime Environment to continue.
# Native memory allocation (malloc) failed to allocate 228096 bytes for Chunk::new
# Possible reasons:
#   The system is out of physical RAM or swap space
#   The process is running with CompressedOops enabled, and the Java Heap may be blocking the growth of the native heap
# Possible solutions:
#   Reduce memory load on the system
#   Increase physical memory or swap space
#   Check if swap backing store is full
#   Decrease Java heap size (-Xmx/-Xms)
#   Decrease number of Java threads
#   Decrease Java thread stack sizes (-Xss)
#   Set larger code cache with -XX:ReservedCodeCacheSize=
#   JVM is running with Unscaled Compressed Oops mode in which the Java heap is
#     placed in the first 4GB address space. The Java Heap base address is the
#     maximum limit for the native heap growth. Please use -XX:HeapBaseMinAddress
#     to set the Java Heap base and to place the Java Heap above 4GB virtual address.
# This output file may be truncated or incomplete.
#
#  Out of Memory Error (arena.cpp:189), pid=13620, tid=12908
#
# JRE version: OpenJDK Runtime Environment Temurin-17.0.5+8 (17.0.5+8) (build 17.0.5+8)
# Java VM: OpenJDK 64-Bit Server VM Temurin-17.0.5+8 (17.0.5+8, mixed mode, tiered, compressed oops, compressed class ptrs, parallel gc, windows-amd64)
# No core dump will be written. Minidumps are not enabled by default on client versions of Windows
#

---------------  S U M M A R Y ------------

Command Line: --add-modules=ALL-SYSTEM --add-opens=java.base/java.util=ALL-UNNAMED --add-opens=java.base/java.lang=ALL-UNNAMED --add-opens=java.base/sun.nio.fs=ALL-UNNAMED -Declipse.application=org.eclipse.jdt.ls.core.id1 -Dosgi.bundles.defaultStartLevel=4 -Declipse.product=org.eclipse.jdt.ls.core.product -Djava.import.generatesMetadataFilesAtProjectRoot=false -Dfile.encoding=utf8 -XX:+UseParallelGC -XX:GCTimeRatio=4 -XX:AdaptiveSizePolicyWeight=90 -Dsun.zip.disableMemoryMapping=true -Xmx1G -Xms100m -Xlog:disable -javaagent:c:\Users\sethu\.vscode\extensions\redhat.java-1.14.0-win32-x64\lombok\lombok-1.18.24.jar -XX:+HeapDumpOnOutOfMemoryError -XX:HeapDumpPath=c:\Users\sethu\AppData\Roaming\Code\User\workspaceStorage\04825ca620fa067f5a8a09fabb58348a\redhat.java c:\Users\sethu\.vscode\extensions\redhat.java-1.14.0-win32-x64\server\plugins\org.eclipse.equinox.launcher_1.6.400.v20210924-0641.jar -configuration c:\Users\sethu\AppData\Roaming\Code\User\globalStorage\redhat.java\1.14.0\config_win -data c:\Users\sethu\AppData\Roaming\Code\User\workspaceStorage\04825ca620fa067f5a8a09fabb58348a\redhat.java\jdt_ws

Host: AMD Ryzen 7 4700U with Radeon Graphics         , 8 cores, 7G,  Windows 11 , 64 bit Build 22000 (10.0.22000.1335)
Time: Mon Jan 23 21:58:59 2023 India Standard Time elapsed time: 2.419458 seconds (0d 0h 0m 2s)

---------------  T H R E A D  ---------------

Current thread (0x000001f594afbb60):  JavaThread "C2 CompilerThread0" daemon [_thread_in_native, id=12908, stack(0x00000097f4e00000,0x00000097f4f00000)]


Current CompileTask:
C2:   2419 2948       4       java.lang.String::<init> (830 bytes)

Stack: [0x00000097f4e00000,0x00000097f4f00000]
Native frames: (J=compiled Java code, j=interpreted, Vv=VM code, C=native code)
V  [jvm.dll+0x676b3a]
V  [jvm.dll+0x831444]
V  [jvm.dll+0x832bee]
V  [jvm.dll+0x833253]
V  [jvm.dll+0x244ce5]
V  [jvm.dll+0xabbac]
V  [jvm.dll+0xac17c]
V  [jvm.dll+0x2abd2f]
V  [jvm.dll+0x57d517]
V  [jvm.dll+0x21fd72]
V  [jvm.dll+0x22014f]
V  [jvm.dll+0x2199a5]
V  [jvm.dll+0x216e6b]
V  [jvm.dll+0x1a343d]
V  [jvm.dll+0x22698a]
V  [jvm.dll+0x224ac5]
V  [jvm.dll+0x7e727b]
V  [jvm.dll+0x7e17ea]
V  [jvm.dll+0x6759e5]
C  [ucrtbase.dll+0x26c0c]
C  [KERNEL32.DLL+0x155a0]
C  [ntdll.dll+0x485b]


---------------  P R O C E S S  ---------------

Threads class SMR info:
_java_thread_list=0x000001f597a47010, length=22, elements={
0x000001f5fd109320, 0x000001f5fd1cb160, 0x000001f5fd1cc8d0, 0x000001f594aefee0,
0x000001f594af07a0, 0x000001f594af8040, 0x000001f594af8cb0, 0x000001f594afbb60,
0x000001f594b09860, 0x000001f594b0f180, 0x000001f594bbe650, 0x000001f594e357d0,
0x000001f596c3c470, 0x000001f596e30c80, 0x000001f5970780c0, 0x000001f597147640,
0x000001f596d7f6e0, 0x000001f596ddb040, 0x000001f597324010, 0x000001f597274370,
0x000001f594cb46f0, 0x000001f59765c010
}

Java Threads: ( => current thread )
  0x000001f5fd109320 JavaThread "main" [_thread_blocked, id=8588, stack(0x00000097f4500000,0x00000097f4600000)]
  0x000001f5fd1cb160 JavaThread "Reference Handler" daemon [_thread_blocked, id=2168, stack(0x00000097f4800000,0x00000097f4900000)]
  0x000001f5fd1cc8d0 JavaThread "Finalizer" daemon [_thread_blocked, id=2668, stack(0x00000097f4900000,0x00000097f4a00000)]
  0x000001f594aefee0 JavaThread "Signal Dispatcher" daemon [_thread_blocked, id=12040, stack(0x00000097f4a00000,0x00000097f4b00000)]
  0x000001f594af07a0 JavaThread "Attach Listener" daemon [_thread_blocked, id=9380, stack(0x00000097f4b00000,0x00000097f4c00000)]
  0x000001f594af8040 JavaThread "Service Thread" daemon [_thread_blocked, id=14096, stack(0x00000097f4c00000,0x00000097f4d00000)]
  0x000001f594af8cb0 JavaThread "Monitor Deflation Thread" daemon [_thread_blocked, id=9812, stack(0x00000097f4d00000,0x00000097f4e00000)]
=>0x000001f594afbb60 JavaThread "C2 CompilerThread0" daemon [_thread_in_native, id=12908, stack(0x00000097f4e00000,0x00000097f4f00000)]
  0x000001f594b09860 JavaThread "C1 CompilerThread0" daemon [_thread_blocked, id=2640, stack(0x00000097f4f00000,0x00000097f5000000)]
  0x000001f594b0f180 JavaThread "Sweeper thread" daemon [_thread_blocked, id=6944, stack(0x00000097f5000000,0x00000097f5100000)]
  0x000001f594bbe650 JavaThread "Common-Cleaner" daemon [_thread_blocked, id=9024, stack(0x00000097f5100000,0x00000097f5200000)]
  0x000001f594e357d0 JavaThread "Notification Thread" daemon [_thread_blocked, id=11668, stack(0x00000097f5300000,0x00000097f5400000)]
  0x000001f596c3c470 JavaThread "Active Thread: Equinox Container: 9b0ae125-a3d6-4287-9800-57db372f6e8d" [_thread_blocked, id=6420, stack(0x00000097f5c00000,0x00000097f5d00000)]
  0x000001f596e30c80 JavaThread "Framework Event Dispatcher: Equinox Container: 9b0ae125-a3d6-4287-9800-57db372f6e8d" daemon [_thread_blocked, id=15764, stack(0x00000097f5d00000,0x00000097f5e00000)]
  0x000001f5970780c0 JavaThread "Start Level: Equinox Container: 9b0ae125-a3d6-4287-9800-57db372f6e8d" daemon [_thread_in_native, id=9140, stack(0x00000097f5e00000,0x00000097f5f00000)]
  0x000001f597147640 JavaThread "SCR Component Actor" daemon [_thread_blocked, id=3004, stack(0x00000097f5f00000,0x00000097f6000000)]
  0x000001f596d7f6e0 JavaThread "SCR Component Registry" daemon [_thread_blocked, id=7188, stack(0x00000097f6100000,0x00000097f6200000)]
  0x000001f596ddb040 JavaThread "Worker-JM" [_thread_blocked, id=5704, stack(0x00000097f5500000,0x00000097f5600000)]
  0x000001f597324010 JavaThread "Worker-0" [_thread_blocked, id=4176, stack(0x00000097f6200000,0x00000097f6300000)]
  0x000001f597274370 JavaThread "Worker-1" [_thread_blocked, id=7892, stack(0x00000097f6300000,0x00000097f6400000)]
  0x000001f594cb46f0 JavaThread "C2 CompilerThread1" daemon [_thread_in_native, id=1256, stack(0x00000097f5200000,0x00000097f5300000)]
  0x000001f59765c010 JavaThread "Java indexing" daemon [_thread_blocked, id=17332, stack(0x00000097f6400000,0x00000097f6500000)]

Other Threads:
  0x000001f5fd1c8c60 VMThread "VM Thread" [stack: 0x00000097f4700000,0x00000097f4800000] [id=14368]
  0x000001f594e51e90 WatcherThread [stack: 0x00000097f5400000,0x00000097f5500000] [id=1380]
  0x000001f5fd11f500 GCTaskThread "GC Thread#0" [stack: 0x00000097f4600000,0x00000097f4700000] [id=14608]
  0x000001f595ece790 GCTaskThread "GC Thread#1" [stack: 0x00000097f5600000,0x00000097f5700000] [id=9160]
  0x000001f595faaa70 GCTaskThread "GC Thread#2" [stack: 0x00000097f5700000,0x00000097f5800000] [id=11788]
  0x000001f596170570 GCTaskThread "GC Thread#3" [stack: 0x00000097f5800000,0x00000097f5900000] [id=11448]
  0x000001f596170820 GCTaskThread "GC Thread#4" [stack: 0x00000097f5900000,0x00000097f5a00000] [id=14872]
  0x000001f595fa51d0 GCTaskThread "GC Thread#5" [stack: 0x00000097f5a00000,0x00000097f5b00000] [id=12396]
  0x000001f595fa5690 GCTaskThread "GC Thread#6" [stack: 0x00000097f5b00000,0x00000097f5c00000] [id=2900]
  0x000001f597126a40 GCTaskThread "GC Thread#7" [stack: 0x00000097f6000000,0x00000097f6100000] [id=3788]

Threads with active compile tasks:
C2 CompilerThread0     2430 2948       4       java.lang.String::<init> (830 bytes)
C2 CompilerThread1     2430 2663       4       org.objectweb.asm.ClassReader::readMethod (1066 bytes)

VM state: not at safepoint (normal execution)

VM Mutex/Monitor currently owned by a thread: None

Heap address: 0x00000000c0000000, size: 1024 MB, Compressed Oops mode: 32-bit

CDS archive(s) not mapped
Compressed class space mapped at: 0x0000000100000000-0x0000000140000000, reserved size: 1073741824
Narrow klass base: 0x0000000000000000, Narrow klass shift: 3, Narrow klass range: 0x140000000

GC Precious Log:
 CPUs: 8 total, 8 available
 Memory: 7600M
 Large Page Support: Disabled
 NUMA Support: Disabled
 Compressed Oops: Enabled (32-bit)
 Alignments: Space 512K, Generation 512K, Heap 2M
 Heap Min Capacity: 100M
 Heap Initial Capacity: 100M
 Heap Max Capacity: 1G
 Pre-touch: Disabled
 Parallel Workers: 8

Heap:
 PSYoungGen      total 27136K, used 7683K [0x00000000eab00000, 0x00000000ec980000, 0x0000000100000000)
  eden space 24064K, 19% used [0x00000000eab00000,0x00000000eaf98080,0x00000000ec280000)
  from space 3072K, 96% used [0x00000000ec400000,0x00000000ec6e8f20,0x00000000ec700000)
  to   space 2560K, 0% used [0x00000000ec700000,0x00000000ec700000,0x00000000ec980000)
 ParOldGen       total 68608K, used 8562K [0x00000000c0000000, 0x00000000c4300000, 0x00000000eab00000)
  object space 68608K, 12% used [0x00000000c0000000,0x00000000c085cb10,0x00000000c4300000)
 Metaspace       used 31745K, committed 32448K, reserved 1081344K
  class space    used 3177K, committed 3456K, reserved 1048576K

Card table byte_map: [0x000001f5feb90000,0x000001f5feda0000] _byte_map_base: 0x000001f5fe590000

Marking Bits: (ParMarkBitMap*) 0x00007ffaac5b0dd0
 Begin Bits: [0x000001f591bc0000, 0x000001f592bc0000)
 End Bits:   [0x000001f592bc0000, 0x000001f593bc0000)

Polling page: 0x000001f5fd1d0000

Metaspace:

Usage:
  Non-class:     27.90 MB used.
      Class:      3.10 MB used.
       Both:     31.00 MB used.

Virtual space:
  Non-class space:       32.00 MB reserved,      28.31 MB ( 88%) committed,  4 nodes.
      Class space:        1.00 GB reserved,       3.38 MB ( <1%) committed,  1 nodes.
             Both:        1.03 GB reserved,      31.69 MB (  3%) committed. 

Chunk freelists:
   Non-Class:  3.67 MB
       Class:  640.00 KB
        Both:  4.30 MB

MaxMetaspaceSize: unlimited
CompressedClassSpaceSize: 1.00 GB
Initial GC threshold: 21.00 MB
Current GC threshold: 35.00 MB
CDS: off
MetaspaceReclaimPolicy: balanced
 - commit_granule_bytes: 65536.
 - commit_granule_words: 8192.
 - virtual_space_node_default_size: 1048576.
 - enlarge_chunks_in_place: 1.
 - new_chunks_are_fully_committed: 0.
 - uncommit_free_chunks: 1.
 - use_allocation_guard: 0.
 - handle_deallocations: 1.


Internal statistics:

num_allocs_failed_limit: 3.
num_arena_births: 272.
num_arena_deaths: 14.
num_vsnodes_births: 5.
num_vsnodes_deaths: 0.
num_space_committed: 507.
num_space_uncommitted: 0.
num_chunks_returned_to_freelist: 17.
num_chunks_taken_from_freelist: 1202.
num_chunk_merges: 4.
num_chunk_splits: 783.
num_chunks_enlarged: 525.
num_purges: 2.
num_inconsistent_stats: 0.

CodeHeap 'non-profiled nmethods': size=120000Kb used=1248Kb max_used=1248Kb free=118751Kb
 bounds [0x000001f58a690000, 0x000001f58a900000, 0x000001f591bc0000]
CodeHeap 'profiled nmethods': size=120000Kb used=5874Kb max_used=5874Kb free=114126Kb
 bounds [0x000001f583160000, 0x000001f583720000, 0x000001f58a690000]
CodeHeap 'non-nmethods': size=5760Kb used=1254Kb max_used=1269Kb free=4505Kb
 bounds [0x000001f582bc0000, 0x000001f582e30000, 0x000001f583160000]
 total_blobs=3514 nmethods=2946 adapters=482
 compilation: enabled
              stopped_count=0, restarted_count=0
 full_count=0

Compilation events (20 events):
Event: 2.400 Thread 0x000001f594b09860 2939       3       java.nio.file.FileSystems::getDefault (14 bytes)
Event: 2.400 Thread 0x000001f594b09860 nmethod 2939 0x000001f583716310 code [0x000001f5837164e0, 0x000001f5837167f8]
Event: 2.401 Thread 0x000001f594afbb60 nmethod 2936 0x000001f58a7c7490 code [0x000001f58a7c7600, 0x000001f58a7c7798]
Event: 2.401 Thread 0x000001f594afbb60 2937       4       java.util.concurrent.locks.ReentrantReadWriteLock$Sync::tryReleaseShared (146 bytes)
Event: 2.401 Thread 0x000001f594afbb60 nmethod 2937 0x000001f58a7c7910 code [0x000001f58a7c7a80, 0x000001f58a7c7b98]
Event: 2.401 Thread 0x000001f594afbb60 2940       4       java.lang.ClassLoader::loadClass (7 bytes)
Event: 2.402 Thread 0x000001f594afbb60 nmethod 2940 0x000001f58a7c7c90 code [0x000001f58a7c7e00, 0x000001f58a7c7e98]
Event: 2.403 Thread 0x000001f594b09860 2941       3       org.eclipse.core.internal.registry.ConfigurationElementHandle::getName (8 bytes)
Event: 2.403 Thread 0x000001f594b09860 nmethod 2941 0x000001f583716910 code [0x000001f583716ae0, 0x000001f583717028]
Event: 2.404 Thread 0x000001f594b09860 2943   !   3       org.eclipse.osgi.internal.serviceregistry.ServiceRegistrationImpl::getReferenceImpl (57 bytes)
Event: 2.405 Thread 0x000001f594b09860 nmethod 2943 0x000001f583717210 code [0x000001f583717480, 0x000001f583717e68]
Event: 2.405 Thread 0x000001f594b09860 2944   !   3       java.lang.invoke.MethodHandleNatives::linkMethodHandleConstant (50 bytes)
Event: 2.405 Thread 0x000001f594b09860 nmethod 2944 0x000001f583718390 code [0x000001f583718560, 0x000001f583718748]
Event: 2.405 Thread 0x000001f594b09860 2945       3       java.lang.invoke.MethodHandles$Lookup::linkMethodHandleConstant (222 bytes)
Event: 2.406 Thread 0x000001f594b09860 nmethod 2945 0x000001f583718910 code [0x000001f583718ce0, 0x000001f58371a508]
Event: 2.406 Thread 0x000001f594b09860 2946       3       java.lang.invoke.MethodHandles$Lookup$ClassFile::<init> (20 bytes)
Event: 2.406 Thread 0x000001f594b09860 nmethod 2946 0x000001f58371ac90 code [0x000001f58371ae20, 0x000001f58371afb8]
Event: 2.406 Thread 0x000001f594b09860 2947       3       java.lang.invoke.MethodHandles$Lookup::makeHiddenClassDefiner (42 bytes)
Event: 2.407 Thread 0x000001f594b09860 nmethod 2947 0x000001f58371b090 code [0x000001f58371b360, 0x000001f58371c298]
Event: 2.411 Thread 0x000001f594afbb60 2948       4       java.lang.String::<init> (830 bytes)

GC Heap History (16 events):
Event: 0.579 GC heap before
{Heap before GC invocations=1 (full 0):
 PSYoungGen      total 29696K, used 25600K [0x00000000eab00000, 0x00000000ecc00000, 0x0000000100000000)
  eden space 25600K, 100% used [0x00000000eab00000,0x00000000ec400000,0x00000000ec400000)
  from space 4096K, 0% used [0x00000000ec800000,0x00000000ec800000,0x00000000ecc00000)
  to   space 4096K, 0% used [0x00000000ec400000,0x00000000ec400000,0x00000000ec800000)
 ParOldGen       total 68608K, used 0K [0x00000000c0000000, 0x00000000c4300000, 0x00000000eab00000)
  object space 68608K, 0% used [0x00000000c0000000,0x00000000c0000000,0x00000000c4300000)
 Metaspace       used 10938K, committed 11072K, reserved 1064960K
  class space    used 1086K, committed 1152K, reserved 1048576K
}
Event: 0.583 GC heap after
{Heap after GC invocations=1 (full 0):
 PSYoungGen      total 29696K, used 3704K [0x00000000eab00000, 0x00000000ecc00000, 0x0000000100000000)
  eden space 25600K, 0% used [0x00000000eab00000,0x00000000eab00000,0x00000000ec400000)
  from space 4096K, 90% used [0x00000000ec400000,0x00000000ec79e218,0x00000000ec800000)
  to   space 4096K, 0% used [0x00000000ec800000,0x00000000ec800000,0x00000000ecc00000)
 ParOldGen       total 68608K, used 16K [0x00000000c0000000, 0x00000000c4300000, 0x00000000eab00000)
  object space 68608K, 0% used [0x00000000c0000000,0x00000000c0004000,0x00000000c4300000)
 Metaspace       used 10938K, committed 11072K, reserved 1064960K
  class space    used 1086K, committed 1152K, reserved 1048576K
}
Event: 1.006 GC heap before
{Heap before GC invocations=2 (full 0):
 PSYoungGen      total 29696K, used 29304K [0x00000000eab00000, 0x00000000ecc00000, 0x0000000100000000)
  eden space 25600K, 100% used [0x00000000eab00000,0x00000000ec400000,0x00000000ec400000)
  from space 4096K, 90% used [0x00000000ec400000,0x00000000ec79e218,0x00000000ec800000)
  to   space 4096K, 0% used [0x00000000ec800000,0x00000000ec800000,0x00000000ecc00000)
 ParOldGen       total 68608K, used 16K [0x00000000c0000000, 0x00000000c4300000, 0x00000000eab00000)
  object space 68608K, 0% used [0x00000000c0000000,0x00000000c0004000,0x00000000c4300000)
 Metaspace       used 14731K, committed 15040K, reserved 1064960K
  class space    used 1492K, committed 1664K, reserved 1048576K
}
Event: 1.011 GC heap after
{Heap after GC invocations=2 (full 0):
 PSYoungGen      total 29696K, used 4093K [0x00000000eab00000, 0x00000000ecc00000, 0x0000000100000000)
  eden space 25600K, 0% used [0x00000000eab00000,0x00000000eab00000,0x00000000ec400000)
  from space 4096K, 99% used [0x00000000ec800000,0x00000000ecbff718,0x00000000ecc00000)
  to   space 4096K, 0% used [0x00000000ec400000,0x00000000ec400000,0x00000000ec800000)
 ParOldGen       total 68608K, used 1925K [0x00000000c0000000, 0x00000000c4300000, 0x00000000eab00000)
  object space 68608K, 2% used [0x00000000c0000000,0x00000000c01e1708,0x00000000c4300000)
 Metaspace       used 14731K, committed 15040K, reserved 1064960K
  class space    used 1492K, committed 1664K, reserved 1048576K
}
Event: 1.369 GC heap before
{Heap before GC invocations=3 (full 0):
 PSYoungGen      total 29696K, used 29693K [0x00000000eab00000, 0x00000000ecc00000, 0x0000000100000000)
  eden space 25600K, 100% used [0x00000000eab00000,0x00000000ec400000,0x00000000ec400000)
  from space 4096K, 99% used [0x00000000ec800000,0x00000000ecbff718,0x00000000ecc00000)
  to   space 4096K, 0% used [0x00000000ec400000,0x00000000ec400000,0x00000000ec800000)
 ParOldGen       total 68608K, used 1925K [0x00000000c0000000, 0x00000000c4300000, 0x00000000eab00000)
  object space 68608K, 2% used [0x00000000c0000000,0x00000000c01e1708,0x00000000c4300000)
 Metaspace       used 19752K, committed 20160K, reserved 1073152K
  class space    used 2003K, committed 2176K, reserved 1048576K
}
Event: 1.373 GC heap after
{Heap after GC invocations=3 (full 0):
 PSYoungGen      total 29696K, used 4079K [0x00000000eab00000, 0x00000000ecc00000, 0x0000000100000000)
  eden space 25600K, 0% used [0x00000000eab00000,0x00000000eab00000,0x00000000ec400000)
  from space 4096K, 99% used [0x00000000ec400000,0x00000000ec7fbc28,0x00000000ec800000)
  to   space 4096K, 0% used [0x00000000ec800000,0x00000000ec800000,0x00000000ecc00000)
 ParOldGen       total 68608K, used 3929K [0x00000000c0000000, 0x00000000c4300000, 0x00000000eab00000)
  object space 68608K, 5% used [0x00000000c0000000,0x00000000c03d64c0,0x00000000c4300000)
 Metaspace       used 19752K, committed 20160K, reserved 1073152K
  class space    used 2003K, committed 2176K, reserved 1048576K
}
Event: 1.499 GC heap before
{Heap before GC invocations=4 (full 0):
 PSYoungGen      total 29696K, used 12680K [0x00000000eab00000, 0x00000000ecc00000, 0x0000000100000000)
  eden space 25600K, 33% used [0x00000000eab00000,0x00000000eb366618,0x00000000ec400000)
  from space 4096K, 99% used [0x00000000ec400000,0x00000000ec7fbc28,0x00000000ec800000)
  to   space 4096K, 0% used [0x00000000ec800000,0x00000000ec800000,0x00000000ecc00000)
 ParOldGen       total 68608K, used 3929K [0x00000000c0000000, 0x00000000c4300000, 0x00000000eab00000)
  object space 68608K, 5% used [0x00000000c0000000,0x00000000c03d64c0,0x00000000c4300000)
 Metaspace       used 21050K, committed 21504K, reserved 1073152K
  class space    used 2147K, committed 2368K, reserved 1048576K
}
Event: 1.503 GC heap after
{Heap after GC invocations=4 (full 0):
 PSYoungGen      total 29696K, used 4066K [0x00000000eab00000, 0x00000000ecc00000, 0x0000000100000000)
  eden space 25600K, 0% used [0x00000000eab00000,0x00000000eab00000,0x00000000ec400000)
  from space 4096K, 99% used [0x00000000ec800000,0x00000000ecbf8bd8,0x00000000ecc00000)
  to   space 4096K, 0% used [0x00000000ec400000,0x00000000ec400000,0x00000000ec800000)
 ParOldGen       total 68608K, used 4657K [0x00000000c0000000, 0x00000000c4300000, 0x00000000eab00000)
  object space 68608K, 6% used [0x00000000c0000000,0x00000000c048c4e0,0x00000000c4300000)
 Metaspace       used 21050K, committed 21504K, reserved 1073152K
  class space    used 2147K, committed 2368K, reserved 1048576K
}
Event: 1.503 GC heap before
{Heap before GC invocations=5 (full 1):
 PSYoungGen      total 29696K, used 4066K [0x00000000eab00000, 0x00000000ecc00000, 0x0000000100000000)
  eden space 25600K, 0% used [0x00000000eab00000,0x00000000eab00000,0x00000000ec400000)
  from space 4096K, 99% used [0x00000000ec800000,0x00000000ecbf8bd8,0x00000000ecc00000)
  to   space 4096K, 0% used [0x00000000ec400000,0x00000000ec400000,0x00000000ec800000)
 ParOldGen       total 68608K, used 4657K [0x00000000c0000000, 0x00000000c4300000, 0x00000000eab00000)
  object space 68608K, 6% used [0x00000000c0000000,0x00000000c048c4e0,0x00000000c4300000)
 Metaspace       used 21050K, committed 21504K, reserved 1073152K
  class space    used 2147K, committed 2368K, reserved 1048576K
}
Event: 1.519 GC heap after
{Heap after GC invocations=5 (full 1):
 PSYoungGen      total 29696K, used 0K [0x00000000eab00000, 0x00000000ecc00000, 0x0000000100000000)
  eden space 25600K, 0% used [0x00000000eab00000,0x00000000eab00000,0x00000000ec400000)
  from space 4096K, 0% used [0x00000000ec800000,0x00000000ec800000,0x00000000ecc00000)
  to   space 4096K, 0% used [0x00000000ec400000,0x00000000ec400000,0x00000000ec800000)
 ParOldGen       total 68608K, used 8546K [0x00000000c0000000, 0x00000000c4300000, 0x00000000eab00000)
  object space 68608K, 12% used [0x00000000c0000000,0x00000000c0858b10,0x00000000c4300000)
 Metaspace       used 21037K, committed 21504K, reserved 1073152K
  class space    used 2144K, committed 2368K, reserved 1048576K
}
Event: 1.810 GC heap before
{Heap before GC invocations=6 (full 1):
 PSYoungGen      total 29696K, used 25494K [0x00000000eab00000, 0x00000000ecc00000, 0x0000000100000000)
  eden space 25600K, 99% used [0x00000000eab00000,0x00000000ec3e5b50,0x00000000ec400000)
  from space 4096K, 0% used [0x00000000ec800000,0x00000000ec800000,0x00000000ecc00000)
  to   space 4096K, 0% used [0x00000000ec400000,0x00000000ec400000,0x00000000ec800000)
 ParOldGen       total 68608K, used 8546K [0x00000000c0000000, 0x00000000c4300000, 0x00000000eab00000)
  object space 68608K, 12% used [0x00000000c0000000,0x00000000c0858b10,0x00000000c4300000)
 Metaspace       used 24273K, committed 24896K, reserved 1073152K
  class space    used 2518K, committed 2816K, reserved 1048576K
}
Event: 1.811 GC heap after
{Heap after GC invocations=6 (full 1):
 PSYoungGen      total 29184K, used 3684K [0x00000000eab00000, 0x00000000ecc80000, 0x0000000100000000)
  eden space 25088K, 0% used [0x00000000eab00000,0x00000000eab00000,0x00000000ec380000)
  from space 4096K, 89% used [0x00000000ec400000,0x00000000ec799030,0x00000000ec800000)
  to   space 4608K, 0% used [0x00000000ec800000,0x00000000ec800000,0x00000000ecc80000)
 ParOldGen       total 68608K, used 8554K [0x00000000c0000000, 0x00000000c4300000, 0x00000000eab00000)
  object space 68608K, 12% used [0x00000000c0000000,0x00000000c085ab10,0x00000000c4300000)
 Metaspace       used 24273K, committed 24896K, reserved 1073152K
  class space    used 2518K, committed 2816K, reserved 1048576K
}
Event: 1.994 GC heap before
{Heap before GC invocations=7 (full 1):
 PSYoungGen      total 29184K, used 28772K [0x00000000eab00000, 0x00000000ecc80000, 0x0000000100000000)
  eden space 25088K, 100% used [0x00000000eab00000,0x00000000ec380000,0x00000000ec380000)
  from space 4096K, 89% used [0x00000000ec400000,0x00000000ec799030,0x00000000ec800000)
  to   space 4608K, 0% used [0x00000000ec800000,0x00000000ec800000,0x00000000ecc80000)
 ParOldGen       total 68608K, used 8554K [0x00000000c0000000, 0x00000000c4300000, 0x00000000eab00000)
  object space 68608K, 12% used [0x00000000c0000000,0x00000000c085ab10,0x00000000c4300000)
 Metaspace       used 27506K, committed 28096K, reserved 1081344K
  class space    used 2764K, committed 3008K, reserved 1048576K
}
Event: 1.996 GC heap after
{Heap after GC invocations=7 (full 1):
 PSYoungGen      total 28672K, used 3888K [0x00000000eab00000, 0x00000000ecc00000, 0x0000000100000000)
  eden space 24576K, 0% used [0x00000000eab00000,0x00000000eab00000,0x00000000ec300000)
  from space 4096K, 94% used [0x00000000ec800000,0x00000000ecbcc298,0x00000000ecc00000)
  to   space 4096K, 0% used [0x00000000ec400000,0x00000000ec400000,0x00000000ec800000)
 ParOldGen       total 68608K, used 8554K [0x00000000c0000000, 0x00000000c4300000, 0x00000000eab00000)
  object space 68608K, 12% used [0x00000000c0000000,0x00000000c085ab10,0x00000000c4300000)
 Metaspace       used 27506K, committed 28096K, reserved 1081344K
  class space    used 2764K, committed 3008K, reserved 1048576K
}
Event: 2.334 GC heap before
{Heap before GC invocations=8 (full 1):
 PSYoungGen      total 28672K, used 28464K [0x00000000eab00000, 0x00000000ecc00000, 0x0000000100000000)
  eden space 24576K, 100% used [0x00000000eab00000,0x00000000ec300000,0x00000000ec300000)
  from space 4096K, 94% used [0x00000000ec800000,0x00000000ecbcc298,0x00000000ecc00000)
  to   space 4096K, 0% used [0x00000000ec400000,0x00000000ec400000,0x00000000ec800000)
 ParOldGen       total 68608K, used 8554K [0x00000000c0000000, 0x00000000c4300000, 0x00000000eab00000)
  object space 68608K, 12% used [0x00000000c0000000,0x00000000c085ab10,0x00000000c4300000)
 Metaspace       used 31111K, committed 31744K, reserved 1081344K
  class space    used 3092K, committed 3392K, reserved 1048576K
}
Event: 2.335 GC heap after
{Heap after GC invocations=8 (full 1):
 PSYoungGen      total 27136K, used 2979K [0x00000000eab00000, 0x00000000ec980000, 0x0000000100000000)
  eden space 24064K, 0% used [0x00000000eab00000,0x00000000eab00000,0x00000000ec280000)
  from space 3072K, 96% used [0x00000000ec400000,0x00000000ec6e8f20,0x00000000ec700000)
  to   space 2560K, 0% used [0x00000000ec700000,0x00000000ec700000,0x00000000ec980000)
 ParOldGen       total 68608K, used 8562K [0x00000000c0000000, 0x00000000c4300000, 0x00000000eab00000)
  object space 68608K, 12% used [0x00000000c0000000,0x00000000c085cb10,0x00000000c4300000)
 Metaspace       used 31111K, committed 31744K, reserved 1081344K
  class space    used 3092K, committed 3392K, reserved 1048576K
}

Dll operation events (11 events):
Event: 0.008 Loaded shared library c:\Users\sethu\.vscode\extensions\redhat.java-1.14.0-win32-x64\jre\17.0.5-win32-x86_64\bin\java.dll
Event: 0.120 Loaded shared library c:\Users\sethu\.vscode\extensions\redhat.java-1.14.0-win32-x64\jre\17.0.5-win32-x86_64\bin\zip.dll
Event: 0.123 Loaded shared library C:\Users\sethu\.vscode\extensions\redhat.java-1.14.0-win32-x64\jre\17.0.5-win32-x86_64\bin\instrument.dll
Event: 0.133 Loaded shared library C:\Users\sethu\.vscode\extensions\redhat.java-1.14.0-win32-x64\jre\17.0.5-win32-x86_64\bin\net.dll
Event: 0.135 Loaded shared library C:\Users\sethu\.vscode\extensions\redhat.java-1.14.0-win32-x64\jre\17.0.5-win32-x86_64\bin\nio.dll
Event: 0.139 Loaded shared library C:\Users\sethu\.vscode\extensions\redhat.java-1.14.0-win32-x64\jre\17.0.5-win32-x86_64\bin\zip.dll
Event: 0.150 Loaded shared library C:\Users\sethu\.vscode\extensions\redhat.java-1.14.0-win32-x64\jre\17.0.5-win32-x86_64\bin\jimage.dll
Event: 0.185 Loaded shared library c:\Users\sethu\.vscode\extensions\redhat.java-1.14.0-win32-x64\jre\17.0.5-win32-x86_64\bin\verify.dll
Event: 0.944 Loaded shared library C:\Users\sethu\AppData\Roaming\Code\User\globalStorage\redhat.java\1.14.0\config_win\org.eclipse.equinox.launcher\org.eclipse.equinox.launcher.win32.win32.x86_64_1.2.700.v20221108-1024\eclipse_11801.dll
Event: 2.279 Loaded shared library C:\Users\sethu\.vscode\extensions\redhat.java-1.14.0-win32-x64\jre\17.0.5-win32-x86_64\bin\management.dll
Event: 2.282 Loaded shared library C:\Users\sethu\.vscode\extensions\redhat.java-1.14.0-win32-x64\jre\17.0.5-win32-x86_64\bin\management_ext.dll

Deoptimization events (20 events):
Event: 2.179 Thread 0x000001f5970780c0 Uncommon trap: trap_request=0xffffffc6 fr.pc=0x000001f58a724204 relative=0x00000000000009c4
Event: 2.179 Thread 0x000001f5970780c0 Uncommon trap: reason=bimorphic_or_optimized_type_check action=maybe_recompile pc=0x000001f58a724204 method=java.util.HashMap.putVal(ILjava/lang/Object;Ljava/lang/Object;ZZ)Ljava/lang/Object; @ 56 c2
Event: 2.179 Thread 0x000001f5970780c0 DEOPT PACKING pc=0x000001f58a724204 sp=0x00000097f5efdf20
Event: 2.179 Thread 0x000001f5970780c0 DEOPT UNPACKING pc=0x000001f582c120a3 sp=0x00000097f5efde20 mode 2
Event: 2.179 Thread 0x000001f5970780c0 Uncommon trap: trap_request=0xffffffc6 fr.pc=0x000001f58a724204 relative=0x00000000000009c4
Event: 2.179 Thread 0x000001f5970780c0 Uncommon trap: reason=bimorphic_or_optimized_type_check action=maybe_recompile pc=0x000001f58a724204 method=java.util.HashMap.putVal(ILjava/lang/Object;Ljava/lang/Object;ZZ)Ljava/lang/Object; @ 56 c2
Event: 2.179 Thread 0x000001f5970780c0 DEOPT PACKING pc=0x000001f58a724204 sp=0x00000097f5efdf20
Event: 2.179 Thread 0x000001f5970780c0 DEOPT UNPACKING pc=0x000001f582c120a3 sp=0x00000097f5efde20 mode 2
Event: 2.179 Thread 0x000001f5970780c0 Uncommon trap: trap_request=0xffffffc6 fr.pc=0x000001f58a724204 relative=0x00000000000009c4
Event: 2.179 Thread 0x000001f5970780c0 Uncommon trap: reason=bimorphic_or_optimized_type_check action=maybe_recompile pc=0x000001f58a724204 method=java.util.HashMap.putVal(ILjava/lang/Object;Ljava/lang/Object;ZZ)Ljava/lang/Object; @ 56 c2
Event: 2.179 Thread 0x000001f5970780c0 DEOPT PACKING pc=0x000001f58a724204 sp=0x00000097f5efdf20
Event: 2.179 Thread 0x000001f5970780c0 DEOPT UNPACKING pc=0x000001f582c120a3 sp=0x00000097f5efde20 mode 2
Event: 2.179 Thread 0x000001f5970780c0 Uncommon trap: trap_request=0xffffffc6 fr.pc=0x000001f58a724204 relative=0x00000000000009c4
Event: 2.179 Thread 0x000001f5970780c0 Uncommon trap: reason=bimorphic_or_optimized_type_check action=maybe_recompile pc=0x000001f58a724204 method=java.util.HashMap.putVal(ILjava/lang/Object;Ljava/lang/Object;ZZ)Ljava/lang/Object; @ 56 c2
Event: 2.179 Thread 0x000001f5970780c0 DEOPT PACKING pc=0x000001f58a724204 sp=0x00000097f5efdf20
Event: 2.179 Thread 0x000001f5970780c0 DEOPT UNPACKING pc=0x000001f582c120a3 sp=0x00000097f5efde20 mode 2
Event: 2.328 Thread 0x000001f5970780c0 Uncommon trap: trap_request=0xffffff45 fr.pc=0x000001f58a7bcfe0 relative=0x0000000000000680
Event: 2.328 Thread 0x000001f5970780c0 Uncommon trap: reason=unstable_if action=reinterpret pc=0x000001f58a7bcfe0 method=java.util.Properties.load0(Ljava/util/Properties$LineReader;)V @ 186 c2
Event: 2.328 Thread 0x000001f5970780c0 DEOPT PACKING pc=0x000001f58a7bcfe0 sp=0x00000097f5efda20
Event: 2.328 Thread 0x000001f5970780c0 DEOPT UNPACKING pc=0x000001f582c120a3 sp=0x00000097f5efd9b8 mode 2

Classes unloaded (7 events):
Event: 1.505 Thread 0x000001f5fd1c8c60 Unloading class 0x000000010021a400 'java/lang/invoke/LambdaForm$MH+0x000000010021a400'
Event: 1.505 Thread 0x000001f5fd1c8c60 Unloading class 0x000000010021a000 'java/lang/invoke/LambdaForm$MH+0x000000010021a000'
Event: 1.505 Thread 0x000001f5fd1c8c60 Unloading class 0x0000000100219c00 'java/lang/invoke/LambdaForm$MH+0x0000000100219c00'
Event: 1.505 Thread 0x000001f5fd1c8c60 Unloading class 0x0000000100219800 'java/lang/invoke/LambdaForm$MH+0x0000000100219800'
Event: 1.505 Thread 0x000001f5fd1c8c60 Unloading class 0x0000000100219000 'java/lang/invoke/LambdaForm$BMH+0x0000000100219000'
Event: 1.505 Thread 0x000001f5fd1c8c60 Unloading class 0x0000000100218c00 'java/lang/invoke/LambdaForm$DMH+0x0000000100218c00'
Event: 1.505 Thread 0x000001f5fd1c8c60 Unloading class 0x0000000100216000 'java/lang/invoke/LambdaForm$DMH+0x0000000100216000'

Classes redefined (0 events):
No events

Internal exceptions (20 events):
Event: 1.467 Thread 0x000001f5970780c0 Exception <a 'java/lang/NoSuchMethodError'{0x00000000eb12a878}: 'java.lang.Object java.lang.invoke.DirectMethodHandle$Holder.invokeSpecial(java.lang.Object, java.lang.Object, java.lang.Object, long, java.lang.Object)'> (0x00000000eb12a878) 
thrown [s\src\hotspot\share\interpreter\linkResolver.cpp, line 759]
Event: 1.468 Thread 0x000001f5970780c0 Exception <a 'java/lang/NoSuchMethodError'{0x00000000eb132c80}: 'java.lang.Object java.lang.invoke.DirectMethodHandle$Holder.newInvokeSpecial(java.lang.Object, java.lang.Object, java.lang.Object, long)'> (0x00000000eb132c80) 
thrown [s\src\hotspot\share\interpreter\linkResolver.cpp, line 759]
Event: 1.468 Thread 0x000001f5970780c0 Exception <a 'java/lang/NoSuchMethodError'{0x00000000eb137220}: 'java.lang.Object java.lang.invoke.DirectMethodHandle$Holder.invokeSpecial(java.lang.Object, java.lang.Object, java.lang.Object, java.lang.Object, long)'> (0x00000000eb137220) 
thrown [s\src\hotspot\share\interpreter\linkResolver.cpp, line 759]
Event: 1.475 Thread 0x000001f5970780c0 Exception <a 'java/lang/NoSuchMethodError'{0x00000000eb1a93f0}: 'int java.lang.invoke.DirectMethodHandle$Holder.invokeStaticInit(java.lang.Object, java.lang.Object, java.lang.Object)'> (0x00000000eb1a93f0) 
thrown [s\src\hotspot\share\interpreter\linkResolver.cpp, line 759]
Event: 1.481 Thread 0x000001f5970780c0 Exception <a 'java/lang/IncompatibleClassChangeError'{0x00000000eb20ff58}: Found class java.lang.Object, but interface was expected> (0x00000000eb20ff58) 
thrown [s\src\hotspot\share\interpreter\linkResolver.cpp, line 826]
Event: 1.485 Thread 0x000001f5970780c0 Exception <a 'java/lang/NoSuchMethodError'{0x00000000eb222dc8}: 'java.lang.Object java.lang.invoke.DirectMethodHandle$Holder.invokeSpecial(java.lang.Object, java.lang.Object, java.lang.Object, int, java.lang.Object, java.lang.Object)'> (0x00000000eb222dc8) 
thrown [s\src\hotspot\share\interpreter\linkResolver.cpp, line 759]
Event: 1.486 Thread 0x000001f5970780c0 Exception <a 'java/lang/NoSuchMethodError'{0x00000000eb22b848}: 'java.lang.Object java.lang.invoke.DirectMethodHandle$Holder.newInvokeSpecial(java.lang.Object, java.lang.Object, java.lang.Object, int, java.lang.Object)'> (0x00000000eb22b848) 
thrown [s\src\hotspot\share\interpreter\linkResolver.cpp, line 759]
Event: 1.486 Thread 0x000001f5970780c0 Exception <a 'java/lang/NoSuchMethodError'{0x00000000eb22fca0}: 'java.lang.Object java.lang.invoke.DirectMethodHandle$Holder.invokeSpecial(java.lang.Object, java.lang.Object, java.lang.Object, java.lang.Object, int, java.lang.Object)'> (0x00000000eb22fca0) 
thrown [s\src\hotspot\share\interpreter\linkResolver.cpp, line 759]
Event: 1.487 Thread 0x000001f597324010 Exception <a 'java/lang/NoSuchMethodError'{0x00000000eb174e80}: 'java.lang.Object java.lang.invoke.DirectMethodHandle$Holder.invokeSpecial(java.lang.Object, java.lang.Object, int, java.lang.Object, java.lang.Object)'> (0x00000000eb174e80) 
thrown [s\src\hotspot\share\interpreter\linkResolver.cpp, line 759]
Event: 1.487 Thread 0x000001f597324010 Exception <a 'java/lang/NoSuchMethodError'{0x00000000eb17c550}: 'java.lang.Object java.lang.invoke.DirectMethodHandle$Holder.newInvokeSpecial(java.lang.Object, java.lang.Object, int, java.lang.Object)'> (0x00000000eb17c550) 
thrown [s\src\hotspot\share\interpreter\linkResolver.cpp, line 759]
Event: 1.488 Thread 0x000001f597324010 Exception <a 'java/lang/NoSuchMethodError'{0x00000000eb180060}: 'java.lang.Object java.lang.invoke.DirectMethodHandle$Holder.invokeSpecial(java.lang.Object, java.lang.Object, java.lang.Object, int, java.lang.Object)'> (0x00000000eb180060) 
thrown [s\src\hotspot\share\interpreter\linkResolver.cpp, line 759]
Event: 1.706 Thread 0x000001f5970780c0 Exception <a 'java/lang/NoSuchMethodError'{0x00000000ebab97f8}: 'void java.lang.invoke.DirectMethodHandle$Holder.invokeSpecial(java.lang.Object, java.lang.Object, java.lang.Object, int)'> (0x00000000ebab97f8) 
thrown [s\src\hotspot\share\interpreter\linkResolver.cpp, line 759]
Event: 1.751 Thread 0x000001f597324010 Exception <a 'java/io/FileNotFoundException'{0x00000000ebdc67f8}> (0x00000000ebdc67f8) 
thrown [s\src\hotspot\share\prims\jni.cpp, line 516]
Event: 2.119 Thread 0x000001f5970780c0 Exception <a 'java/lang/ClassNotFoundException'{0x00000000eb9b7e48}: com/sun/org/apache/xerces/internal/impl/msg/spi/DOMMessagesProvider> (0x00000000eb9b7e48) 
thrown [s\src\hotspot\share\classfile\systemDictionary.cpp, line 256]
Event: 2.121 Thread 0x000001f5970780c0 Exception <a 'java/lang/ClassNotFoundException'{0x00000000eb9d3a48}: com/sun/org/apache/xerces/internal/impl/msg/spi/XMLSerializerMessagesProvider> (0x00000000eb9d3a48) 
thrown [s\src\hotspot\share\classfile\systemDictionary.cpp, line 256]
Event: 2.121 Thread 0x000001f5970780c0 Exception <a 'java/lang/ClassNotFoundException'{0x00000000eb9e0cd0}: com/sun/org/apache/xerces/internal/impl/msg/spi/XMLMessagesProvider> (0x00000000eb9e0cd0) 
thrown [s\src\hotspot\share\classfile\systemDictionary.cpp, line 256]
Event: 2.196 Thread 0x000001f5970780c0 Exception <a 'java/lang/NoSuchMethodError'{0x00000000ebd5e598}: 'java.lang.Object java.lang.invoke.DirectMethodHandle$Holder.invokeStaticInit(java.lang.Object, int, int, int, int)'> (0x00000000ebd5e598) 
thrown [s\src\hotspot\share\interpreter\linkResolver.cpp, line 759]
Event: 2.254 Thread 0x000001f5970780c0 Exception <a 'java/lang/NoSuchMethodError'{0x00000000ebe72ea0}: 'java.lang.Object java.lang.invoke.DirectMethodHandle$Holder.invokeStaticInit(java.lang.Object, java.lang.Object, int, int, int, int)'> (0x00000000ebe72ea0) 
thrown [s\src\hotspot\share\interpreter\linkResolver.cpp, line 759]
Event: 2.326 Thread 0x000001f5970780c0 Exception <a 'java/lang/ClassNotFoundException'{0x00000000ec289c88}: com/sun/org/apache/xml/internal/serializer/spi/XMLEntitiesProvider> (0x00000000ec289c88) 
thrown [s\src\hotspot\share\classfile\systemDictionary.cpp, line 256]
Event: 2.404 Thread 0x000001f5970780c0 Exception <a 'java/io/FileNotFoundException'{0x00000000eae0f678}> (0x00000000eae0f678) 
thrown [s\src\hotspot\share\prims\jni.cpp, line 516]

VM Operations (20 events):
Event: 1.312 Executing VM operation: HandshakeAllThreads
Event: 1.312 Executing VM operation: HandshakeAllThreads done
Event: 1.368 Executing VM operation: ParallelGCFailedAllocation
Event: 1.373 Executing VM operation: ParallelGCFailedAllocation done
Event: 1.497 Executing VM operation: HandshakeAllThreads
Event: 1.497 Executing VM operation: HandshakeAllThreads done
Event: 1.499 Executing VM operation: CollectForMetadataAllocation
Event: 1.519 Executing VM operation: CollectForMetadataAllocation done
Event: 1.810 Executing VM operation: ParallelGCFailedAllocation
Event: 1.811 Executing VM operation: ParallelGCFailedAllocation done
Event: 1.994 Executing VM operation: ParallelGCFailedAllocation
Event: 1.997 Executing VM operation: ParallelGCFailedAllocation done
Event: 2.178 Executing VM operation: HandshakeAllThreads
Event: 2.178 Executing VM operation: HandshakeAllThreads done
Event: 2.248 Executing VM operation: HandshakeAllThreads
Event: 2.248 Executing VM operation: HandshakeAllThreads done
Event: 2.333 Executing VM operation: ParallelGCFailedAllocation
Event: 2.335 Executing VM operation: ParallelGCFailedAllocation done
Event: 2.355 Executing VM operation: HandshakeAllThreads
Event: 2.355 Executing VM operation: HandshakeAllThreads done

Events (20 events):
Event: 2.380 loading class com/sun/org/apache/xml/internal/serializer/NamespaceMappings$MappingRecord
Event: 2.380 loading class com/sun/org/apache/xml/internal/serializer/NamespaceMappings$MappingRecord done
Event: 2.380 loading class javax/xml/transform/stream/StreamSource
Event: 2.380 loading class javax/xml/transform/stream/StreamSource done
Event: 2.380 loading class javax/xml/transform/sax/SAXSource
Event: 2.381 loading class javax/xml/transform/sax/SAXSource done
Event: 2.381 loading class javax/xml/transform/stax/StAXSource
Event: 2.381 loading class javax/xml/transform/stax/StAXSource done
Event: 2.381 loading class com/sun/org/apache/xalan/internal/xsltc/trax/DOM2TO
Event: 2.381 loading class com/sun/org/apache/xalan/internal/xsltc/trax/DOM2TO done
Event: 2.387 loading class com/sun/org/apache/xml/internal/serializer/WriterToUTF8Buffered
Event: 2.387 loading class com/sun/org/apache/xml/internal/serializer/WriterChain
Event: 2.387 loading class com/sun/org/apache/xml/internal/serializer/WriterChain done
Event: 2.387 loading class com/sun/org/apache/xml/internal/serializer/WriterToUTF8Buffered done
Event: 2.387 loading class com/sun/org/apache/xml/internal/serializer/WriterToASCI
Event: 2.387 loading class com/sun/org/apache/xml/internal/serializer/WriterToASCI done
Event: 2.399 loading class java/io/FileOutputStream$1
Event: 2.399 loading class java/io/FileOutputStream$1 done
Event: 2.418 loading class java/nio/charset/IllegalCharsetNameException
Event: 2.418 loading class java/nio/charset/IllegalCharsetNameException done


Dynamic libraries:
0x00007ff72bff0000 - 0x00007ff72bffe000 	c:\Users\sethu\.vscode\extensions\redhat.java-1.14.0-win32-x64\jre\17.0.5-win32-x86_64\bin\java.exe
0x00007ffae30a0000 - 0x00007ffae32a9000 	C:\WINDOWS\SYSTEM32\ntdll.dll
0x00007ffae1cd0000 - 0x00007ffae1d8e000 	C:\WINDOWS\System32\KERNEL32.DLL
0x00007ffae08b0000 - 0x00007ffae0c2b000 	C:\WINDOWS\System32\KERNELBASE.dll
0x00007ffae0da0000 - 0x00007ffae0eb1000 	C:\WINDOWS\System32\ucrtbase.dll
0x00007ffadb9a0000 - 0x00007ffadb9b7000 	c:\Users\sethu\.vscode\extensions\redhat.java-1.14.0-win32-x64\jre\17.0.5-win32-x86_64\bin\jli.dll
0x00007ffada1b0000 - 0x00007ffada1c9000 	c:\Users\sethu\.vscode\extensions\redhat.java-1.14.0-win32-x64\jre\17.0.5-win32-x86_64\bin\VCRUNTIME140.dll
0x00007ffae0f70000 - 0x00007ffae111d000 	C:\WINDOWS\System32\USER32.dll
0x00007ffacce80000 - 0x00007ffacd125000 	C:\WINDOWS\WinSxS\amd64_microsoft.windows.common-controls_6595b64144ccf1df_6.0.22000.120_none_9d947278b86cc467\COMCTL32.dll
0x00007ffae0ec0000 - 0x00007ffae0ee6000 	C:\WINDOWS\System32\win32u.dll
0x00007ffae2300000 - 0x00007ffae23a3000 	C:\WINDOWS\System32\msvcrt.dll
0x00007ffae2a70000 - 0x00007ffae2a99000 	C:\WINDOWS\System32\GDI32.dll
0x00007ffae0600000 - 0x00007ffae0718000 	C:\WINDOWS\System32\gdi32full.dll
0x00007ffae0810000 - 0x00007ffae08ad000 	C:\WINDOWS\System32\msvcp_win.dll
0x00007ffae2fe0000 - 0x00007ffae3012000 	C:\WINDOWS\System32\IMM32.DLL
0x00007ffadb990000 - 0x00007ffadb99c000 	c:\Users\sethu\.vscode\extensions\redhat.java-1.14.0-win32-x64\jre\17.0.5-win32-x86_64\bin\vcruntime140_1.dll
0x00007ffaac680000 - 0x00007ffaac711000 	c:\Users\sethu\.vscode\extensions\redhat.java-1.14.0-win32-x64\jre\17.0.5-win32-x86_64\bin\msvcp140.dll
0x00007ffaaba30000 - 0x00007ffaac674000 	c:\Users\sethu\.vscode\extensions\redhat.java-1.14.0-win32-x64\jre\17.0.5-win32-x86_64\bin\server\jvm.dll
0x00007ffae20d0000 - 0x00007ffae217e000 	C:\WINDOWS\System32\ADVAPI32.dll
0x00007ffae11a0000 - 0x00007ffae123e000 	C:\WINDOWS\System32\sechost.dll
0x00007ffae1fb0000 - 0x00007ffae20d0000 	C:\WINDOWS\System32\RPCRT4.dll
0x00007ffac5c60000 - 0x00007ffac5c69000 	C:\WINDOWS\SYSTEM32\WSOCK32.dll
0x00007ffad9fe0000 - 0x00007ffada013000 	C:\WINDOWS\SYSTEM32\WINMM.dll
0x00007ffae1f40000 - 0x00007ffae1faf000 	C:\WINDOWS\System32\WS2_32.dll
0x00007ffad7460000 - 0x00007ffad746a000 	C:\WINDOWS\SYSTEM32\VERSION.dll
0x00007ffadf6b0000 - 0x00007ffadf6c8000 	C:\WINDOWS\SYSTEM32\kernel.appcore.dll
0x00007ffada880000 - 0x00007ffada88a000 	c:\Users\sethu\.vscode\extensions\redhat.java-1.14.0-win32-x64\jre\17.0.5-win32-x86_64\bin\jimage.dll
0x00007ffaddea0000 - 0x00007ffade0c1000 	C:\WINDOWS\SYSTEM32\DBGHELP.DLL
0x00007ffacc300000 - 0x00007ffacc331000 	C:\WINDOWS\SYSTEM32\dbgcore.DLL
0x00007ffae0720000 - 0x00007ffae079f000 	C:\WINDOWS\System32\bcryptPrimitives.dll
0x00007ffada1a0000 - 0x00007ffada1ae000 	c:\Users\sethu\.vscode\extensions\redhat.java-1.14.0-win32-x64\jre\17.0.5-win32-x86_64\bin\instrument.dll
0x00007ffada130000 - 0x00007ffada155000 	c:\Users\sethu\.vscode\extensions\redhat.java-1.14.0-win32-x64\jre\17.0.5-win32-x86_64\bin\java.dll
0x00007ffada180000 - 0x00007ffada198000 	c:\Users\sethu\.vscode\extensions\redhat.java-1.14.0-win32-x64\jre\17.0.5-win32-x86_64\bin\zip.dll
0x00007ffae1240000 - 0x00007ffae19f7000 	C:\WINDOWS\System32\SHELL32.dll
0x00007ffade610000 - 0x00007ffadee75000 	C:\WINDOWS\SYSTEM32\windows.storage.dll
0x00007ffae2ac0000 - 0x00007ffae2e38000 	C:\WINDOWS\System32\combase.dll
0x00007ffade4a0000 - 0x00007ffade606000 	C:\WINDOWS\SYSTEM32\wintypes.dll
0x00007ffae1d90000 - 0x00007ffae1e7a000 	C:\WINDOWS\System32\SHCORE.dll
0x00007ffae1b80000 - 0x00007ffae1bdd000 	C:\WINDOWS\System32\shlwapi.dll
0x00007ffae0470000 - 0x00007ffae0491000 	C:\WINDOWS\SYSTEM32\profapi.dll
0x00007ffad87f0000 - 0x00007ffad8809000 	C:\Users\sethu\.vscode\extensions\redhat.java-1.14.0-win32-x64\jre\17.0.5-win32-x86_64\bin\net.dll
0x00007ffadaa80000 - 0x00007ffadab94000 	C:\WINDOWS\SYSTEM32\WINHTTP.dll
0x00007ffadfb50000 - 0x00007ffadfbb7000 	C:\WINDOWS\system32\mswsock.dll
0x00007ffad87d0000 - 0x00007ffad87e5000 	C:\Users\sethu\.vscode\extensions\redhat.java-1.14.0-win32-x64\jre\17.0.5-win32-x86_64\bin\nio.dll
0x00007ffad2030000 - 0x00007ffad2040000 	c:\Users\sethu\.vscode\extensions\redhat.java-1.14.0-win32-x64\jre\17.0.5-win32-x86_64\bin\verify.dll
0x00007ffad1a20000 - 0x00007ffad1a5e000 	C:\Users\sethu\AppData\Roaming\Code\User\globalStorage\redhat.java\1.14.0\config_win\org.eclipse.equinox.launcher\org.eclipse.equinox.launcher.win32.win32.x86_64_1.2.700.v20221108-1024\eclipse_11801.dll
0x00007ffae2e40000 - 0x00007ffae2fda000 	C:\WINDOWS\System32\ole32.dll
0x00007ffadfda0000 - 0x00007ffadfdb8000 	C:\WINDOWS\SYSTEM32\CRYPTSP.dll
0x00007ffadf610000 - 0x00007ffadf645000 	C:\WINDOWS\system32\rsaenh.dll
0x00007ffadfc40000 - 0x00007ffadfc69000 	C:\WINDOWS\SYSTEM32\USERENV.dll
0x00007ffadff20000 - 0x00007ffadff47000 	C:\WINDOWS\SYSTEM32\bcrypt.dll
0x00007ffadfd90000 - 0x00007ffadfd9c000 	C:\WINDOWS\SYSTEM32\CRYPTBASE.dll
0x00007ffadf130000 - 0x00007ffadf15d000 	C:\WINDOWS\SYSTEM32\IPHLPAPI.DLL
0x00007ffae1cc0000 - 0x00007ffae1cc9000 	C:\WINDOWS\System32\NSI.dll
0x00007ffad9f70000 - 0x00007ffad9f89000 	C:\WINDOWS\SYSTEM32\dhcpcsvc6.DLL
0x00007ffada0d0000 - 0x00007ffada0ee000 	C:\WINDOWS\SYSTEM32\dhcpcsvc.DLL
0x00007ffadf160000 - 0x00007ffadf248000 	C:\WINDOWS\SYSTEM32\DNSAPI.dll
0x00007ffad2020000 - 0x00007ffad2029000 	C:\Users\sethu\.vscode\extensions\redhat.java-1.14.0-win32-x64\jre\17.0.5-win32-x86_64\bin\management.dll
0x00007ffad2010000 - 0x00007ffad201b000 	C:\Users\sethu\.vscode\extensions\redhat.java-1.14.0-win32-x64\jre\17.0.5-win32-x86_64\bin\management_ext.dll
0x00007ffae23b0000 - 0x00007ffae23b8000 	C:\WINDOWS\System32\PSAPI.DLL
0x00007ffabb4d0000 - 0x00007ffabb510000 	C:\Users\sethu\AppData\Local\Temp\jna-109328623\jna14234169265965889688.dll

dbghelp: loaded successfully - version: 4.0.5 - missing functions: none
symbol engine: initialized successfully - sym options: 0x614 - pdb path: .;c:\Users\sethu\.vscode\extensions\redhat.java-1.14.0-win32-x64\jre\17.0.5-win32-x86_64\bin;C:\WINDOWS\SYSTEM32;C:\WINDOWS\WinSxS\amd64_microsoft.windows.common-controls_6595b64144ccf1df_6.0.22000.120_none_9d947278b86cc467;c:\Users\sethu\.vscode\extensions\redhat.java-1.14.0-win32-x64\jre\17.0.5-win32-x86_64\bin\server;C:\Users\sethu\AppData\Roaming\Code\User\globalStorage\redhat.java\1.14.0\config_win\org.eclipse.equinox.launcher\org.eclipse.equinox.launcher.win32.win32.x86_64_1.2.700.v20221108-1024;C:\Users\sethu\AppData\Local\Temp\jna-109328623

VM Arguments:
jvm_args: --add-modules=ALL-SYSTEM --add-opens=java.base/java.util=ALL-UNNAMED --add-opens=java.base/java.lang=ALL-UNNAMED --add-opens=java.base/sun.nio.fs=ALL-UNNAMED -Declipse.application=org.eclipse.jdt.ls.core.id1 -Dosgi.bundles.defaultStartLevel=4 -Declipse.product=org.eclipse.jdt.ls.core.product -Djava.import.generatesMetadataFilesAtProjectRoot=false -Dfile.encoding=utf8 -XX:+UseParallelGC -XX:GCTimeRatio=4 -XX:AdaptiveSizePolicyWeight=90 -Dsun.zip.disableMemoryMapping=true -Xmx1G -Xms100m -Xlog:disable -javaagent:c:\Users\sethu\.vscode\extensions\redhat.java-1.14.0-win32-x64\lombok\lombok-1.18.24.jar -XX:+HeapDumpOnOutOfMemoryError -XX:HeapDumpPath=c:\Users\sethu\AppData\Roaming\Code\User\workspaceStorage\04825ca620fa067f5a8a09fabb58348a\redhat.java 
java_command: c:\Users\sethu\.vscode\extensions\redhat.java-1.14.0-win32-x64\server\plugins\org.eclipse.equinox.launcher_1.6.400.v20210924-0641.jar -configuration c:\Users\sethu\AppData\Roaming\Code\User\globalStorage\redhat.java\1.14.0\config_win -data c:\Users\sethu\AppData\Roaming\Code\User\workspaceStorage\04825ca620fa067f5a8a09fabb58348a\redhat.java\jdt_ws
java_class_path (initial): c:\Users\sethu\.vscode\extensions\redhat.java-1.14.0-win32-x64\server\plugins\org.eclipse.equinox.launcher_1.6.400.v20210924-0641.jar
Launcher Type: SUN_STANDARD

[Global flags]
    uintx AdaptiveSizePolicyWeight                 = 90                                        {product} {command line}
     intx CICompilerCount                          = 4                                         {product} {ergonomic}
    uintx GCTimeRatio                              = 4                                         {product} {command line}
     bool HeapDumpOnOutOfMemoryError               = true                                   {manageable} {command line}
    ccstr HeapDumpPath                             = c:\Users\sethu\AppData\Roaming\Code\User\workspaceStorage\04825ca620fa067f5a8a09fabb58348a\redhat.java         {manageable} {command line}
   size_t InitialHeapSize                          = 104857600                                 {product} {command line}
   size_t MaxHeapSize                              = 1073741824                                {product} {command line}
   size_t MaxNewSize                               = 357564416                                 {product} {ergonomic}
   size_t MinHeapDeltaBytes                        = 524288                                    {product} {ergonomic}
   size_t MinHeapSize                              = 104857600                                 {product} {command line}
   size_t NewSize                                  = 34603008                                  {product} {ergonomic}
    uintx NonNMethodCodeHeapSize                   = 5839372                                {pd product} {ergonomic}
    uintx NonProfiledCodeHeapSize                  = 122909434                              {pd product} {ergonomic}
   size_t OldSize                                  = 70254592                                  {product} {ergonomic}
    uintx ProfiledCodeHeapSize                     = 122909434                              {pd product} {ergonomic}
    uintx ReservedCodeCacheSize                    = 251658240                              {pd product} {ergonomic}
     bool SegmentedCodeCache                       = true                                      {product} {ergonomic}
   size_t SoftMaxHeapSize                          = 1073741824                             {manageable} {ergonomic}
     bool UseCompressedClassPointers               = true                           {product lp64_product} {ergonomic}
     bool UseCompressedOops                        = true                           {product lp64_product} {ergonomic}
     bool UseLargePagesIndividualAllocation        = false                                  {pd product} {ergonomic}
     bool UseParallelGC                            = true                                      {product} {command line}

Logging:
Log output configuration:
 #0: stdout all=off uptime,level,tags
 #1: stderr all=off uptime,level,tags

Environment Variables:
JAVA_HOME=C:\Program Files\Java\jdk1.8.0_281
CLASSPATH=C:\Users\sethu\OneDrive\Desktop\servlet\apache-tomcat-10.0.21\lib\servlet-api.jar
PATH=C:\app\sethu\product\21c\dbhomeXE\bin;C:\Program Files\AdoptOpenJDK\jdk-14.0.2.12-hotspot\bin;C:\WINDOWS\system32;C:\WINDOWS;C:\WINDOWS\System32\Wbem;C:\WINDOWS\System32\WindowsPowerShell\v1.0\;C:\WINDOWS\System32\OpenSSH\;C:\Program Files\Git\cmd;C:\MinGW\bin;C:\Program Files\Docker\Docker\resources\bin;C:\ProgramData\DockerDesktop\version-bin;C:\Program Files\Java\jdk1.8.0_281\bin;C:\Program Files\nodejs\;C:\Program Files\Go\bin;C:\Program Files (x86)\dotnet\;C:\Ruby31-x64\bin;C:\Users\sethu\AppData\Local\Programs\Python\Python311\Scripts\;C:\Users\sethu\AppData\Local\Programs\Python\Python311\;C:\Users\sethu\AppData\Local\Microsoft\WindowsApps;C:\Users\sethu\AppData\Local\Programs\Microsoft VS Code\bin;C:\Program Files\JetBrains\PyCharm Community Edition 2022.1.2\bin;;C:\Program Files\heroku\bin;C:\Users\sethu\OneDrive\Desktop\Web-Dev\heroku\bin;C:\Users\sethu\AppData\Roaming\npm;C:\Users\sethu\go\bin;C:\Program Files\JetBrains\GoLand 2022.1.3\bin;;C:\Program Files\JetBrains\RubyMine 2022.1.3\bin;;C:\Program Files\JetBrains\IntelliJ IDEA 2022.1.3\bin;;C:\Program Files (x86)\Nmap;C:\sqlite3;
USERNAME=sethu
OS=Windows_NT
PROCESSOR_IDENTIFIER=AMD64 Family 23 Model 96 Stepping 1, AuthenticAMD
TMP=C:\Users\sethu\AppData\Local\Temp
TEMP=C:\Users\sethu\AppData\Local\Temp



---------------  S Y S T E M  ---------------

OS:
 Windows 11 , 64 bit Build 22000 (10.0.22000.1335)
OS uptime: 0 days 0:06 hours
Hyper-V role detected

CPU: total 8 (initial active 8) (8 cores per cpu, 1 threads per core) family 23 model 96 stepping 1 microcode 0x0, cx8, cmov, fxsr, mmx, 3dnowpref, sse, sse2, sse3, ssse3, sse4a, sse4.1, sse4.2, popcnt, lzcnt, tsc, tscinvbit, avx, avx2, aes, clmul, bmi1, bmi2, adx, sha, fma, vzeroupper, clflush, clflushopt, hv

Memory: 4k page, system-wide physical 7600M (1463M free)
TotalPageFile size 7600M (AvailPageFile size 2M)
current process WorkingSet (physical memory assigned to process): 151M, peak: 153M
current process commit charge ("private bytes"): 256M, peak: 258M

vm_info: OpenJDK 64-Bit Server VM (17.0.5+8) for windows-amd64 JRE (17.0.5+8), built on Oct 19 2022 04:48:13 by "temurin" with MS VC++ 16.7 (VS2019)

END.
