#
# There is insufficient memory for the Java Runtime Environment to continue.
# Native memory allocation (malloc) failed to allocate 948176 bytes for Chunk::new
# Possible reasons:
#   The system is out of physical RAM or swap space
#   The process is running with CompressedOops enabled, and the Java Heap may be blocking the growth of the native heap
# Possible solutions:
#   Reduce memory load on the system
#   Increase physical memory or swap space
#   Check if swap backing store is full
#   Decrease Java heap size (-Xmx/-Xms)
#   Decrease number of Java threads
#   Decrease Java thread stack sizes (-Xss)
#   Set larger code cache with -XX:ReservedCodeCacheSize=
#   JVM is running with Unscaled Compressed Oops mode in which the Java heap is
#     placed in the first 4GB address space. The Java Heap base address is the
#     maximum limit for the native heap growth. Please use -XX:HeapBaseMinAddress
#     to set the Java Heap base and to place the Java Heap above 4GB virtual address.
# This output file may be truncated or incomplete.
#
#  Out of Memory Error (arena.cpp:189), pid=9288, tid=12836
#
# JRE version: OpenJDK Runtime Environment Temurin-17.0.5+8 (17.0.5+8) (build 17.0.5+8)
# Java VM: OpenJDK 64-Bit Server VM Temurin-17.0.5+8 (17.0.5+8, mixed mode, tiered, compressed oops, compressed class ptrs, parallel gc, windows-amd64)
# No core dump will be written. Minidumps are not enabled by default on client versions of Windows
#

---------------  S U M M A R Y ------------

Command Line: --add-modules=ALL-SYSTEM --add-opens=java.base/java.util=ALL-UNNAMED --add-opens=java.base/java.lang=ALL-UNNAMED --add-opens=java.base/sun.nio.fs=ALL-UNNAMED -Declipse.application=org.eclipse.jdt.ls.core.id1 -Dosgi.bundles.defaultStartLevel=4 -Declipse.product=org.eclipse.jdt.ls.core.product -Djava.import.generatesMetadataFilesAtProjectRoot=false -Dfile.encoding=utf8 -XX:+UseParallelGC -XX:GCTimeRatio=4 -XX:AdaptiveSizePolicyWeight=90 -Dsun.zip.disableMemoryMapping=true -Xmx1G -Xms100m -Xlog:disable -javaagent:c:\Users\sethu\.vscode\extensions\redhat.java-1.14.0-win32-x64\lombok\lombok-1.18.24.jar c:\Users\sethu\.vscode\extensions\redhat.java-1.14.0-win32-x64\server\plugins\org.eclipse.equinox.launcher_1.6.400.v20210924-0641.jar -configuration c:\Users\sethu\AppData\Roaming\Code\User\globalStorage\redhat.java\1.14.0\config_ss_win -data c:\Users\sethu\AppData\Roaming\Code\User\workspaceStorage\04825ca620fa067f5a8a09fabb58348a\redhat.java\ss_ws

Host: AMD Ryzen 7 4700U with Radeon Graphics         , 8 cores, 7G,  Windows 11 , 64 bit Build 22000 (10.0.22000.1335)
Time: Mon Jan 23 21:58:53 2023 India Standard Time elapsed time: 2.582319 seconds (0d 0h 0m 2s)

---------------  T H R E A D  ---------------

Current thread (0x000001bc2fc1bd50):  JavaThread "C2 CompilerThread1" daemon [_thread_in_native, id=12836, stack(0x0000006006f00000,0x0000006007000000)]


Current CompileTask:
C2:   2582 2298       4       org.objectweb.asm.ClassReader::readMethod (1066 bytes)

Stack: [0x0000006006f00000,0x0000006007000000]
Native frames: (J=compiled Java code, j=interpreted, Vv=VM code, C=native code)
V  [jvm.dll+0x676b3a]
V  [jvm.dll+0x831444]
V  [jvm.dll+0x832bee]
V  [jvm.dll+0x833253]
V  [jvm.dll+0x244ce5]
V  [jvm.dll+0xabbac]
V  [jvm.dll+0xac17c]
V  [jvm.dll+0x2abd2f]
V  [jvm.dll+0x57d517]
V  [jvm.dll+0x21fd72]
V  [jvm.dll+0x22014f]
V  [jvm.dll+0x2199a5]
V  [jvm.dll+0x216e6b]
V  [jvm.dll+0x1a343d]
V  [jvm.dll+0x22698a]
V  [jvm.dll+0x224ac5]
V  [jvm.dll+0x7e727b]
V  [jvm.dll+0x7e17ea]
V  [jvm.dll+0x6759e5]
C  [ucrtbase.dll+0x26c0c]
C  [KERNEL32.DLL+0x155a0]
C  [ntdll.dll+0x485b]


---------------  P R O C E S S  ---------------

Threads class SMR info:
_java_thread_list=0x000001bc30233090, length=22, elements={
0x000001bc17da1630, 0x000001bc2bc22030, 0x000001bc2bc253a0, 0x000001bc2bc28290,
0x000001bc2d74b010, 0x000001bc2d74e080, 0x000001bc2d74f7e0, 0x000001bc2d755630,
0x000001bc2d759be0, 0x000001bc2d75ad70, 0x000001bc2d89bb00, 0x000001bc2da31050,
0x000001bc2fa21d20, 0x000001bc2f8ddd80, 0x000001bc2f8de250, 0x000001bc2f949d00,
0x000001bc2fac6920, 0x000001bc2d91e3c0, 0x000001bc2fb9aed0, 0x000001bc2fb9a530,
0x000001bc2fc1bd50, 0x000001bc2fb9d080
}

Java Threads: ( => current thread )
  0x000001bc17da1630 JavaThread "main" [_thread_blocked, id=11200, stack(0x0000006005100000,0x0000006005200000)]
  0x000001bc2bc22030 JavaThread "Reference Handler" daemon [_thread_blocked, id=8216, stack(0x0000006005400000,0x0000006005500000)]
  0x000001bc2bc253a0 JavaThread "Finalizer" daemon [_thread_blocked, id=12024, stack(0x0000006005500000,0x0000006005600000)]
  0x000001bc2bc28290 JavaThread "Signal Dispatcher" daemon [_thread_blocked, id=5136, stack(0x0000006005600000,0x0000006005700000)]
  0x000001bc2d74b010 JavaThread "Attach Listener" daemon [_thread_blocked, id=11912, stack(0x0000006005700000,0x0000006005800000)]
  0x000001bc2d74e080 JavaThread "Service Thread" daemon [_thread_blocked, id=6444, stack(0x0000006005800000,0x0000006005900000)]
  0x000001bc2d74f7e0 JavaThread "Monitor Deflation Thread" daemon [_thread_blocked, id=15464, stack(0x0000006005900000,0x0000006005a00000)]
  0x000001bc2d755630 JavaThread "C2 CompilerThread0" daemon [_thread_in_native, id=3108, stack(0x0000006005a00000,0x0000006005b00000)]
  0x000001bc2d759be0 JavaThread "C1 CompilerThread0" daemon [_thread_blocked, id=1348, stack(0x0000006005b00000,0x0000006005c00000)]
  0x000001bc2d75ad70 JavaThread "Sweeper thread" daemon [_thread_blocked, id=2456, stack(0x0000006005c00000,0x0000006005d00000)]
  0x000001bc2d89bb00 JavaThread "Common-Cleaner" daemon [_thread_blocked, id=6840, stack(0x0000006005d00000,0x0000006005e00000)]
  0x000001bc2da31050 JavaThread "Notification Thread" daemon [_thread_blocked, id=2784, stack(0x0000006005f00000,0x0000006006000000)]
  0x000001bc2fa21d20 JavaThread "Active Thread: Equinox Container: f4aa5f70-4f50-4773-948d-e423354c1f5a" [_thread_blocked, id=10520, stack(0x0000006006800000,0x0000006006900000)]
  0x000001bc2f8ddd80 JavaThread "Framework Event Dispatcher: Equinox Container: f4aa5f70-4f50-4773-948d-e423354c1f5a" daemon [_thread_blocked, id=11920, stack(0x0000006006900000,0x0000006006a00000)]
  0x000001bc2f8de250 JavaThread "Start Level: Equinox Container: f4aa5f70-4f50-4773-948d-e423354c1f5a" daemon [_thread_in_vm, id=3904, stack(0x0000006006a00000,0x0000006006b00000)]
  0x000001bc2f949d00 JavaThread "SCR Component Actor" daemon [_thread_blocked, id=12580, stack(0x0000006006b00000,0x0000006006c00000)]
  0x000001bc2fac6920 JavaThread "SCR Component Registry" daemon [_thread_blocked, id=13604, stack(0x0000006006d00000,0x0000006006e00000)]
  0x000001bc2d91e3c0 JavaThread "Worker-JM" [_thread_blocked, id=7868, stack(0x0000006005e00000,0x0000006005f00000)]
  0x000001bc2fb9aed0 JavaThread "Worker-0" [_thread_blocked, id=8780, stack(0x0000006006100000,0x0000006006200000)]
  0x000001bc2fb9a530 JavaThread "Worker-1: Processing Java changes since last activation" [_thread_in_vm, id=11896, stack(0x0000006006e00000,0x0000006006f00000)]
=>0x000001bc2fc1bd50 JavaThread "C2 CompilerThread1" daemon [_thread_in_native, id=12836, stack(0x0000006006f00000,0x0000006007000000)]
  0x000001bc2fb9d080 JavaThread "Java indexing" daemon [_thread_blocked, id=5568, stack(0x0000006007000000,0x0000006007100000)]

Other Threads:
  0x000001bc2bacb890 VMThread "VM Thread" [stack: 0x0000006005300000,0x0000006005400000] [id=16260]
  0x000001bc2da31520 WatcherThread [stack: 0x0000006006000000,0x0000006006100000] [id=4148]
  0x000001bc17db9c70 GCTaskThread "GC Thread#0" [stack: 0x0000006005200000,0x0000006005300000] [id=9864]
  0x000001bc2e9138a0 GCTaskThread "GC Thread#1" [stack: 0x0000006006200000,0x0000006006300000] [id=17380]
  0x000001bc2f836030 GCTaskThread "GC Thread#2" [stack: 0x0000006006300000,0x0000006006400000] [id=12148]
  0x000001bc2f8362e0 GCTaskThread "GC Thread#3" [stack: 0x0000006006400000,0x0000006006500000] [id=2448]
  0x000001bc2f836590 GCTaskThread "GC Thread#4" [stack: 0x0000006006500000,0x0000006006600000] [id=10024]
  0x000001bc2f836840 GCTaskThread "GC Thread#5" [stack: 0x0000006006600000,0x0000006006700000] [id=6316]
  0x000001bc2e90fff0 GCTaskThread "GC Thread#6" [stack: 0x0000006006700000,0x0000006006800000] [id=7096]
  0x000001bc2fa7c010 GCTaskThread "GC Thread#7" [stack: 0x0000006006c00000,0x0000006006d00000] [id=14500]

Threads with active compile tasks:
C2 CompilerThread0     2603 2380       4       java.util.Properties::loadConvert (540 bytes)
C2 CompilerThread1     2603 2298       4       org.objectweb.asm.ClassReader::readMethod (1066 bytes)

VM state: not at safepoint (normal execution)

VM Mutex/Monitor currently owned by a thread: None

Heap address: 0x00000000c0000000, size: 1024 MB, Compressed Oops mode: 32-bit

CDS archive(s) not mapped
Compressed class space mapped at: 0x0000000100000000-0x0000000140000000, reserved size: 1073741824
Narrow klass base: 0x0000000000000000, Narrow klass shift: 3, Narrow klass range: 0x140000000

GC Precious Log:
 CPUs: 8 total, 8 available
 Memory: 7600M
 Large Page Support: Disabled
 NUMA Support: Disabled
 Compressed Oops: Enabled (32-bit)
 Alignments: Space 512K, Generation 512K, Heap 2M
 Heap Min Capacity: 100M
 Heap Initial Capacity: 100M
 Heap Max Capacity: 1G
 Pre-touch: Disabled
 Parallel Workers: 8

Heap:
 PSYoungGen      total 25600K, used 22737K [0x00000000eab00000, 0x00000000ec880000, 0x0000000100000000)
  eden space 25088K, 89% used [0x00000000eab00000,0x00000000ec0d42f0,0x00000000ec380000)
  from space 512K, 75% used [0x00000000ec400000,0x00000000ec460438,0x00000000ec480000)
  to   space 2048K, 0% used [0x00000000ec680000,0x00000000ec680000,0x00000000ec880000)
 ParOldGen       total 68608K, used 7187K [0x00000000c0000000, 0x00000000c4300000, 0x00000000eab00000)
  object space 68608K, 10% used [0x00000000c0000000,0x00000000c0704e20,0x00000000c4300000)
 Metaspace       used 27003K, committed 27392K, reserved 1081344K
  class space    used 2606K, committed 2752K, reserved 1048576K

Card table byte_map: [0x000001bc17780000,0x000001bc17990000] _byte_map_base: 0x000001bc17180000

Marking Bits: (ParMarkBitMap*) 0x00007ffaac5b0dd0
 Begin Bits: [0x000001bc29a30000, 0x000001bc2aa30000)
 End Bits:   [0x000001bc2aa30000, 0x000001bc2ba30000)

Polling page: 0x000001bc17570000

Metaspace:

Usage:
  Non-class:     23.82 MB used.
      Class:      2.55 MB used.
       Both:     26.37 MB used.

Virtual space:
  Non-class space:       32.00 MB reserved,      24.06 MB ( 75%) committed,  4 nodes.
      Class space:        1.00 GB reserved,       2.69 MB ( <1%) committed,  1 nodes.
             Both:        1.03 GB reserved,      26.75 MB (  3%) committed. 

Chunk freelists:
   Non-Class:  3.94 MB
       Class:  1.34 MB
        Both:  5.28 MB

MaxMetaspaceSize: unlimited
CompressedClassSpaceSize: 1.00 GB
Initial GC threshold: 21.00 MB
Current GC threshold: 35.00 MB
CDS: off
MetaspaceReclaimPolicy: balanced
 - commit_granule_bytes: 65536.
 - commit_granule_words: 8192.
 - virtual_space_node_default_size: 1048576.
 - enlarge_chunks_in_place: 1.
 - new_chunks_are_fully_committed: 0.
 - uncommit_free_chunks: 1.
 - use_allocation_guard: 0.
 - handle_deallocations: 1.


Internal statistics:

num_allocs_failed_limit: 3.
num_arena_births: 210.
num_arena_deaths: 14.
num_vsnodes_births: 5.
num_vsnodes_deaths: 0.
num_space_committed: 428.
num_space_uncommitted: 0.
num_chunks_returned_to_freelist: 17.
num_chunks_taken_from_freelist: 908.
num_chunk_merges: 7.
num_chunk_splits: 627.
num_chunks_enlarged: 453.
num_purges: 2.
num_inconsistent_stats: 0.

CodeHeap 'non-profiled nmethods': size=120000Kb used=965Kb max_used=965Kb free=119034Kb
 bounds [0x000001bc22500000, 0x000001bc22770000, 0x000001bc29a30000]
CodeHeap 'profiled nmethods': size=120000Kb used=4740Kb max_used=4740Kb free=115259Kb
 bounds [0x000001bc1afd0000, 0x000001bc1b480000, 0x000001bc22500000]
CodeHeap 'non-nmethods': size=5760Kb used=1227Kb max_used=1244Kb free=4532Kb
 bounds [0x000001bc1aa30000, 0x000001bc1aca0000, 0x000001bc1afd0000]
 total_blobs=2931 nmethods=2392 adapters=453
 compilation: enabled
              stopped_count=0, restarted_count=0
 full_count=0

Compilation events (20 events):
Event: 2.565 Thread 0x000001bc2d759be0 nmethod 2360 0x000001bc1b460110 code [0x000001bc1b460340, 0x000001bc1b460be8]
Event: 2.565 Thread 0x000001bc2d759be0 2352       3       java.lang.reflect.Field::set (30 bytes)
Event: 2.565 Thread 0x000001bc2d759be0 nmethod 2352 0x000001bc1b460e90 code [0x000001bc1b461060, 0x000001bc1b461438]
Event: 2.565 Thread 0x000001bc2d759be0 2355       3       jdk.internal.reflect.UnsafeStaticFieldAccessorImpl::<init> (17 bytes)
Event: 2.565 Thread 0x000001bc2d759be0 nmethod 2355 0x000001bc1b461590 code [0x000001bc1b461760, 0x000001bc1b461a68]
Event: 2.565 Thread 0x000001bc2d759be0 2358  s!   3       org.eclipse.osgi.util.NLS$MessagesProperties::put (168 bytes)
Event: 2.567 Thread 0x000001bc2d759be0 nmethod 2358 0x000001bc1b461b90 code [0x000001bc1b461fe0, 0x000001bc1b463dc8]
Event: 2.567 Thread 0x000001bc2d759be0 2359       3       jdk.internal.reflect.UnsafeStaticObjectFieldAccessorImpl::<init> (6 bytes)
Event: 2.568 Thread 0x000001bc2d759be0 nmethod 2359 0x000001bc1b464890 code [0x000001bc1b464a60, 0x000001bc1b464dc8]
Event: 2.568 Thread 0x000001bc2d759be0 2362       1       org.eclipse.core.internal.resources.Resource::getFullPath (5 bytes)
Event: 2.568 Thread 0x000001bc2d759be0 nmethod 2362 0x000001bc225ed190 code [0x000001bc225ed320, 0x000001bc225ed3f8]
Event: 2.569 Thread 0x000001bc2d759be0 2363       3       jdk.internal.misc.Unsafe::checkNativeAddress (28 bytes)
Event: 2.570 Thread 0x000001bc2d759be0 nmethod 2363 0x000001bc1b464f10 code [0x000001bc1b4650a0, 0x000001bc1b4651b8]
Event: 2.575 Thread 0x000001bc2d759be0 2365       3       com.sun.org.apache.xerces.internal.parsers.XML11Configuration::getPropertyState (23 bytes)
Event: 2.575 Thread 0x000001bc2d755630 nmethod 2348% 0x000001bc225ed890 code [0x000001bc225eda80, 0x000001bc225ee928]
Event: 2.576 Thread 0x000001bc2d759be0 nmethod 2365 0x000001bc1b465290 code [0x000001bc1b4654c0, 0x000001bc1b465d68]
Event: 2.576 Thread 0x000001bc2d759be0 2366       3       com.sun.org.apache.xerces.internal.util.ParserConfigurationSettings::getPropertyState (35 bytes)
Event: 2.576 Thread 0x000001bc2d759be0 nmethod 2366 0x000001bc1b466090 code [0x000001bc1b466280, 0x000001bc1b466818]
Event: 2.576 Thread 0x000001bc2d759be0 2367       3       com.sun.org.apache.xerces.internal.util.PropertyState::<init> (15 bytes)
Event: 2.576 Thread 0x000001bc2d759be0 nmethod 2367 0x000001bc1b466a10 code [0x000001bc1b466ba0, 0x000001bc1b466d38]

GC Heap History (12 events):
Event: 0.691 GC heap before
{Heap before GC invocations=1 (full 0):
 PSYoungGen      total 29696K, used 25600K [0x00000000eab00000, 0x00000000ecc00000, 0x0000000100000000)
  eden space 25600K, 100% used [0x00000000eab00000,0x00000000ec400000,0x00000000ec400000)
  from space 4096K, 0% used [0x00000000ec800000,0x00000000ec800000,0x00000000ecc00000)
  to   space 4096K, 0% used [0x00000000ec400000,0x00000000ec400000,0x00000000ec800000)
 ParOldGen       total 68608K, used 0K [0x00000000c0000000, 0x00000000c4300000, 0x00000000eab00000)
  object space 68608K, 0% used [0x00000000c0000000,0x00000000c0000000,0x00000000c4300000)
 Metaspace       used 10955K, committed 11072K, reserved 1064960K
  class space    used 1087K, committed 1152K, reserved 1048576K
}
Event: 0.698 GC heap after
{Heap after GC invocations=1 (full 0):
 PSYoungGen      total 29696K, used 3704K [0x00000000eab00000, 0x00000000ecc00000, 0x0000000100000000)
  eden space 25600K, 0% used [0x00000000eab00000,0x00000000eab00000,0x00000000ec400000)
  from space 4096K, 90% used [0x00000000ec400000,0x00000000ec79e218,0x00000000ec800000)
  to   space 4096K, 0% used [0x00000000ec800000,0x00000000ec800000,0x00000000ecc00000)
 ParOldGen       total 68608K, used 16K [0x00000000c0000000, 0x00000000c4300000, 0x00000000eab00000)
  object space 68608K, 0% used [0x00000000c0000000,0x00000000c0004000,0x00000000c4300000)
 Metaspace       used 10955K, committed 11072K, reserved 1064960K
  class space    used 1087K, committed 1152K, reserved 1048576K
}
Event: 1.422 GC heap before
{Heap before GC invocations=2 (full 0):
 PSYoungGen      total 29696K, used 29304K [0x00000000eab00000, 0x00000000ecc00000, 0x0000000100000000)
  eden space 25600K, 100% used [0x00000000eab00000,0x00000000ec400000,0x00000000ec400000)
  from space 4096K, 90% used [0x00000000ec400000,0x00000000ec79e218,0x00000000ec800000)
  to   space 4096K, 0% used [0x00000000ec800000,0x00000000ec800000,0x00000000ecc00000)
 ParOldGen       total 68608K, used 16K [0x00000000c0000000, 0x00000000c4300000, 0x00000000eab00000)
  object space 68608K, 0% used [0x00000000c0000000,0x00000000c0004000,0x00000000c4300000)
 Metaspace       used 15186K, committed 15424K, reserved 1064960K
  class space    used 1545K, committed 1664K, reserved 1048576K
}
Event: 1.427 GC heap after
{Heap after GC invocations=2 (full 0):
 PSYoungGen      total 29696K, used 4077K [0x00000000eab00000, 0x00000000ecc00000, 0x0000000100000000)
  eden space 25600K, 0% used [0x00000000eab00000,0x00000000eab00000,0x00000000ec400000)
  from space 4096K, 99% used [0x00000000ec800000,0x00000000ecbfb708,0x00000000ecc00000)
  to   space 4096K, 0% used [0x00000000ec400000,0x00000000ec400000,0x00000000ec800000)
 ParOldGen       total 68608K, used 1305K [0x00000000c0000000, 0x00000000c4300000, 0x00000000eab00000)
  object space 68608K, 1% used [0x00000000c0000000,0x00000000c0146708,0x00000000c4300000)
 Metaspace       used 15186K, committed 15424K, reserved 1064960K
  class space    used 1545K, committed 1664K, reserved 1048576K
}
Event: 2.078 GC heap before
{Heap before GC invocations=3 (full 0):
 PSYoungGen      total 29696K, used 29677K [0x00000000eab00000, 0x00000000ecc00000, 0x0000000100000000)
  eden space 25600K, 100% used [0x00000000eab00000,0x00000000ec400000,0x00000000ec400000)
  from space 4096K, 99% used [0x00000000ec800000,0x00000000ecbfb708,0x00000000ecc00000)
  to   space 4096K, 0% used [0x00000000ec400000,0x00000000ec400000,0x00000000ec800000)
 ParOldGen       total 68608K, used 1305K [0x00000000c0000000, 0x00000000c4300000, 0x00000000eab00000)
  object space 68608K, 1% used [0x00000000c0000000,0x00000000c0146708,0x00000000c4300000)
 Metaspace       used 20217K, committed 20608K, reserved 1073152K
  class space    used 2064K, committed 2240K, reserved 1048576K
}
Event: 2.081 GC heap after
{Heap after GC invocations=3 (full 0):
 PSYoungGen      total 29696K, used 4068K [0x00000000eab00000, 0x00000000ecc00000, 0x0000000100000000)
  eden space 25600K, 0% used [0x00000000eab00000,0x00000000eab00000,0x00000000ec400000)
  from space 4096K, 99% used [0x00000000ec400000,0x00000000ec7f91b8,0x00000000ec800000)
  to   space 4096K, 0% used [0x00000000ec800000,0x00000000ec800000,0x00000000ecc00000)
 ParOldGen       total 68608K, used 2923K [0x00000000c0000000, 0x00000000c4300000, 0x00000000eab00000)
  object space 68608K, 4% used [0x00000000c0000000,0x00000000c02dacd8,0x00000000c4300000)
 Metaspace       used 20217K, committed 20608K, reserved 1073152K
  class space    used 2064K, committed 2240K, reserved 1048576K
}
Event: 2.155 GC heap before
{Heap before GC invocations=4 (full 0):
 PSYoungGen      total 29696K, used 9230K [0x00000000eab00000, 0x00000000ecc00000, 0x0000000100000000)
  eden space 25600K, 20% used [0x00000000eab00000,0x00000000eb00a930,0x00000000ec400000)
  from space 4096K, 99% used [0x00000000ec400000,0x00000000ec7f91b8,0x00000000ec800000)
  to   space 4096K, 0% used [0x00000000ec800000,0x00000000ec800000,0x00000000ecc00000)
 ParOldGen       total 68608K, used 2923K [0x00000000c0000000, 0x00000000c4300000, 0x00000000eab00000)
  object space 68608K, 4% used [0x00000000c0000000,0x00000000c02dacd8,0x00000000c4300000)
 Metaspace       used 21047K, committed 21504K, reserved 1073152K
  class space    used 2152K, committed 2368K, reserved 1048576K
}
Event: 2.163 GC heap after
{Heap after GC invocations=4 (full 0):
 PSYoungGen      total 29696K, used 4091K [0x00000000eab00000, 0x00000000ecc00000, 0x0000000100000000)
  eden space 25600K, 0% used [0x00000000eab00000,0x00000000eab00000,0x00000000ec400000)
  from space 4096K, 99% used [0x00000000ec800000,0x00000000ecbfed78,0x00000000ecc00000)
  to   space 4096K, 0% used [0x00000000ec400000,0x00000000ec400000,0x00000000ec800000)
 ParOldGen       total 68608K, used 3263K [0x00000000c0000000, 0x00000000c4300000, 0x00000000eab00000)
  object space 68608K, 4% used [0x00000000c0000000,0x00000000c032fd08,0x00000000c4300000)
 Metaspace       used 21047K, committed 21504K, reserved 1073152K
  class space    used 2152K, committed 2368K, reserved 1048576K
}
Event: 2.164 GC heap before
{Heap before GC invocations=5 (full 1):
 PSYoungGen      total 29696K, used 4091K [0x00000000eab00000, 0x00000000ecc00000, 0x0000000100000000)
  eden space 25600K, 0% used [0x00000000eab00000,0x00000000eab00000,0x00000000ec400000)
  from space 4096K, 99% used [0x00000000ec800000,0x00000000ecbfed78,0x00000000ecc00000)
  to   space 4096K, 0% used [0x00000000ec400000,0x00000000ec400000,0x00000000ec800000)
 ParOldGen       total 68608K, used 3263K [0x00000000c0000000, 0x00000000c4300000, 0x00000000eab00000)
  object space 68608K, 4% used [0x00000000c0000000,0x00000000c032fd08,0x00000000c4300000)
 Metaspace       used 21047K, committed 21504K, reserved 1073152K
  class space    used 2152K, committed 2368K, reserved 1048576K
}
Event: 2.193 GC heap after
{Heap after GC invocations=5 (full 1):
 PSYoungGen      total 29696K, used 0K [0x00000000eab00000, 0x00000000ecc00000, 0x0000000100000000)
  eden space 25600K, 0% used [0x00000000eab00000,0x00000000eab00000,0x00000000ec400000)
  from space 4096K, 0% used [0x00000000ec800000,0x00000000ec800000,0x00000000ecc00000)
  to   space 4096K, 0% used [0x00000000ec400000,0x00000000ec400000,0x00000000ec800000)
 ParOldGen       total 68608K, used 7179K [0x00000000c0000000, 0x00000000c4300000, 0x00000000eab00000)
  object space 68608K, 10% used [0x00000000c0000000,0x00000000c0702e20,0x00000000c4300000)
 Metaspace       used 21034K, committed 21504K, reserved 1073152K
  class space    used 2149K, committed 2368K, reserved 1048576K
}
Event: 2.423 GC heap before
{Heap before GC invocations=6 (full 1):
 PSYoungGen      total 29696K, used 25600K [0x00000000eab00000, 0x00000000ecc00000, 0x0000000100000000)
  eden space 25600K, 100% used [0x00000000eab00000,0x00000000ec400000,0x00000000ec400000)
  from space 4096K, 0% used [0x00000000ec800000,0x00000000ec800000,0x00000000ecc00000)
  to   space 4096K, 0% used [0x00000000ec400000,0x00000000ec400000,0x00000000ec800000)
 ParOldGen       total 68608K, used 7179K [0x00000000c0000000, 0x00000000c4300000, 0x00000000eab00000)
  object space 68608K, 10% used [0x00000000c0000000,0x00000000c0702e20,0x00000000c4300000)
 Metaspace       used 24549K, committed 25024K, reserved 1073152K
  class space    used 2400K, committed 2624K, reserved 1048576K
}
Event: 2.424 GC heap after
{Heap after GC invocations=6 (full 1):
 PSYoungGen      total 25600K, used 385K [0x00000000eab00000, 0x00000000ec880000, 0x0000000100000000)
  eden space 25088K, 0% used [0x00000000eab00000,0x00000000eab00000,0x00000000ec380000)
  from space 512K, 75% used [0x00000000ec400000,0x00000000ec460438,0x00000000ec480000)
  to   space 2048K, 0% used [0x00000000ec680000,0x00000000ec680000,0x00000000ec880000)
 ParOldGen       total 68608K, used 7187K [0x00000000c0000000, 0x00000000c4300000, 0x00000000eab00000)
  object space 68608K, 10% used [0x00000000c0000000,0x00000000c0704e20,0x00000000c4300000)
 Metaspace       used 24549K, committed 25024K, reserved 1073152K
  class space    used 2400K, committed 2624K, reserved 1048576K
}

Dll operation events (9 events):
Event: 0.008 Loaded shared library c:\Users\sethu\.vscode\extensions\redhat.java-1.14.0-win32-x64\jre\17.0.5-win32-x86_64\bin\java.dll
Event: 0.114 Loaded shared library c:\Users\sethu\.vscode\extensions\redhat.java-1.14.0-win32-x64\jre\17.0.5-win32-x86_64\bin\zip.dll
Event: 0.116 Loaded shared library C:\Users\sethu\.vscode\extensions\redhat.java-1.14.0-win32-x64\jre\17.0.5-win32-x86_64\bin\instrument.dll
Event: 0.126 Loaded shared library C:\Users\sethu\.vscode\extensions\redhat.java-1.14.0-win32-x64\jre\17.0.5-win32-x86_64\bin\net.dll
Event: 0.128 Loaded shared library C:\Users\sethu\.vscode\extensions\redhat.java-1.14.0-win32-x64\jre\17.0.5-win32-x86_64\bin\nio.dll
Event: 0.133 Loaded shared library C:\Users\sethu\.vscode\extensions\redhat.java-1.14.0-win32-x64\jre\17.0.5-win32-x86_64\bin\zip.dll
Event: 0.143 Loaded shared library C:\Users\sethu\.vscode\extensions\redhat.java-1.14.0-win32-x64\jre\17.0.5-win32-x86_64\bin\jimage.dll
Event: 0.176 Loaded shared library c:\Users\sethu\.vscode\extensions\redhat.java-1.14.0-win32-x64\jre\17.0.5-win32-x86_64\bin\verify.dll
Event: 1.215 Loaded shared library C:\Users\sethu\AppData\Roaming\Code\User\globalStorage\redhat.java\1.14.0\config_ss_win\org.eclipse.equinox.launcher\org.eclipse.equinox.launcher.win32.win32.x86_64_1.2.700.v20221108-1024\eclipse_11801.dll

Deoptimization events (20 events):
Event: 2.004 Thread 0x000001bc2f8de250 Uncommon trap: trap_request=0xffffffc6 fr.pc=0x000001bc225baf74 relative=0x0000000000002234
Event: 2.004 Thread 0x000001bc2f8de250 Uncommon trap: reason=bimorphic_or_optimized_type_check action=maybe_recompile pc=0x000001bc225baf74 method=java.io.DataInputStream.readUnsignedShort()I @ 4 c2
Event: 2.004 Thread 0x000001bc2f8de250 DEOPT PACKING pc=0x000001bc225baf74 sp=0x0000006006af91d0
Event: 2.004 Thread 0x000001bc2f8de250 DEOPT UNPACKING pc=0x000001bc1aa820a3 sp=0x0000006006af9148 mode 2
Event: 2.028 Thread 0x000001bc2f8de250 Uncommon trap: trap_request=0xffffff45 fr.pc=0x000001bc225cf800 relative=0x0000000000000a00
Event: 2.028 Thread 0x000001bc2f8de250 Uncommon trap: reason=unstable_if action=reinterpret pc=0x000001bc225cf800 method=java.io.DataInputStream.readUnsignedShort()I @ 19 c2
Event: 2.028 Thread 0x000001bc2f8de250 DEOPT PACKING pc=0x000001bc225cf800 sp=0x0000006006af9580
Event: 2.028 Thread 0x000001bc2f8de250 DEOPT UNPACKING pc=0x000001bc1aa820a3 sp=0x0000006006af94b8 mode 2
Event: 2.068 Thread 0x000001bc2f8de250 Uncommon trap: trap_request=0xffffff45 fr.pc=0x000001bc22591540 relative=0x0000000000000040
Event: 2.068 Thread 0x000001bc2f8de250 Uncommon trap: reason=unstable_if action=reinterpret pc=0x000001bc22591540 method=sun.nio.fs.WindowsPathParser.isSlash(C)Z @ 9 c2
Event: 2.068 Thread 0x000001bc2f8de250 DEOPT PACKING pc=0x000001bc22591540 sp=0x0000006006af9060
Event: 2.068 Thread 0x000001bc2f8de250 DEOPT UNPACKING pc=0x000001bc1aa820a3 sp=0x0000006006af8fe8 mode 2
Event: 2.084 Thread 0x000001bc2f8de250 Uncommon trap: trap_request=0xffffff45 fr.pc=0x000001bc225731cc relative=0x00000000000001ac
Event: 2.084 Thread 0x000001bc2f8de250 Uncommon trap: reason=unstable_if action=reinterpret pc=0x000001bc225731cc method=java.net.URI$Parser.scan(IIJJ)I @ 42 c2
Event: 2.084 Thread 0x000001bc2f8de250 DEOPT PACKING pc=0x000001bc225731cc sp=0x0000006006af8b80
Event: 2.084 Thread 0x000001bc2f8de250 DEOPT UNPACKING pc=0x000001bc1aa820a3 sp=0x0000006006af8b00 mode 2
Event: 2.559 Thread 0x000001bc2f8de250 Uncommon trap: trap_request=0xffffff45 fr.pc=0x000001bc225cb48c relative=0x0000000000000f4c
Event: 2.559 Thread 0x000001bc2f8de250 Uncommon trap: reason=unstable_if action=reinterpret pc=0x000001bc225cb48c method=java.util.Properties.loadConvert([CIILjava/lang/StringBuilder;)Ljava/lang/String; @ 463 c2
Event: 2.559 Thread 0x000001bc2f8de250 DEOPT PACKING pc=0x000001bc225cb48c sp=0x0000006006af7db0
Event: 2.559 Thread 0x000001bc2f8de250 DEOPT UNPACKING pc=0x000001bc1aa820a3 sp=0x0000006006af7da0 mode 2

Classes unloaded (7 events):
Event: 2.169 Thread 0x000001bc2bacb890 Unloading class 0x0000000100212400 'java/lang/invoke/LambdaForm$MH+0x0000000100212400'
Event: 2.169 Thread 0x000001bc2bacb890 Unloading class 0x0000000100212000 'java/lang/invoke/LambdaForm$MH+0x0000000100212000'
Event: 2.169 Thread 0x000001bc2bacb890 Unloading class 0x0000000100211c00 'java/lang/invoke/LambdaForm$MH+0x0000000100211c00'
Event: 2.169 Thread 0x000001bc2bacb890 Unloading class 0x0000000100211800 'java/lang/invoke/LambdaForm$MH+0x0000000100211800'
Event: 2.169 Thread 0x000001bc2bacb890 Unloading class 0x0000000100211000 'java/lang/invoke/LambdaForm$BMH+0x0000000100211000'
Event: 2.169 Thread 0x000001bc2bacb890 Unloading class 0x0000000100210c00 'java/lang/invoke/LambdaForm$DMH+0x0000000100210c00'
Event: 2.169 Thread 0x000001bc2bacb890 Unloading class 0x000000010020e000 'java/lang/invoke/LambdaForm$DMH+0x000000010020e000'

Classes redefined (0 events):
No events

Internal exceptions (20 events):
Event: 1.887 Thread 0x000001bc2f8de250 Exception <a 'java/lang/NoSuchMethodError'{0x00000000ebcfb200}: 'void java.lang.invoke.DelegatingMethodHandle$Holder.delegate(java.lang.Object, java.lang.Object, int, java.lang.Object)'> (0x00000000ebcfb200) 
thrown [s\src\hotspot\share\interpreter\linkResolver.cpp, line 759]
Event: 1.887 Thread 0x000001bc2f8de250 Exception <a 'java/lang/NoSuchMethodError'{0x00000000ebcff5e8}: 'int java.lang.invoke.DirectMethodHandle$Holder.invokeSpecial(java.lang.Object, java.lang.Object, java.lang.Object)'> (0x00000000ebcff5e8) 
thrown [s\src\hotspot\share\interpreter\linkResolver.cpp, line 759]
Event: 1.889 Thread 0x000001bc2f8de250 Exception <a 'java/lang/NoSuchMethodError'{0x00000000ebd10e70}: 'int java.lang.invoke.DirectMethodHandle$Holder.invokeStatic(java.lang.Object, java.lang.Object, int)'> (0x00000000ebd10e70) 
thrown [s\src\hotspot\share\interpreter\linkResolver.cpp, line 759]
Event: 1.889 Thread 0x000001bc2f8de250 Exception <a 'java/lang/NoSuchMethodError'{0x00000000ebd14e98}: 'int java.lang.invoke.DirectMethodHandle$Holder.invokeSpecial(java.lang.Object, java.lang.Object, java.lang.Object, int)'> (0x00000000ebd14e98) 
thrown [s\src\hotspot\share\interpreter\linkResolver.cpp, line 759]
Event: 1.891 Thread 0x000001bc2f8de250 Exception <a 'java/lang/NoSuchMethodError'{0x00000000ebd30938}: 'java.lang.Object java.lang.invoke.DirectMethodHandle$Holder.invokeStatic(java.lang.Object, java.lang.Object, java.lang.Object, java.lang.Object, int)'> (0x00000000ebd30938) 
thrown [s\src\hotspot\share\interpreter\linkResolver.cpp, line 759]
Event: 1.893 Thread 0x000001bc2f8de250 Exception <a 'java/lang/NoSuchMethodError'{0x00000000ebd3cf88}: 'java.lang.Object java.lang.invoke.DelegatingMethodHandle$Holder.reinvoke_L(java.lang.Object, java.lang.Object, java.lang.Object, java.lang.Object, int, int)'> (0x00000000ebd3cf88) 
thrown [s\src\hotspot\share\interpreter\linkResolver.cpp, line 759]
Event: 1.895 Thread 0x000001bc2f8de250 Exception <a 'java/lang/NoSuchMethodError'{0x00000000ebd54870}: 'java.lang.Object java.lang.invoke.Invokers$Holder.invokeExact_MT(java.lang.Object, java.lang.Object, java.lang.Object, java.lang.Object)'> (0x00000000ebd54870) 
thrown [s\src\hotspot\share\interpreter\linkResolver.cpp, line 759]
Event: 2.008 Thread 0x000001bc2f8de250 Exception <a 'java/lang/NoSuchMethodError'{0x00000000ec1adff0}: 'java.lang.Object java.lang.invoke.DirectMethodHandle$Holder.newInvokeSpecial(java.lang.Object, java.lang.Object, java.lang.Object, java.lang.Object, java.lang.Object)'> (0x00000000ec1adff0) 
thrown [s\src\hotspot\share\interpreter\linkResolver.cpp, line 759]
Event: 2.107 Thread 0x000001bc2f8de250 Exception <a 'java/lang/NoSuchMethodError'{0x00000000eac21d20}: 'java.lang.Object java.lang.invoke.DirectMethodHandle$Holder.invokeSpecial(java.lang.Object, java.lang.Object, java.lang.Object, long, java.lang.Object)'> (0x00000000eac21d20) 
thrown [s\src\hotspot\share\interpreter\linkResolver.cpp, line 759]
Event: 2.108 Thread 0x000001bc2f8de250 Exception <a 'java/lang/NoSuchMethodError'{0x00000000eac29ed8}: 'java.lang.Object java.lang.invoke.DirectMethodHandle$Holder.newInvokeSpecial(java.lang.Object, java.lang.Object, java.lang.Object, long)'> (0x00000000eac29ed8) 
thrown [s\src\hotspot\share\interpreter\linkResolver.cpp, line 759]
Event: 2.108 Thread 0x000001bc2f8de250 Exception <a 'java/lang/NoSuchMethodError'{0x00000000eac2e478}: 'java.lang.Object java.lang.invoke.DirectMethodHandle$Holder.invokeSpecial(java.lang.Object, java.lang.Object, java.lang.Object, java.lang.Object, long)'> (0x00000000eac2e478) 
thrown [s\src\hotspot\share\interpreter\linkResolver.cpp, line 759]
Event: 2.115 Thread 0x000001bc2f8de250 Exception <a 'java/lang/NoSuchMethodError'{0x00000000eacc9ff0}: 'int java.lang.invoke.DirectMethodHandle$Holder.invokeStaticInit(java.lang.Object, java.lang.Object, java.lang.Object)'> (0x00000000eacc9ff0) 
thrown [s\src\hotspot\share\interpreter\linkResolver.cpp, line 759]
Event: 2.121 Thread 0x000001bc2f8de250 Exception <a 'java/lang/IncompatibleClassChangeError'{0x00000000ead51698}: Found class java.lang.Object, but interface was expected> (0x00000000ead51698) 
thrown [s\src\hotspot\share\interpreter\linkResolver.cpp, line 826]
Event: 2.126 Thread 0x000001bc2f8de250 Exception <a 'java/lang/NoSuchMethodError'{0x00000000ead64210}: 'java.lang.Object java.lang.invoke.DirectMethodHandle$Holder.invokeSpecial(java.lang.Object, java.lang.Object, java.lang.Object, int, java.lang.Object, java.lang.Object)'> (0x00000000ead64210) 
thrown [s\src\hotspot\share\interpreter\linkResolver.cpp, line 759]
Event: 2.127 Thread 0x000001bc2f8de250 Exception <a 'java/lang/NoSuchMethodError'{0x00000000ead6c998}: 'java.lang.Object java.lang.invoke.DirectMethodHandle$Holder.newInvokeSpecial(java.lang.Object, java.lang.Object, java.lang.Object, int, java.lang.Object)'> (0x00000000ead6c998) 
thrown [s\src\hotspot\share\interpreter\linkResolver.cpp, line 759]
Event: 2.127 Thread 0x000001bc2f8de250 Exception <a 'java/lang/NoSuchMethodError'{0x00000000ead70df0}: 'java.lang.Object java.lang.invoke.DirectMethodHandle$Holder.invokeSpecial(java.lang.Object, java.lang.Object, java.lang.Object, java.lang.Object, int, java.lang.Object)'> (0x00000000ead70df0) 
thrown [s\src\hotspot\share\interpreter\linkResolver.cpp, line 759]
Event: 2.128 Thread 0x000001bc2fb9aed0 Exception <a 'java/lang/NoSuchMethodError'{0x00000000eacd45f0}: 'java.lang.Object java.lang.invoke.DirectMethodHandle$Holder.invokeSpecial(java.lang.Object, java.lang.Object, int, java.lang.Object, java.lang.Object)'> (0x00000000eacd45f0) 
thrown [s\src\hotspot\share\interpreter\linkResolver.cpp, line 759]
Event: 2.129 Thread 0x000001bc2fb9aed0 Exception <a 'java/lang/NoSuchMethodError'{0x00000000eacdbcc0}: 'java.lang.Object java.lang.invoke.DirectMethodHandle$Holder.newInvokeSpecial(java.lang.Object, java.lang.Object, int, java.lang.Object)'> (0x00000000eacdbcc0) 
thrown [s\src\hotspot\share\interpreter\linkResolver.cpp, line 759]
Event: 2.129 Thread 0x000001bc2fb9aed0 Exception <a 'java/lang/NoSuchMethodError'{0x00000000eacdf7d0}: 'java.lang.Object java.lang.invoke.DirectMethodHandle$Holder.invokeSpecial(java.lang.Object, java.lang.Object, java.lang.Object, int, java.lang.Object)'> (0x00000000eacdf7d0) 
thrown [s\src\hotspot\share\interpreter\linkResolver.cpp, line 759]
Event: 2.145 Thread 0x000001bc2fb9aed0 Exception <a 'java/io/FileNotFoundException'{0x00000000eaef4a58}> (0x00000000eaef4a58) 
thrown [s\src\hotspot\share\prims\jni.cpp, line 516]

VM Operations (20 events):
Event: 1.334 Executing VM operation: HandshakeAllThreads
Event: 1.334 Executing VM operation: HandshakeAllThreads done
Event: 1.422 Executing VM operation: ParallelGCFailedAllocation
Event: 1.427 Executing VM operation: ParallelGCFailedAllocation done
Event: 1.726 Executing VM operation: HandshakeAllThreads
Event: 1.727 Executing VM operation: HandshakeAllThreads done
Event: 1.747 Executing VM operation: HandshakeAllThreads
Event: 1.747 Executing VM operation: HandshakeAllThreads done
Event: 1.749 Executing VM operation: HandshakeAllThreads
Event: 1.749 Executing VM operation: HandshakeAllThreads done
Event: 1.885 Executing VM operation: HandshakeAllThreads
Event: 1.885 Executing VM operation: HandshakeAllThreads done
Event: 2.078 Executing VM operation: ParallelGCFailedAllocation
Event: 2.081 Executing VM operation: ParallelGCFailedAllocation done
Event: 2.137 Executing VM operation: HandshakeAllThreads
Event: 2.137 Executing VM operation: HandshakeAllThreads done
Event: 2.155 Executing VM operation: CollectForMetadataAllocation
Event: 2.193 Executing VM operation: CollectForMetadataAllocation done
Event: 2.423 Executing VM operation: ParallelGCFailedAllocation
Event: 2.424 Executing VM operation: ParallelGCFailedAllocation done

Events (20 events):
Event: 2.579 loading class com/sun/org/apache/xerces/internal/dom/DocumentImpl done
Event: 2.579 loading class com/sun/org/apache/xerces/internal/dom/DeferredDocumentImpl done
Event: 2.579 loading class com/sun/org/apache/xerces/internal/dom/DocumentTypeImpl
Event: 2.579 loading class org/w3c/dom/DocumentType
Event: 2.579 loading class org/w3c/dom/DocumentType done
Event: 2.579 loading class com/sun/org/apache/xerces/internal/dom/DocumentTypeImpl done
Event: 2.579 loading class com/sun/org/apache/xerces/internal/dom/ElementImpl
Event: 2.580 loading class org/w3c/dom/Element
Event: 2.580 loading class org/w3c/dom/Element done
Event: 2.580 loading class org/w3c/dom/ElementTraversal
Event: 2.580 loading class org/w3c/dom/ElementTraversal done
Event: 2.580 loading class org/w3c/dom/TypeInfo
Event: 2.580 loading class org/w3c/dom/TypeInfo done
Event: 2.580 loading class com/sun/org/apache/xerces/internal/dom/ElementImpl done
Event: 2.580 loading class com/sun/org/apache/xerces/internal/dom/NodeListCache
Event: 2.580 loading class com/sun/org/apache/xerces/internal/dom/NodeListCache done
Event: 2.580 loading class com/sun/org/apache/xerces/internal/dom/DeferredDocumentImpl$RefCount
Event: 2.580 loading class com/sun/org/apache/xerces/internal/dom/DeferredDocumentImpl$RefCount done
Event: 2.580 loading class com/sun/org/apache/xerces/internal/dom/DeferredElementImpl
Event: 2.581 loading class com/sun/org/apache/xerces/internal/dom/DeferredElementImpl done


Dynamic libraries:
0x00007ff72bff0000 - 0x00007ff72bffe000 	c:\Users\sethu\.vscode\extensions\redhat.java-1.14.0-win32-x64\jre\17.0.5-win32-x86_64\bin\java.exe
0x00007ffae30a0000 - 0x00007ffae32a9000 	C:\WINDOWS\SYSTEM32\ntdll.dll
0x00007ffae1cd0000 - 0x00007ffae1d8e000 	C:\WINDOWS\System32\KERNEL32.DLL
0x00007ffae08b0000 - 0x00007ffae0c2b000 	C:\WINDOWS\System32\KERNELBASE.dll
0x00007ffae0da0000 - 0x00007ffae0eb1000 	C:\WINDOWS\System32\ucrtbase.dll
0x00007ffada1b0000 - 0x00007ffada1c9000 	c:\Users\sethu\.vscode\extensions\redhat.java-1.14.0-win32-x64\jre\17.0.5-win32-x86_64\bin\VCRUNTIME140.dll
0x00007ffadb9a0000 - 0x00007ffadb9b7000 	c:\Users\sethu\.vscode\extensions\redhat.java-1.14.0-win32-x64\jre\17.0.5-win32-x86_64\bin\jli.dll
0x00007ffae0f70000 - 0x00007ffae111d000 	C:\WINDOWS\System32\USER32.dll
0x00007ffacce80000 - 0x00007ffacd125000 	C:\WINDOWS\WinSxS\amd64_microsoft.windows.common-controls_6595b64144ccf1df_6.0.22000.120_none_9d947278b86cc467\COMCTL32.dll
0x00007ffae2300000 - 0x00007ffae23a3000 	C:\WINDOWS\System32\msvcrt.dll
0x00007ffae0ec0000 - 0x00007ffae0ee6000 	C:\WINDOWS\System32\win32u.dll
0x00007ffae2a70000 - 0x00007ffae2a99000 	C:\WINDOWS\System32\GDI32.dll
0x00007ffae0600000 - 0x00007ffae0718000 	C:\WINDOWS\System32\gdi32full.dll
0x00007ffae0810000 - 0x00007ffae08ad000 	C:\WINDOWS\System32\msvcp_win.dll
0x00007ffae2fe0000 - 0x00007ffae3012000 	C:\WINDOWS\System32\IMM32.DLL
0x00007ffadb990000 - 0x00007ffadb99c000 	c:\Users\sethu\.vscode\extensions\redhat.java-1.14.0-win32-x64\jre\17.0.5-win32-x86_64\bin\vcruntime140_1.dll
0x00007ffaac680000 - 0x00007ffaac711000 	c:\Users\sethu\.vscode\extensions\redhat.java-1.14.0-win32-x64\jre\17.0.5-win32-x86_64\bin\msvcp140.dll
0x00007ffaaba30000 - 0x00007ffaac674000 	c:\Users\sethu\.vscode\extensions\redhat.java-1.14.0-win32-x64\jre\17.0.5-win32-x86_64\bin\server\jvm.dll
0x00007ffae20d0000 - 0x00007ffae217e000 	C:\WINDOWS\System32\ADVAPI32.dll
0x00007ffae11a0000 - 0x00007ffae123e000 	C:\WINDOWS\System32\sechost.dll
0x00007ffae1fb0000 - 0x00007ffae20d0000 	C:\WINDOWS\System32\RPCRT4.dll
0x00007ffac5c60000 - 0x00007ffac5c69000 	C:\WINDOWS\SYSTEM32\WSOCK32.dll
0x00007ffad7460000 - 0x00007ffad746a000 	C:\WINDOWS\SYSTEM32\VERSION.dll
0x00007ffad9fe0000 - 0x00007ffada013000 	C:\WINDOWS\SYSTEM32\WINMM.dll
0x00007ffae1f40000 - 0x00007ffae1faf000 	C:\WINDOWS\System32\WS2_32.dll
0x00007ffadf6b0000 - 0x00007ffadf6c8000 	C:\WINDOWS\SYSTEM32\kernel.appcore.dll
0x00007ffada880000 - 0x00007ffada88a000 	c:\Users\sethu\.vscode\extensions\redhat.java-1.14.0-win32-x64\jre\17.0.5-win32-x86_64\bin\jimage.dll
0x00007ffaddea0000 - 0x00007ffade0c1000 	C:\WINDOWS\SYSTEM32\DBGHELP.DLL
0x00007ffacc300000 - 0x00007ffacc331000 	C:\WINDOWS\SYSTEM32\dbgcore.DLL
0x00007ffae0720000 - 0x00007ffae079f000 	C:\WINDOWS\System32\bcryptPrimitives.dll
0x00007ffada1a0000 - 0x00007ffada1ae000 	c:\Users\sethu\.vscode\extensions\redhat.java-1.14.0-win32-x64\jre\17.0.5-win32-x86_64\bin\instrument.dll
0x00007ffada130000 - 0x00007ffada155000 	c:\Users\sethu\.vscode\extensions\redhat.java-1.14.0-win32-x64\jre\17.0.5-win32-x86_64\bin\java.dll
0x00007ffada180000 - 0x00007ffada198000 	c:\Users\sethu\.vscode\extensions\redhat.java-1.14.0-win32-x64\jre\17.0.5-win32-x86_64\bin\zip.dll
0x00007ffae1240000 - 0x00007ffae19f7000 	C:\WINDOWS\System32\SHELL32.dll
0x00007ffade610000 - 0x00007ffadee75000 	C:\WINDOWS\SYSTEM32\windows.storage.dll
0x00007ffae2ac0000 - 0x00007ffae2e38000 	C:\WINDOWS\System32\combase.dll
0x00007ffade4a0000 - 0x00007ffade606000 	C:\WINDOWS\SYSTEM32\wintypes.dll
0x00007ffae1d90000 - 0x00007ffae1e7a000 	C:\WINDOWS\System32\SHCORE.dll
0x00007ffae1b80000 - 0x00007ffae1bdd000 	C:\WINDOWS\System32\shlwapi.dll
0x00007ffae0470000 - 0x00007ffae0491000 	C:\WINDOWS\SYSTEM32\profapi.dll
0x00007ffad87f0000 - 0x00007ffad8809000 	C:\Users\sethu\.vscode\extensions\redhat.java-1.14.0-win32-x64\jre\17.0.5-win32-x86_64\bin\net.dll
0x00007ffadaa80000 - 0x00007ffadab94000 	C:\WINDOWS\SYSTEM32\WINHTTP.dll
0x00007ffadfb50000 - 0x00007ffadfbb7000 	C:\WINDOWS\system32\mswsock.dll
0x00007ffad87d0000 - 0x00007ffad87e5000 	C:\Users\sethu\.vscode\extensions\redhat.java-1.14.0-win32-x64\jre\17.0.5-win32-x86_64\bin\nio.dll
0x00007ffad2030000 - 0x00007ffad2040000 	c:\Users\sethu\.vscode\extensions\redhat.java-1.14.0-win32-x64\jre\17.0.5-win32-x86_64\bin\verify.dll
0x00007ffad1a20000 - 0x00007ffad1a5e000 	C:\Users\sethu\AppData\Roaming\Code\User\globalStorage\redhat.java\1.14.0\config_ss_win\org.eclipse.equinox.launcher\org.eclipse.equinox.launcher.win32.win32.x86_64_1.2.700.v20221108-1024\eclipse_11801.dll
0x00007ffae2e40000 - 0x00007ffae2fda000 	C:\WINDOWS\System32\ole32.dll

dbghelp: loaded successfully - version: 4.0.5 - missing functions: none
symbol engine: initialized successfully - sym options: 0x614 - pdb path: .;c:\Users\sethu\.vscode\extensions\redhat.java-1.14.0-win32-x64\jre\17.0.5-win32-x86_64\bin;C:\WINDOWS\SYSTEM32;C:\WINDOWS\WinSxS\amd64_microsoft.windows.common-controls_6595b64144ccf1df_6.0.22000.120_none_9d947278b86cc467;c:\Users\sethu\.vscode\extensions\redhat.java-1.14.0-win32-x64\jre\17.0.5-win32-x86_64\bin\server;C:\Users\sethu\AppData\Roaming\Code\User\globalStorage\redhat.java\1.14.0\config_ss_win\org.eclipse.equinox.launcher\org.eclipse.equinox.launcher.win32.win32.x86_64_1.2.700.v20221108-1024

VM Arguments:
jvm_args: --add-modules=ALL-SYSTEM --add-opens=java.base/java.util=ALL-UNNAMED --add-opens=java.base/java.lang=ALL-UNNAMED --add-opens=java.base/sun.nio.fs=ALL-UNNAMED -Declipse.application=org.eclipse.jdt.ls.core.id1 -Dosgi.bundles.defaultStartLevel=4 -Declipse.product=org.eclipse.jdt.ls.core.product -Djava.import.generatesMetadataFilesAtProjectRoot=false -Dfile.encoding=utf8 -XX:+UseParallelGC -XX:GCTimeRatio=4 -XX:AdaptiveSizePolicyWeight=90 -Dsun.zip.disableMemoryMapping=true -Xmx1G -Xms100m -Xlog:disable -javaagent:c:\Users\sethu\.vscode\extensions\redhat.java-1.14.0-win32-x64\lombok\lombok-1.18.24.jar 
java_command: c:\Users\sethu\.vscode\extensions\redhat.java-1.14.0-win32-x64\server\plugins\org.eclipse.equinox.launcher_1.6.400.v20210924-0641.jar -configuration c:\Users\sethu\AppData\Roaming\Code\User\globalStorage\redhat.java\1.14.0\config_ss_win -data c:\Users\sethu\AppData\Roaming\Code\User\workspaceStorage\04825ca620fa067f5a8a09fabb58348a\redhat.java\ss_ws
java_class_path (initial): c:\Users\sethu\.vscode\extensions\redhat.java-1.14.0-win32-x64\server\plugins\org.eclipse.equinox.launcher_1.6.400.v20210924-0641.jar
Launcher Type: SUN_STANDARD

[Global flags]
    uintx AdaptiveSizePolicyWeight                 = 90                                        {product} {command line}
     intx CICompilerCount                          = 4                                         {product} {ergonomic}
    uintx GCTimeRatio                              = 4                                         {product} {command line}
   size_t InitialHeapSize                          = 104857600                                 {product} {command line}
   size_t MaxHeapSize                              = 1073741824                                {product} {command line}
   size_t MaxNewSize                               = 357564416                                 {product} {ergonomic}
   size_t MinHeapDeltaBytes                        = 524288                                    {product} {ergonomic}
   size_t MinHeapSize                              = 104857600                                 {product} {command line}
   size_t NewSize                                  = 34603008                                  {product} {ergonomic}
    uintx NonNMethodCodeHeapSize                   = 5839372                                {pd product} {ergonomic}
    uintx NonProfiledCodeHeapSize                  = 122909434                              {pd product} {ergonomic}
   size_t OldSize                                  = 70254592                                  {product} {ergonomic}
    uintx ProfiledCodeHeapSize                     = 122909434                              {pd product} {ergonomic}
    uintx ReservedCodeCacheSize                    = 251658240                              {pd product} {ergonomic}
     bool SegmentedCodeCache                       = true                                      {product} {ergonomic}
   size_t SoftMaxHeapSize                          = 1073741824                             {manageable} {ergonomic}
     bool UseCompressedClassPointers               = true                           {product lp64_product} {ergonomic}
     bool UseCompressedOops                        = true                           {product lp64_product} {ergonomic}
     bool UseLargePagesIndividualAllocation        = false                                  {pd product} {ergonomic}
     bool UseParallelGC                            = true                                      {product} {command line}

Logging:
Log output configuration:
 #0: stdout all=off uptime,level,tags
 #1: stderr all=off uptime,level,tags

Environment Variables:
JAVA_HOME=C:\Program Files\Java\jdk1.8.0_281
CLASSPATH=C:\Users\sethu\OneDrive\Desktop\servlet\apache-tomcat-10.0.21\lib\servlet-api.jar
PATH=C:\app\sethu\product\21c\dbhomeXE\bin;C:\Program Files\AdoptOpenJDK\jdk-14.0.2.12-hotspot\bin;C:\WINDOWS\system32;C:\WINDOWS;C:\WINDOWS\System32\Wbem;C:\WINDOWS\System32\WindowsPowerShell\v1.0\;C:\WINDOWS\System32\OpenSSH\;C:\Program Files\Git\cmd;C:\MinGW\bin;C:\Program Files\Docker\Docker\resources\bin;C:\ProgramData\DockerDesktop\version-bin;C:\Program Files\Java\jdk1.8.0_281\bin;C:\Program Files\nodejs\;C:\Program Files\Go\bin;C:\Program Files (x86)\dotnet\;C:\Ruby31-x64\bin;C:\Users\sethu\AppData\Local\Programs\Python\Python311\Scripts\;C:\Users\sethu\AppData\Local\Programs\Python\Python311\;C:\Users\sethu\AppData\Local\Microsoft\WindowsApps;C:\Users\sethu\AppData\Local\Programs\Microsoft VS Code\bin;C:\Program Files\JetBrains\PyCharm Community Edition 2022.1.2\bin;;C:\Program Files\heroku\bin;C:\Users\sethu\OneDrive\Desktop\Web-Dev\heroku\bin;C:\Users\sethu\AppData\Roaming\npm;C:\Users\sethu\go\bin;C:\Program Files\JetBrains\GoLand 2022.1.3\bin;;C:\Program Files\JetBrains\RubyMine 2022.1.3\bin;;C:\Program Files\JetBrains\IntelliJ IDEA 2022.1.3\bin;;C:\Program Files (x86)\Nmap;C:\sqlite3;
USERNAME=sethu
OS=Windows_NT
PROCESSOR_IDENTIFIER=AMD64 Family 23 Model 96 Stepping 1, AuthenticAMD
TMP=C:\Users\sethu\AppData\Local\Temp
TEMP=C:\Users\sethu\AppData\Local\Temp



---------------  S Y S T E M  ---------------

OS:
 Windows 11 , 64 bit Build 22000 (10.0.22000.1335)
OS uptime: 0 days 0:06 hours
Hyper-V role detected

CPU: total 8 (initial active 8) (8 cores per cpu, 1 threads per core) family 23 model 96 stepping 1 microcode 0x0, cx8, cmov, fxsr, mmx, 3dnowpref, sse, sse2, sse3, ssse3, sse4a, sse4.1, sse4.2, popcnt, lzcnt, tsc, tscinvbit, avx, avx2, aes, clmul, bmi1, bmi2, adx, sha, fma, vzeroupper, clflush, clflushopt, hv

Memory: 4k page, system-wide physical 7600M (1494M free)
TotalPageFile size 7600M (AvailPageFile size 4M)
current process WorkingSet (physical memory assigned to process): 124M, peak: 124M
current process commit charge ("private bytes"): 231M, peak: 231M

vm_info: OpenJDK 64-Bit Server VM (17.0.5+8) for windows-amd64 JRE (17.0.5+8), built on Oct 19 2022 04:48:13 by "temurin" with MS VC++ 16.7 (VS2019)

END.
